  GEN      src/otf2_print_usage.h
  GEN      src/otf2_config_usage.h
  GEN      src/otf2_snapshots_usage.h
  GEN      src/otf2_estimator_usage.h
  GEN      src/otf2_marker_usage.h
'import site' failed; use -v for traceback
Traceback (most recent call last):
  File "sig.py", line 2, in <module>
    import os
ImportError: No module named os
include/otf2/OTF2_GeneralDefinitions.h: warning: target modified since last creation
include/otf2/OTF2_GeneralDefinitions.h: note: please modify only the source file: templates/OTF2_GeneralDefinitions.tmpl.h
'import site' failed; use -v for traceback
Traceback (most recent call last):
  File "sig.py", line 2, in <module>
    import os
ImportError: No module named os
include/otf2/OTF2_Definitions.h: warning: target modified since last creation
include/otf2/OTF2_Definitions.h: note: please modify only the source file: templates/OTF2_Definitions.tmpl.h
'import site' failed; use -v for traceback
Traceback (most recent call last):
  File "sig.py", line 2, in <module>
    import os
ImportError: No module named os
src/otf2_file_types.h: warning: target modified since last creation
src/otf2_file_types.h: note: please modify only the source file: templates/otf2_file_types.tmpl.h
'import site' failed; use -v for traceback
Traceback (most recent call last):
  File "sig.py", line 2, in <module>
    import os
ImportError: No module named os
include/otf2/OTF2_Events.h: warning: target modified since last creation
include/otf2/OTF2_Events.h: note: please modify only the source file: templates/OTF2_Events.tmpl.h
'import site' failed; use -v for traceback
Traceback (most recent call last):
  File "sig.py", line 2, in <module>
    import os
ImportError: No module named os
src/otf2_events_int.h: warning: target modified since last creation
src/otf2_events_int.h: note: please modify only the source file: templates/otf2_events_int.tmpl.h
'import site' failed; use -v for traceback
Traceback (most recent call last):
  File "sig.py", line 2, in <module>
    import os
ImportError: No module named os
include/otf2/OTF2_EvtReaderCallbacks.h: warning: target modified since last creation
include/otf2/OTF2_EvtReaderCallbacks.h: note: please modify only the source file: templates/OTF2_EvtReaderCallbacks.tmpl.h
'import site' failed; use -v for traceback
Traceback (most recent call last):
  File "sig.py", line 2, in <module>
    import os
ImportError: No module named os
src/OTF2_EvtReader_inc.c: warning: target modified since last creation
src/OTF2_EvtReader_inc.c: note: please modify only the source file: templates/OTF2_EvtReader_inc.tmpl.c
'import site' failed; use -v for traceback
Traceback (most recent call last):
  File "sig.py", line 2, in <module>
    import os
ImportError: No module named os
include/otf2/OTF2_EvtWriter.h: warning: target modified since last creation
include/otf2/OTF2_EvtWriter.h: note: please modify only the source file: templates/OTF2_EvtWriter.tmpl.h
'import site' failed; use -v for traceback
Traceback (most recent call last):
  File "sig.py", line 2, in <module>
    import os
ImportError: No module named os
src/OTF2_EvtWriter_inc.c: warning: target modified since last creation
src/OTF2_EvtWriter_inc.c: note: please modify only the source file: templates/OTF2_EvtWriter_inc.tmpl.c
'import site' failed; use -v for traceback
Traceback (most recent call last):
  File "sig.py", line 2, in <module>
    import os
ImportError: No module named os
include/otf2/OTF2_GlobalEvtReaderCallbacks.h: warning: target modified since last creation
include/otf2/OTF2_GlobalEvtReaderCallbacks.h: note: please modify only the source file: templates/OTF2_GlobalEvtReaderCallbacks.tmpl.h
'import site' failed; use -v for traceback
Traceback (most recent call last):
  File "sig.py", line 2, in <module>
    import os
ImportError: No module named os
include/otf2/OTF2_GlobalSnapReaderCallbacks.h: warning: target modified since last creation
include/otf2/OTF2_GlobalSnapReaderCallbacks.h: note: please modify only the source file: templates/OTF2_GlobalSnapReaderCallbacks.tmpl.h
'import site' failed; use -v for traceback
Traceback (most recent call last):
  File "sig.py", line 2, in <module>
    import os
ImportError: No module named os
src/OTF2_GlobalEvtReader_inc.c: warning: target modified since last creation
src/OTF2_GlobalEvtReader_inc.c: note: please modify only the source file: templates/OTF2_GlobalEvtReader_inc.tmpl.c
'import site' failed; use -v for traceback
Traceback (most recent call last):
  File "sig.py", line 2, in <module>
    import os
ImportError: No module named os
src/OTF2_GlobalSnapReader_inc.c: warning: target modified since last creation
src/OTF2_GlobalSnapReader_inc.c: note: please modify only the source file: templates/OTF2_GlobalSnapReader_inc.tmpl.c
'import site' failed; use -v for traceback
Traceback (most recent call last):
  File "sig.py", line 2, in <module>
    import os
ImportError: No module named os
src/otf2_local_definitions.h: warning: target modified since last creation
src/otf2_local_definitions.h: note: please modify only the source file: templates/otf2_local_definitions.tmpl.h
'import site' failed; use -v for traceback
Traceback (most recent call last):
  File "sig.py", line 2, in <module>
    import os
ImportError: No module named os
include/otf2/OTF2_DefReaderCallbacks.h: warning: target modified since last creation
include/otf2/OTF2_DefReaderCallbacks.h: note: please modify only the source file: templates/OTF2_DefReaderCallbacks.tmpl.h
'import site' failed; use -v for traceback
Traceback (most recent call last):
  File "sig.py", line 2, in <module>
    import os
ImportError: No module named os
src/OTF2_DefReader_inc.c: warning: target modified since last creation
src/OTF2_DefReader_inc.c: note: please modify only the source file: templates/OTF2_DefReader_inc.tmpl.c
'import site' failed; use -v for traceback
Traceback (most recent call last):
  File "sig.py", line 2, in <module>
    import os
ImportError: No module named os
include/otf2/OTF2_DefWriter.h: warning: target modified since last creation
include/otf2/OTF2_DefWriter.h: note: please modify only the source file: templates/OTF2_DefWriter.tmpl.h
'import site' failed; use -v for traceback
Traceback (most recent call last):
  File "sig.py", line 2, in <module>
    import os
ImportError: No module named os
src/OTF2_DefWriter_inc.c: warning: target modified since last creation
src/OTF2_DefWriter_inc.c: note: please modify only the source file: templates/OTF2_DefWriter_inc.tmpl.c
'import site' failed; use -v for traceback
Traceback (most recent call last):
  File "sig.py", line 2, in <module>
    import os
ImportError: No module named os
src/otf2_global_definitions.h: warning: target modified since last creation
src/otf2_global_definitions.h: note: please modify only the source file: templates/otf2_global_definitions.tmpl.h
'import site' failed; use -v for traceback
Traceback (most recent call last):
  File "sig.py", line 2, in <module>
    import os
ImportError: No module named os
include/otf2/OTF2_GlobalDefReaderCallbacks.h: warning: target modified since last creation
include/otf2/OTF2_GlobalDefReaderCallbacks.h: note: please modify only the source file: templates/OTF2_GlobalDefReaderCallbacks.tmpl.h
'import site' failed; use -v for traceback
Traceback (most recent call last):
  File "sig.py", line 2, in <module>
    import os
ImportError: No module named os
src/OTF2_GlobalDefReader_inc.c: warning: target modified since last creation
src/OTF2_GlobalDefReader_inc.c: note: please modify only the source file: templates/OTF2_GlobalDefReader_inc.tmpl.c
'import site' failed; use -v for traceback
Traceback (most recent call last):
  File "sig.py", line 2, in <module>
    import os
ImportError: No module named os
include/otf2/OTF2_GlobalDefWriter.h: warning: target modified since last creation
include/otf2/OTF2_GlobalDefWriter.h: note: please modify only the source file: templates/OTF2_GlobalDefWriter.tmpl.h
'import site' failed; use -v for traceback
Traceback (most recent call last):
  File "sig.py", line 2, in <module>
    import os
ImportError: No module named os
src/OTF2_GlobalDefWriter_inc.c: warning: target modified since last creation
src/OTF2_GlobalDefWriter_inc.c: note: please modify only the source file: templates/OTF2_GlobalDefWriter_inc.tmpl.c
'import site' failed; use -v for traceback
Traceback (most recent call last):
  File "sig.py", line 2, in <module>
    import os
ImportError: No module named os
src/otf2_snaps.h: warning: target modified since last creation
src/otf2_snaps.h: note: please modify only the source file: templates/otf2_snaps.tmpl.h
'import site' failed; use -v for traceback
Traceback (most recent call last):
  File "sig.py", line 2, in <module>
    import os
ImportError: No module named os
include/otf2/OTF2_SnapReaderCallbacks.h: warning: target modified since last creation
include/otf2/OTF2_SnapReaderCallbacks.h: note: please modify only the source file: templates/OTF2_SnapReaderCallbacks.tmpl.h
'import site' failed; use -v for traceback
Traceback (most recent call last):
  File "sig.py", line 2, in <module>
    import os
ImportError: No module named os
src/OTF2_SnapReader_inc.c: warning: target modified since last creation
src/OTF2_SnapReader_inc.c: note: please modify only the source file: templates/OTF2_SnapReader_inc.tmpl.c
'import site' failed; use -v for traceback
Traceback (most recent call last):
  File "sig.py", line 2, in <module>
    import os
ImportError: No module named os
include/otf2/OTF2_SnapWriter.h: warning: target modified since last creation
include/otf2/OTF2_SnapWriter.h: note: please modify only the source file: templates/OTF2_SnapWriter.tmpl.h
'import site' failed; use -v for traceback
Traceback (most recent call last):
  File "sig.py", line 2, in <module>
    import os
ImportError: No module named os
src/OTF2_SnapWriter_inc.c: warning: target modified since last creation
src/OTF2_SnapWriter_inc.c: note: please modify only the source file: templates/OTF2_SnapWriter_inc.tmpl.c
'import site' failed; use -v for traceback
Traceback (most recent call last):
  File "sig.py", line 2, in <module>
    import os
ImportError: No module named os
src/tools/otf2_print/otf2_print_inc.c: warning: target modified since last creation
src/tools/otf2_print/otf2_print_inc.c: note: please modify only the source file: templates/otf2_print_inc.tmpl.c
'import site' failed; use -v for traceback
Traceback (most recent call last):
  File "sig.py", line 2, in <module>
    import os
ImportError: No module named os
src/tools/otf2_print/otf2_print_types.h: warning: target modified since last creation
src/tools/otf2_print/otf2_print_types.h: note: please modify only the source file: templates/otf2_print_types.tmpl.h
'import site' failed; use -v for traceback
Traceback (most recent call last):
  File "sig.py", line 2, in <module>
    import os
ImportError: No module named os
src/tools/otf2_snapshots/otf2_snapshots_events.hpp: warning: target modified since last creation
src/tools/otf2_snapshots/otf2_snapshots_events.hpp: note: please modify only the source file: templates/otf2_snapshots_events.tmpl.hpp
'import site' failed; use -v for traceback
Traceback (most recent call last):
  File "sig.py", line 2, in <module>
    import os
ImportError: No module named os
src/tools/otf2_snapshots/otf2_snapshots_events_inc.cpp: warning: target modified since last creation
src/tools/otf2_snapshots/otf2_snapshots_events_inc.cpp: note: please modify only the source file: templates/otf2_snapshots_events_inc.tmpl.cpp
'import site' failed; use -v for traceback
Traceback (most recent call last):
  File "sig.py", line 2, in <module>
    import os
ImportError: No module named os
src/tools/otf2_snapshots/otf2_snapshots_callbacks_inc.cpp: warning: target modified since last creation
src/tools/otf2_snapshots/otf2_snapshots_callbacks_inc.cpp: note: please modify only the source file: templates/otf2_snapshots_callbacks_inc.tmpl.cpp
'import site' failed; use -v for traceback
Traceback (most recent call last):
  File "sig.py", line 2, in <module>
    import os
ImportError: No module named os
src/otf2_attribute_value_inc.c: warning: target modified since last creation
src/otf2_attribute_value_inc.c: note: please modify only the source file: templates/otf2_attribute_value_inc.tmpl.c
'import site' failed; use -v for traceback
Traceback (most recent call last):
  File "sig.py", line 2, in <module>
    import os
ImportError: No module named os
include/otf2/OTF2_AttributeValue.h: warning: target modified since last creation
include/otf2/OTF2_AttributeValue.h: note: please modify only the source file: templates/OTF2_AttributeValue.tmpl.h
'import site' failed; use -v for traceback
Traceback (most recent call last):
  File "sig.py", line 2, in <module>
    import os
ImportError: No module named os
src/otf2_attribute_list_inc.c: warning: target modified since last creation
src/otf2_attribute_list_inc.c: note: please modify only the source file: templates/otf2_attribute_list_inc.tmpl.c
'import site' failed; use -v for traceback
Traceback (most recent call last):
  File "sig.py", line 2, in <module>
    import os
ImportError: No module named os
include/otf2/OTF2_AttributeList.h: warning: target modified since last creation
include/otf2/OTF2_AttributeList.h: note: please modify only the source file: templates/OTF2_AttributeList.tmpl.h
'import site' failed; use -v for traceback
Traceback (most recent call last):
  File "sig.py", line 2, in <module>
    import os
ImportError: No module named os
src/otf2_attic_types.h: warning: target modified since last creation
src/otf2_attic_types.h: note: please modify only the source file: templates/otf2_attic_types.tmpl.h
'import site' failed; use -v for traceback
Traceback (most recent call last):
  File "sig.py", line 2, in <module>
    import os
ImportError: No module named os
doc/doxygen-user/definitions.dox: warning: target modified since last creation
doc/doxygen-user/definitions.dox: note: please modify only the source file: templates/definitions.tmpl.dox
'import site' failed; use -v for traceback
Traceback (most recent call last):
  File "sig.py", line 2, in <module>
    import os
ImportError: No module named os
doc/doxygen-user/events.dox: warning: target modified since last creation
doc/doxygen-user/events.dox: note: please modify only the source file: templates/events.tmpl.dox
'import site' failed; use -v for traceback
Traceback (most recent call last):
  File "sig.py", line 2, in <module>
    import os
ImportError: No module named os
doc/doxygen-user/snaps.dox: warning: target modified since last creation
doc/doxygen-user/snaps.dox: note: please modify only the source file: templates/snaps.tmpl.dox
'import site' failed; use -v for traceback
Traceback (most recent call last):
  File "sig.py", line 2, in <module>
    import os
ImportError: No module named os
templates/example.cc: warning: target modified since last creation
templates/example.cc: note: please modify only the source file: templates/example.tmpl.cc
'import site' failed; use -v for traceback
Traceback (most recent call last):
  File "sig.py", line 2, in <module>
    import os
ImportError: No module named os
include/otf2/OTF2_EventSizeEstimator.h: warning: target modified since last creation
include/otf2/OTF2_EventSizeEstimator.h: note: please modify only the source file: templates/OTF2_EventSizeEstimator.tmpl.h
'import site' failed; use -v for traceback
Traceback (most recent call last):
  File "sig.py", line 2, in <module>
    import os
ImportError: No module named os
src/OTF2_EventSizeEstimator.c: warning: target modified since last creation
src/OTF2_EventSizeEstimator.c: note: please modify only the source file: templates/OTF2_EventSizeEstimator.tmpl.c
'import site' failed; use -v for traceback
Traceback (most recent call last):
  File "sig.py", line 2, in <module>
    import os
ImportError: No module named os
src/tools/otf2_estimator/otf2_estimator_inc.cpp: warning: target modified since last creation
src/tools/otf2_estimator/otf2_estimator_inc.cpp: note: please modify only the source file: templates/otf2_estimator_inc.tmpl.cpp
'import site' failed; use -v for traceback
Traceback (most recent call last):
  File "sig.py", line 2, in <module>
    import os
ImportError: No module named os
src/python/_otf2/Definitions.py: warning: target modified since last creation
src/python/_otf2/Definitions.py: note: please modify only the source file: templates/_otf2.Definitions.tmpl.py
'import site' failed; use -v for traceback
Traceback (most recent call last):
  File "sig.py", line 2, in <module>
    import os
ImportError: No module named os
src/python/_otf2/Events.py: warning: target modified since last creation
src/python/_otf2/Events.py: note: please modify only the source file: templates/_otf2.Events.tmpl.py
'import site' failed; use -v for traceback
Traceback (most recent call last):
  File "sig.py", line 2, in <module>
    import os
ImportError: No module named os
src/python/_otf2/GeneralDefinitions.py: warning: target modified since last creation
src/python/_otf2/GeneralDefinitions.py: note: please modify only the source file: templates/_otf2.GeneralDefinitions.tmpl.py
'import site' failed; use -v for traceback
Traceback (most recent call last):
  File "sig.py", line 2, in <module>
    import os
ImportError: No module named os
src/python/_otf2/GlobalDefReaderCallbacks.py: warning: target modified since last creation
src/python/_otf2/GlobalDefReaderCallbacks.py: note: please modify only the source file: templates/_otf2.GlobalDefReaderCallbacks.tmpl.py
'import site' failed; use -v for traceback
Traceback (most recent call last):
  File "sig.py", line 2, in <module>
    import os
ImportError: No module named os
src/python/_otf2/DefReaderCallbacks.py: warning: target modified since last creation
src/python/_otf2/DefReaderCallbacks.py: note: please modify only the source file: templates/_otf2.DefReaderCallbacks.tmpl.py
'import site' failed; use -v for traceback
Traceback (most recent call last):
  File "sig.py", line 2, in <module>
    import os
ImportError: No module named os
src/python/_otf2/EvtReaderCallbacks.py: warning: target modified since last creation
src/python/_otf2/EvtReaderCallbacks.py: note: please modify only the source file: templates/_otf2.EvtReaderCallbacks.tmpl.py
'import site' failed; use -v for traceback
Traceback (most recent call last):
  File "sig.py", line 2, in <module>
    import os
ImportError: No module named os
src/python/_otf2/GlobalEvtReaderCallbacks.py: warning: target modified since last creation
src/python/_otf2/GlobalEvtReaderCallbacks.py: note: please modify only the source file: templates/_otf2.GlobalEvtReaderCallbacks.tmpl.py
'import site' failed; use -v for traceback
Traceback (most recent call last):
  File "sig.py", line 2, in <module>
    import os
ImportError: No module named os
src/python/_otf2/GlobalSnapReaderCallbacks.py: warning: target modified since last creation
src/python/_otf2/GlobalSnapReaderCallbacks.py: note: please modify only the source file: templates/_otf2.GlobalSnapReaderCallbacks.tmpl.py
'import site' failed; use -v for traceback
Traceback (most recent call last):
  File "sig.py", line 2, in <module>
    import os
ImportError: No module named os
src/python/_otf2/SnapReaderCallbacks.py: warning: target modified since last creation
src/python/_otf2/SnapReaderCallbacks.py: note: please modify only the source file: templates/_otf2.SnapReaderCallbacks.tmpl.py
'import site' failed; use -v for traceback
Traceback (most recent call last):
  File "sig.py", line 2, in <module>
    import os
ImportError: No module named os
src/python/_otf2/EvtWriter.py: warning: target modified since last creation
src/python/_otf2/EvtWriter.py: note: please modify only the source file: templates/_otf2.EvtWriter.tmpl.py
'import site' failed; use -v for traceback
Traceback (most recent call last):
  File "sig.py", line 2, in <module>
    import os
ImportError: No module named os
src/python/_otf2/DefWriter.py: warning: target modified since last creation
src/python/_otf2/DefWriter.py: note: please modify only the source file: templates/_otf2.DefWriter.tmpl.py
'import site' failed; use -v for traceback
Traceback (most recent call last):
  File "sig.py", line 2, in <module>
    import os
ImportError: No module named os
src/python/_otf2/GlobalDefWriter.py: warning: target modified since last creation
src/python/_otf2/GlobalDefWriter.py: note: please modify only the source file: templates/_otf2.GlobalDefWriter.tmpl.py
'import site' failed; use -v for traceback
Traceback (most recent call last):
  File "sig.py", line 2, in <module>
    import os
ImportError: No module named os
src/python/_otf2/SnapWriter.py: warning: target modified since last creation
src/python/_otf2/SnapWriter.py: note: please modify only the source file: templates/_otf2.SnapWriter.tmpl.py
'import site' failed; use -v for traceback
Traceback (most recent call last):
  File "sig.py", line 2, in <module>
    import os
ImportError: No module named os
src/python/_otf2/AttributeList.py: warning: target modified since last creation
src/python/_otf2/AttributeList.py: note: please modify only the source file: templates/_otf2.AttributeList.tmpl.py
'import site' failed; use -v for traceback
Traceback (most recent call last):
  File "sig.py", line 2, in <module>
    import os
ImportError: No module named os
src/python/_otf2/EventSizeEstimator.py: warning: target modified since last creation
src/python/_otf2/EventSizeEstimator.py: note: please modify only the source file: templates/_otf2.EventSizeEstimator.tmpl.py
'import site' failed; use -v for traceback
Traceback (most recent call last):
  File "sig.py", line 2, in <module>
    import os
ImportError: No module named os
src/python/_otf2/AttributeValue.py: warning: target modified since last creation
src/python/_otf2/AttributeValue.py: note: please modify only the source file: templates/_otf2.AttributeValue.tmpl.py
'import site' failed; use -v for traceback
Traceback (most recent call last):
  File "sig.py", line 2, in <module>
    import os
ImportError: No module named os
src/python/otf2/events.py: warning: target modified since last creation
src/python/otf2/events.py: note: please modify only the source file: templates/otf2.events.tmpl.py
'import site' failed; use -v for traceback
Traceback (most recent call last):
  File "sig.py", line 2, in <module>
    import os
ImportError: No module named os
src/python/otf2/event_reader.py: warning: target modified since last creation
src/python/otf2/event_reader.py: note: please modify only the source file: templates/otf2.event_reader.tmpl.py
'import site' failed; use -v for traceback
Traceback (most recent call last):
  File "sig.py", line 2, in <module>
    import os
ImportError: No module named os
src/python/otf2/event_writer.py: warning: target modified since last creation
src/python/otf2/event_writer.py: note: please modify only the source file: templates/otf2.event_writer.tmpl.py
'import site' failed; use -v for traceback
Traceback (most recent call last):
  File "sig.py", line 2, in <module>
    import os
ImportError: No module named os
src/python/otf2/registry.py: warning: target modified since last creation
src/python/otf2/registry.py: note: please modify only the source file: templates/otf2.registry.tmpl.py
'import site' failed; use -v for traceback
Traceback (most recent call last):
  File "sig.py", line 2, in <module>
    import os
ImportError: No module named os
src/python/otf2/definition_writer.py: warning: target modified since last creation
src/python/otf2/definition_writer.py: note: please modify only the source file: templates/otf2.definition_writer.tmpl.py
'import site' failed; use -v for traceback
Traceback (most recent call last):
  File "sig.py", line 2, in <module>
    import os
ImportError: No module named os
src/python/otf2/enums.py: warning: target modified since last creation
src/python/otf2/enums.py: note: please modify only the source file: templates/otf2.enums.tmpl.py
'import site' failed; use -v for traceback
Traceback (most recent call last):
  File "sig.py", line 2, in <module>
    import os
ImportError: No module named os
src/python/otf2/attribute_value.py: warning: target modified since last creation
src/python/otf2/attribute_value.py: note: please modify only the source file: templates/otf2.attribute_value.tmpl.py
make  all-recursive
make[1]: Entering directory `/a/fs-3/export/home/deepthought2/ssinghal/tau-2.28.1/otf2-2.1'
Making all in .
make[2]: Entering directory `/a/fs-3/export/home/deepthought2/ssinghal/tau-2.28.1/otf2-2.1'
'import site' failed; use -v for traceback
Traceback (most recent call last):
  File "sig.py", line 2, in <module>
    import os
ImportError: No module named os
include/otf2/OTF2_GeneralDefinitions.h: warning: target modified since last creation
include/otf2/OTF2_GeneralDefinitions.h: note: please modify only the source file: templates/OTF2_GeneralDefinitions.tmpl.h
'import site' failed; use -v for traceback
Traceback (most recent call last):
  File "sig.py", line 2, in <module>
    import os
ImportError: No module named os
include/otf2/OTF2_Events.h: warning: target modified since last creation
include/otf2/OTF2_Events.h: note: please modify only the source file: templates/OTF2_Events.tmpl.h
'import site' failed; use -v for traceback
Traceback (most recent call last):
  File "sig.py", line 2, in <module>
    import os
ImportError: No module named os
include/otf2/OTF2_Definitions.h: warning: target modified since last creation
include/otf2/OTF2_Definitions.h: note: please modify only the source file: templates/OTF2_Definitions.tmpl.h
'import site' failed; use -v for traceback
Traceback (most recent call last):
  File "sig.py", line 2, in <module>
    import os
ImportError: No module named os
include/otf2/OTF2_AttributeValue.h: warning: target modified since last creation
include/otf2/OTF2_AttributeValue.h: note: please modify only the source file: templates/OTF2_AttributeValue.tmpl.h
'import site' failed; use -v for traceback
Traceback (most recent call last):
  File "sig.py", line 2, in <module>
    import os
ImportError: No module named os
include/otf2/OTF2_AttributeList.h: warning: target modified since last creation
include/otf2/OTF2_AttributeList.h: note: please modify only the source file: templates/OTF2_AttributeList.tmpl.h
'import site' failed; use -v for traceback
Traceback (most recent call last):
  File "sig.py", line 2, in <module>
    import os
ImportError: No module named os
include/otf2/OTF2_EvtWriter.h: warning: target modified since last creation
include/otf2/OTF2_EvtWriter.h: note: please modify only the source file: templates/OTF2_EvtWriter.tmpl.h
'import site' failed; use -v for traceback
Traceback (most recent call last):
  File "sig.py", line 2, in <module>
    import os
ImportError: No module named os
include/otf2/OTF2_GlobalDefWriter.h: warning: target modified since last creation
include/otf2/OTF2_GlobalDefWriter.h: note: please modify only the source file: templates/OTF2_GlobalDefWriter.tmpl.h
'import site' failed; use -v for traceback
Traceback (most recent call last):
  File "sig.py", line 2, in <module>
    import os
ImportError: No module named os
include/otf2/OTF2_DefWriter.h: warning: target modified since last creation
include/otf2/OTF2_DefWriter.h: note: please modify only the source file: templates/OTF2_DefWriter.tmpl.h
'import site' failed; use -v for traceback
Traceback (most recent call last):
  File "sig.py", line 2, in <module>
    import os
ImportError: No module named os
include/otf2/OTF2_GlobalEvtReaderCallbacks.h: warning: target modified since last creation
include/otf2/OTF2_GlobalEvtReaderCallbacks.h: note: please modify only the source file: templates/OTF2_GlobalEvtReaderCallbacks.tmpl.h
'import site' failed; use -v for traceback
Traceback (most recent call last):
  File "sig.py", line 2, in <module>
    import os
ImportError: No module named os
include/otf2/OTF2_EvtReaderCallbacks.h: warning: target modified since last creation
include/otf2/OTF2_EvtReaderCallbacks.h: note: please modify only the source file: templates/OTF2_EvtReaderCallbacks.tmpl.h
'import site' failed; use -v for traceback
Traceback (most recent call last):
  File "sig.py", line 2, in <module>
    import os
ImportError: No module named os
include/otf2/OTF2_GlobalDefReaderCallbacks.h: warning: target modified since last creation
include/otf2/OTF2_GlobalDefReaderCallbacks.h: note: please modify only the source file: templates/OTF2_GlobalDefReaderCallbacks.tmpl.h
'import site' failed; use -v for traceback
Traceback (most recent call last):
  File "sig.py", line 2, in <module>
    import os
ImportError: No module named os
include/otf2/OTF2_DefReaderCallbacks.h: warning: target modified since last creation
include/otf2/OTF2_DefReaderCallbacks.h: note: please modify only the source file: templates/OTF2_DefReaderCallbacks.tmpl.h
'import site' failed; use -v for traceback
Traceback (most recent call last):
  File "sig.py", line 2, in <module>
    import os
ImportError: No module named os
include/otf2/OTF2_SnapWriter.h: warning: target modified since last creation
include/otf2/OTF2_SnapWriter.h: note: please modify only the source file: templates/OTF2_SnapWriter.tmpl.h
'import site' failed; use -v for traceback
Traceback (most recent call last):
  File "sig.py", line 2, in <module>
    import os
ImportError: No module named os
include/otf2/OTF2_SnapReaderCallbacks.h: warning: target modified since last creation
include/otf2/OTF2_SnapReaderCallbacks.h: note: please modify only the source file: templates/OTF2_SnapReaderCallbacks.tmpl.h
'import site' failed; use -v for traceback
Traceback (most recent call last):
  File "sig.py", line 2, in <module>
    import os
ImportError: No module named os
include/otf2/OTF2_GlobalSnapReaderCallbacks.h: warning: target modified since last creation
include/otf2/OTF2_GlobalSnapReaderCallbacks.h: note: please modify only the source file: templates/OTF2_GlobalSnapReaderCallbacks.tmpl.h
'import site' failed; use -v for traceback
Traceback (most recent call last):
  File "sig.py", line 2, in <module>
    import os
ImportError: No module named os
include/otf2/OTF2_EventSizeEstimator.h: warning: target modified since last creation
include/otf2/OTF2_EventSizeEstimator.h: note: please modify only the source file: templates/OTF2_EventSizeEstimator.tmpl.h
make[2]: Leaving directory `/a/fs-3/export/home/deepthought2/ssinghal/tau-2.28.1/otf2-2.1'
Making all in build-backend
make[2]: Entering directory `/a/fs-3/export/home/deepthought2/ssinghal/tau-2.28.1/otf2-2.1/build-backend'
  CC       lib_otf2_la-otf2_events.lo
  CC       lib_otf2_la-OTF2_Reader.lo
  CC       lib_otf2_la-OTF2_AttributeValue.lo
  CC       lib_otf2_la-OTF2_AttributeList.lo
  CC       lib_otf2_la-OTF2_IdMap.lo
  CC       lib_otf2_la-otf2_id_map.lo
  CC       lib_otf2_la-otf2_collectives.lo
  CC       lib_otf2_la-otf2_collectives_serial.lo
  CC       lib_otf2_la-otf2_lock.lo
  CC       lib_otf2_la-OTF2_EvtWriter.lo
  CC       lib_otf2_la-OTF2_GlobalDefWriter.lo
  CC       lib_otf2_la-OTF2_DefWriter.lo
  CC       lib_otf2_la-OTF2_SnapWriter.lo
  CC       lib_otf2_la-OTF2_MarkerWriter.lo
  CC       lib_otf2_la-OTF2_MarkerReader.lo
  CC       lib_otf2_la-OTF2_Archive.lo
  CC       lib_otf2_la-otf2_archive_int.lo
  CC       lib_otf2_la-otf2_archive_location.lo
  CC       lib_otf2_la-OTF2_Buffer.lo
  CC       lib_otf2_la-OTF2_AnchorFile.lo
  CC       lib_otf2_la-otf2_anchor_file_timestamp.lo
  CC       lib_otf2_la-otf2_anchor_file_hostid.lo
  CC       lib_otf2_la-otf2_anchor_file_sysinfo.lo
  CC       lib_otf2_la-otf2_file_substrate.lo
  CC       lib_otf2_la-otf2_file_substrate_none.lo
  CC       lib_otf2_la-otf2_file_substrate_posix.lo
  CC       lib_otf2_la-OTF2_File.lo
  CC       lib_otf2_la-otf2_file_posix.lo
  CC       lib_otf2_la-otf2_file_none.lo
  CC       lib_otf2_la-OTF2_GlobalEvtReader.lo
  CC       lib_otf2_la-OTF2_EvtReader.lo
  CC       lib_otf2_la-OTF2_GlobalDefReader.lo
  CC       lib_otf2_la-OTF2_DefReader.lo
  CC       lib_otf2_la-OTF2_GlobalSnapReader.lo
  CC       lib_otf2_la-OTF2_SnapReader.lo
  CC       lib_otf2_la-OTF2_Thumbnail.lo
  CC       lib_otf2_la-otf2_attic.lo
  CC       lib_otf2_la-otf2_python.lo
  CC       lib_otf2_la-OTF2_EventSizeEstimator.lo
  CC       lib_otf2_la-otf2_compression_no_zlib.lo
  CC       libutils_cstr_la-UTILS_CStr.lo
  CCLD     libutils_cstr.la
  CC       libutils_exception_la-UTILS_Debug.lo
  CC       libutils_exception_la-UTILS_Error.lo
  CCLD     libutils_exception.la
  CC       libutils_io_la-UTILS_IO_GetExe.lo
  CC       libutils_io_la-UTILS_IO_Tools.lo
  CCLD     libutils_io.la
  CCLD     libutils.la
  CC       libjenkins_hash_la-jenkins_hash.lo
  CCLD     libjenkins_hash.la
  CCLD     lib_otf2.la
  CCLD     libotf2.la
  GEN      ../src/tools/otf2_config/otf2_config_library_dependencies_backend_inc.hpp
  GEN      scorep_tests
make  all-am
make[3]: Entering directory `/a/fs-3/export/home/deepthought2/ssinghal/tau-2.28.1/otf2-2.1/build-backend'
  CCLD     _otf2.la
  CC       otf2_print-otf2_print.o
  CC       otf2_print-otf2_vector.o
  CC       otf2_print-otf2_hash_table.o
  CCLD     otf2-print
  CXX      otf2_marker-otf2_marker.o
  CXXLD    otf2-marker
  CXX      otf2_config-otf2_config.o
  CXX      otf2_config-otf2_config_data.o
  CXX      otf2_config-otf2_config_helper.o
  CXX      otf2_config-otf2_config_data_backend.o
  CXXLD    otf2-config
  CXX      otf2_estimator-otf2_estimator.o
  CXXLD    otf2-estimator
  CXX      otf2_snapshots-otf2_snapshots_parameters.o
  CXX      otf2_snapshots-otf2_snapshots_events.o
  CXX      otf2_snapshots-otf2_snapshots_callbacks.o
  CXX      otf2_snapshots-otf2_snapshots.o
  CXXLD    otf2-snapshots
make[3]: Leaving directory `/a/fs-3/export/home/deepthought2/ssinghal/tau-2.28.1/otf2-2.1/build-backend'
make[2]: Leaving directory `/a/fs-3/export/home/deepthought2/ssinghal/tau-2.28.1/otf2-2.1/build-backend'
make[1]: Leaving directory `/a/fs-3/export/home/deepthought2/ssinghal/tau-2.28.1/otf2-2.1'
