This file contains any messages produced by compilers while
running configure, to aid debugging if configure makes a mistake.

It was created by OTF2 configure 2.1, which was
generated by GNU Autoconf 2.69.  Invocation command line was

  $ ./configure --prefix=/ccs/home/ssinghal/tau2-install/2.8/gcc/ibm64linux/otf2-gcc CC=gcc CXX=g++

## --------- ##
## Platform. ##
## --------- ##

hostname = login3
uname -m = ppc64le
uname -r = 4.14.0-115.21.2.el7a.ppc64le
uname -s = Linux
uname -v = #1 SMP Thu May 7 22:22:31 UTC 2020

/usr/bin/uname -p = ppc64le
/bin/uname -X     = unknown

/bin/arch              = ppc64le
/usr/bin/arch -k       = unknown
/usr/convex/getsysinfo = unknown
/usr/bin/hostinfo      = unknown
/bin/machine           = unknown
/usr/bin/oslevel       = unknown
/bin/universe          = unknown

PATH: /gpfs/alpine/csc299/scratch/ssinghal/Dynamic_workflow_management/rmonitor
PATH: /gpfs/alpine/csc299/scratch/ssinghal/Dynamic_workflow_management/rmonitor/bin
PATH: /gpfs/alpine/csc299/scratch/ssinghal/Dynamic_workflow_management/rmonitor/include
PATH: /sw/sources/lsf-tools/2.0/summit/bin
PATH: /sw/summit/xalt/1.2.0/bin
PATH: /autofs/nccs-svm1_sw/summit/.swci/1-compute/opt/spack/20180914/linux-rhel7-ppc64le/gcc-6.4.0/kokkos-3.0.00-nd2jho65xryrafyrakewx7lmjh7vtg3t/bin
PATH: /autofs/nccs-svm1_sw/summit/.swci/1-compute/opt/spack/20180914/linux-rhel7-ppc64le/gcc-6.4.0/kokkos-nvcc-wrapper-20200221-2k5mir5wxjpoyvdkwaotm2sy74oj2cvs/bin
PATH: /gpfs/alpine/csc299/scratch/ssinghal/cheetah/dynamic_cheetah
PATH: /gpfs/alpine/csc299/scratch/ssinghal/cheetah/dynamic_cheetah/bin
PATH: /gpfs/alpine/csc299/scratch/ssinghal/cheetah/dynamic_cheetah/include
PATH: /ccs/home/ssinghal/vtk-install
PATH: /ccs/home/ssinghal/vtk-install/include
PATH: /ccs/home/ssinghal/vtk-install/bin
PATH: /ccs/home/ssinghal/vtkm-install
PATH: /ccs/home/ssinghal/vtkm-install/include
PATH: /ccs/home/ssinghal/vtkm-install/include/vtkm-1.3
PATH: /ccs/home/ssinghal/vtkm-install/bin
PATH: /ccs/home/ssinghal/tau2-install/gcc/x86_64
PATH: /ccs/home/ssinghal/tau2-install/gcc/x86_64/include
PATH: /ccs/home/ssinghal/tau2-install/gcc/x86_64/bin
PATH: /ccs/home/ssinghal/papi_install
PATH: /ccs/home/ssinghal/papi_install/include
PATH: /ccs/home/ssinghal/papi_install/bin
PATH: /ccs/home/ssinghal/zfp-install
PATH: /ccs/home/ssinghal/zfp-install/include
PATH: /ccs/home/ssinghal/zfp-install/bin
PATH: /ccs/home/ssinghal/ADIOS2-install/lib/python3.7/site-packages
PATH: /sw/summit/xalt/1.2.0/site
PATH: /sw/summit/xalt/1.2.0/libexec
PATH: /ccs/home/ssinghal/ADIOS2-install
PATH: /ccs/home/ssinghal/ADIOS2-install/include
PATH: /ccs/home/ssinghal/ADIOS2-install/bin
PATH: /sw/summit/cuda/10.1.243/extras/CUPTI/include
PATH: /sw/summit/cuda/10.1.243/extras/CUPTI/bin
PATH: /autofs/nccs-svm1_sw/summit/.swci/1-compute/opt/spack/20180914/linux-rhel7-ppc64le/gcc-6.4.0/hdf5-1.10.4-qj7qoumocmjj2xkwbwotazo22sugeq5o/bin
PATH: /autofs/nccs-svm1_sw/summit/.swci/1-compute/opt/spack/20180914/linux-rhel7-ppc64le/gcc-6.4.0/fftw-3.3.8-7p6nny234obzuczdtyyea4t4uxej777s/bin
PATH: /sw/summit/cuda/10.1.243/bin
PATH: /autofs/nccs-svm1_sw/summit/.swci/1-compute/opt/spack/20180914/linux-rhel7-ppc64le/gcc-6.4.0/spectrum-mpi-10.3.1.2-20200121-awz2q5brde7wgdqqw4ugalrkukeub4eb/bin
PATH: /sw/summit/gcc/6.4.0/bin
PATH: /usr/bin
PATH: /usr/sbin
PATH: /sw/sources/hpss/bin
PATH: /opt/ibm/spectrumcomputing/lsf/10.1.0.9/linux3.10-glibc2.17-ppc64le-csm/etc
PATH: /opt/ibm/spectrumcomputing/lsf/10.1.0.9/linux3.10-glibc2.17-ppc64le-csm/bin
PATH: /opt/ibm/csm/bin
PATH: /usr/local/bin
PATH: /usr/local/sbin
PATH: /opt/ibm/flightlog/bin
PATH: /opt/ibutils/bin
PATH: /opt/ibm/spectrum_mpi/jsm_pmix/bin
PATH: /opt/puppetlabs/bin
PATH: /usr/lpp/mmfs/bin


## ----------- ##
## Core tests. ##
## ----------- ##

configure:2189: checking for a BSD-compatible install
configure:2257: result: /usr/bin/install -c
configure:2268: checking whether build environment is sane
configure:2323: result: yes
configure:2474: checking for a thread-safe mkdir -p
configure:2513: result: /usr/bin/mkdir -p
configure:2520: checking for gawk
configure:2536: found /usr/bin/gawk
configure:2547: result: gawk
configure:2558: checking whether make sets $(MAKE)
configure:2580: result: yes
configure:2609: checking whether make supports nested variables
configure:2626: result: yes
configure:2705: checking how to create a pax tar archive
configure:2716: tar --version
tar (GNU tar) 1.26
Copyright (C) 2011 Free Software Foundation, Inc.
License GPLv3+: GNU GPL version 3 or later <http://gnu.org/licenses/gpl.html>.
This is free software: you are free to change and redistribute it.
There is NO WARRANTY, to the extent permitted by law.

Written by John Gilmore and Jay Fenlason.
configure:2719: $? = 0
configure:2759: tardir=conftest.dir && eval tar --format=posix -chf - "$tardir" >conftest.tar
configure:2762: $? = 0
configure:2766: tar -xf - <conftest.tar
configure:2769: $? = 0
configure:2771: cat conftest.dir/file
GrepMe
configure:2774: $? = 0
configure:2787: result: gnutar
configure:2806: checking whether make supports nested variables
configure:2823: result: yes
configure:2839: checking build system type
configure:2853: result: powerpc64le-unknown-linux-gnu
configure:2893: checking for platform
configure:2967: result: linux (auto detected)
configure:3329: checking for cross compilation
configure:3331: result: no
configure:3483: checking for uncrustify
configure:3511: result: no
configure:3535: checking for doxygen
configure:3553: found /usr/bin/doxygen
configure:3565: result: /usr/bin/doxygen
configure:3587: checking for dot
configure:3615: result: no
configure:3625: checking for pdflatex
configure:3641: found /usr/bin/pdflatex
configure:3653: result: yes
configure:3663: checking for makeindex
configure:3691: result: no
configure:3829: checking for a Python interpreter with version >= 2.5
configure:3846: python2 -c import sys # split strings by '.' and convert to numeric. Append some zeros # because we need at least 4 digits for the hex conversion. # map returns an iterator in Python 3.0 and a list in 2.x minver = list(map(int, '2.5'.split('.'))) + [0, 0, 0] minverhex = 0 # xrange is not present in Python 3.0 and range returns an iterator for i in list(range(0, 4)): minverhex = (minverhex << 8) + minver[i] sys.exit(sys.hexversion < minverhex)
configure:3849: $? = 0
configure:3855: result: python2
configure:3863: checking for python2
configure:3881: found /usr/bin/python2
configure:3893: result: /usr/bin/python2
configure:3911: checking for python2 version
configure:3918: result: 2.7
configure:3930: checking for python2 platform
configure:3937: result: linux2
configure:3963: checking for python2 script directory
configure:3998: result: ${prefix}/lib/python2.7/site-packages
configure:4007: checking for python2 extension module directory
configure:4042: result: ${exec_prefix}/lib64/python2.7/site-packages
configure:4080: checking for sphinx-build
configure:4108: result: :
configure:4302: checking that generated files are newer than configure
configure:4308: result: done
configure:4424: creating ./config.status
configure:477: === configuring in build-backend (/gpfs/alpine/scratch/ssinghal/csc299/Dynamic_workflow_management/tau-2.28.1/otf2-2.1/build-backend)
configure:540: running /bin/sh ./configure --disable-option-checking '--prefix=/ccs/home/ssinghal/tau2-install/2.8/gcc/ibm64linux/otf2-gcc'  'FC=gfortran' 'F77=gfortran' 'CC=gcc' 'CXX=g++' 'ac_scorep_platform=linux' 'ac_scorep_cross_compiling=no' --cache-file=/dev/null --srcdir=.

## ---------------------- ##
## Running config.status. ##
## ---------------------- ##

This file was extended by OTF2 config.status 2.1, which was
generated by GNU Autoconf 2.69.  Invocation command line was

  CONFIG_FILES    = 
  CONFIG_HEADERS  = 
  CONFIG_LINKS    = 
  CONFIG_COMMANDS = 
  $ ./config.status 

on login3

config.status:837: creating Makefile
config.status:837: creating src/config-common.h
config.status:837: creating share/otf2/__version__.py
config.status:837: creating doc/doxygen-user/main.dox
config.status:837: creating src/tools/otf2_template/otf2-template
config.status:837: creating include/otf2/OTF2_ErrorCodes.h
config.status:837: creating otf2-mini-config.sh

## ---------------- ##
## Cache variables. ##
## ---------------- ##

ac_cv_build=powerpc64le-unknown-linux-gnu
ac_cv_env_PYTHON_FOR_GENERATOR_set=
ac_cv_env_PYTHON_FOR_GENERATOR_value=
ac_cv_env_PYTHON_set=
ac_cv_env_PYTHON_value=
ac_cv_env_SPHINX_set=
ac_cv_env_SPHINX_value=
ac_cv_env_build_alias_set=
ac_cv_env_build_alias_value=
ac_cv_env_host_alias_set=
ac_cv_env_host_alias_value=
ac_cv_env_target_alias_set=
ac_cv_env_target_alias_value=
ac_cv_path_DOXYGEN=/usr/bin/doxygen
ac_cv_path_PYTHON=/usr/bin/python2
ac_cv_path_install='/usr/bin/install -c'
ac_cv_path_mkdir=/usr/bin/mkdir
ac_cv_prog_AWK=gawk
ac_cv_prog_SPHINX=:
ac_cv_prog_ac_scorep_have_uncrustify=no
ac_cv_prog_have_dot=no
ac_cv_prog_have_makeindex=no
ac_cv_prog_have_pdflatex=yes
ac_cv_prog_make_make_set=yes
am_cv_make_support_nested_variables=yes
am_cv_pathless_PYTHON=python2
am_cv_prog_tar_pax=gnutar
am_cv_python_platform=linux2
am_cv_python_pyexecdir='${exec_prefix}/lib64/python2.7/site-packages'
am_cv_python_pythondir='${prefix}/lib/python2.7/site-packages'
am_cv_python_version=2.7

## ----------------- ##
## Output variables. ##
## ----------------- ##

ACLOCAL='${SHELL} /gpfs/alpine/scratch/ssinghal/csc299/Dynamic_workflow_management/tau-2.28.1/otf2-2.1/build-config/missing aclocal-1.13'
AFS_PACKAGE_NAME='OTF2'
AFS_PACKAGE_name='otf2'
AMTAR='$${TAR-tar}'
AM_BACKSLASH='\'
AM_DEFAULT_V='$(AM_DEFAULT_VERBOSITY)'
AM_DEFAULT_VERBOSITY='0'
AM_V='$(V)'
AUTOCONF='${SHELL} /gpfs/alpine/scratch/ssinghal/csc299/Dynamic_workflow_management/tau-2.28.1/otf2-2.1/build-config/missing autoconf'
AUTOHEADER='${SHELL} /gpfs/alpine/scratch/ssinghal/csc299/Dynamic_workflow_management/tau-2.28.1/otf2-2.1/build-config/missing autoheader'
AUTOMAKE='${SHELL} /gpfs/alpine/scratch/ssinghal/csc299/Dynamic_workflow_management/tau-2.28.1/otf2-2.1/build-config/missing automake-1.13'
AWK='gawk'
CROSS_BUILD_FALSE=''
CROSS_BUILD_TRUE='#'
CYGPATH_W='echo'
DEFS='-DPACKAGE_NAME=\"OTF2\" -DPACKAGE_TARNAME=\"otf2\" -DPACKAGE_VERSION=\"2.1\" -DPACKAGE_STRING=\"OTF2\ 2.1\" -DPACKAGE_BUGREPORT=\"support@score-p.org\" -DPACKAGE_URL=\"\" -DSCOREP_IN_PRODUCTION=/\*\*/ -DPACKAGE=\"otf2\" -DVERSION=\"2.1\" -DHAVE_PLATFORM_LINUX=1 -DHAVE_OTF2_NO_ASSERT=0'
DOXYGEN='/usr/bin/doxygen'
ECHO_C=''
ECHO_N='-n'
ECHO_T=''
HAVE_DOXYGEN_FALSE='#'
HAVE_DOXYGEN_LATEX_FALSE=''
HAVE_DOXYGEN_LATEX_TRUE='#'
HAVE_DOXYGEN_TRUE=''
HAVE_PYTHON_FOR_GENERATOR_FALSE='#'
HAVE_PYTHON_FOR_GENERATOR_TRUE=''
HAVE_PYTHON_SPHINX_FALSE=''
HAVE_PYTHON_SPHINX_TRUE='#'
HAVE_UNCRUSTIFY_FALSE=''
HAVE_UNCRUSTIFY_TRUE='#'
INSTALL_DATA='${INSTALL} -m 644'
INSTALL_PROGRAM='${INSTALL}'
INSTALL_SCRIPT='${INSTALL}'
INSTALL_STRIP_PROGRAM='$(install_sh) -c -s'
LIBOBJS=''
LIBRARY_AGE='1'
LIBRARY_CURRENT='8'
LIBRARY_REVISION='0'
LIBS=''
LTLIBOBJS=''
MAKEINFO='${SHELL} /gpfs/alpine/scratch/ssinghal/csc299/Dynamic_workflow_management/tau-2.28.1/otf2-2.1/build-config/missing makeinfo'
MKDIR_P='/usr/bin/mkdir -p'
PACKAGE='otf2'
PACKAGE_BUGFIX='0'
PACKAGE_BUGREPORT='support@score-p.org'
PACKAGE_MAJOR='2'
PACKAGE_MINOR='1'
PACKAGE_NAME='OTF2'
PACKAGE_STRING='OTF2 2.1'
PACKAGE_SUFFIX=''
PACKAGE_TARNAME='otf2'
PACKAGE_URL=''
PACKAGE_VERSION='2.1'
PATH_SEPARATOR=':'
PLATFORM_AIX_FALSE=''
PLATFORM_AIX_TRUE='#'
PLATFORM_ALTIX_FALSE=''
PLATFORM_ALTIX_TRUE='#'
PLATFORM_ARM_FALSE=''
PLATFORM_ARM_TRUE='#'
PLATFORM_BGL_FALSE=''
PLATFORM_BGL_TRUE='#'
PLATFORM_BGP_FALSE=''
PLATFORM_BGP_TRUE='#'
PLATFORM_BGQ_FALSE=''
PLATFORM_BGQ_TRUE='#'
PLATFORM_CRAYXC_FALSE=''
PLATFORM_CRAYXC_TRUE='#'
PLATFORM_CRAYXE_FALSE=''
PLATFORM_CRAYXE_TRUE='#'
PLATFORM_CRAYXK_FALSE=''
PLATFORM_CRAYXK_TRUE='#'
PLATFORM_CRAYXT_FALSE=''
PLATFORM_CRAYXT_TRUE='#'
PLATFORM_CRAY_FALSE=''
PLATFORM_CRAY_TRUE='#'
PLATFORM_FX100_FALSE=''
PLATFORM_FX100_TRUE='#'
PLATFORM_FX10_FALSE=''
PLATFORM_FX10_TRUE='#'
PLATFORM_K_FALSE=''
PLATFORM_K_TRUE='#'
PLATFORM_LINUX_FALSE='#'
PLATFORM_LINUX_TRUE=''
PLATFORM_MAC_FALSE=''
PLATFORM_MAC_TRUE='#'
PLATFORM_MIC_FALSE=''
PLATFORM_MIC_TRUE='#'
PLATFORM_MINGW_FALSE=''
PLATFORM_MINGW_TRUE='#'
PLATFORM_NECSX_FALSE=''
PLATFORM_NECSX_TRUE='#'
PLATFORM_SOLARIS_FALSE=''
PLATFORM_SOLARIS_TRUE='#'
PYTHON=''
PYTHON_EXEC_PREFIX='${exec_prefix}'
PYTHON_FOR_GENERATOR='/usr/bin/python2'
PYTHON_PLATFORM='linux2'
PYTHON_PREFIX='${prefix}'
PYTHON_VERSION='2.7'
SET_MAKE=''
SHELL='/bin/sh'
SPHINX=':'
STRIP=''
SVN_CONTROLLED_FALSE=''
SVN_CONTROLLED_TRUE='#'
VERSION='2.1'
ac_scorep_doxygen_distdir=''
ac_scorep_have_uncrustify='no'
am__isrc=''
am__leading_dot='.'
am__tar='tar --format=posix -chf - "$$tardir"'
am__untar='tar -xf -'
ax_config_subdirs=' build-backend'
bindir='${exec_prefix}/bin'
build='powerpc64le-unknown-linux-gnu'
build_alias=''
build_cpu='powerpc64le'
build_os='linux-gnu'
build_vendor='unknown'
datadir='${datarootdir}'
datarootdir='${prefix}/share'
docdir='${datarootdir}/doc/${PACKAGE_TARNAME}'
dvidir='${docdir}'
exec_prefix='${prefix}'
have_dot='no'
have_doxygen_latex='no'
have_makeindex='no'
have_pdflatex='yes'
host_alias=''
htmldir='${docdir}'
includedir='${prefix}/include'
infodir='${datarootdir}/info'
install_sh='${SHELL} /gpfs/alpine/scratch/ssinghal/csc299/Dynamic_workflow_management/tau-2.28.1/otf2-2.1/build-config/install-sh'
libdir='${exec_prefix}/lib'
libexecdir='${exec_prefix}/libexec'
localedir='${datarootdir}/locale'
localstatedir='${prefix}/var'
mandir='${datarootdir}/man'
mkdir_p='$(MKDIR_P)'
oldincludedir='/usr/include'
pdfdir='${docdir}'
pkglibexecdir='/ccs/home/ssinghal/tau2-install/2.8/gcc/ibm64linux/otf2-gcc/libexec/otf2'
pkgpyexecdir='${pyexecdir}/otf2'
pkgpythondir='${pythondir}/otf2'
prefix='/ccs/home/ssinghal/tau2-install/2.8/gcc/ibm64linux/otf2-gcc'
program_transform_name='s,x,x,'
psdir='${docdir}'
pyexecdir='${exec_prefix}/lib64/python2.7/site-packages'
pythondir='${prefix}/lib/python2.7/site-packages'
sbindir='${exec_prefix}/sbin'
sharedstatedir='${prefix}/com'
sysconfdir='${prefix}/etc'
target_alias=''

## ----------- ##
## confdefs.h. ##
## ----------- ##

/* confdefs.h */
#define PACKAGE_NAME "OTF2"
#define PACKAGE_TARNAME "otf2"
#define PACKAGE_VERSION "2.1"
#define PACKAGE_STRING "OTF2 2.1"
#define PACKAGE_BUGREPORT "support@score-p.org"
#define PACKAGE_URL ""
#define SCOREP_IN_PRODUCTION /**/
#define PACKAGE "otf2"
#define VERSION "2.1"
#define HAVE_PLATFORM_LINUX 1
#define HAVE_OTF2_NO_ASSERT 0

configure: exit 0
