checking for a BSD-compatible install... /usr/local/bin/ginstall -c
checking whether build environment is sane... yes
checking for a thread-safe mkdir -p... /usr/local/bin/gmkdir -p
checking for gawk... gawk
checking whether make sets $(MAKE)... yes
checking whether make supports nested variables... yes
checking how to create a pax tar archive... gnutar
checking whether make supports nested variables... (cached) yes
checking build system type... x86_64-pc-linux-gnu
checking for platform... linux (auto detected)
checking for cross compilation... no
checking for uncrustify... no
checking for doxygen... /usr/bin/doxygen
checking for dot... yes
checking for pdflatex... yes
checking for makeindex... yes
checking for a Python interpreter with version >= 2.5... python2
checking for python2... /usr/bin/python2
checking for python2 version... 'import site' failed; use -v for traceback
2.6
checking for python2 platform... 'import site' failed; use -v for traceback
linux2
checking for python2 script directory... 'import site' failed; use -v for traceback
Traceback (most recent call last):
  File "<string>", line 22, in <module>
ImportError: No module named distutils
${prefix}/lib/python2.6/site-packages
checking for python2 extension module directory... 'import site' failed; use -v for traceback
Traceback (most recent call last):
  File "<string>", line 22, in <module>
ImportError: No module named distutils
${exec_prefix}/lib/python2.6/site-packages
checking for sphinx-build... /usr/local/python3/3.5.1/bin/sphinx-build
checking that generated files are newer than configure... done
configure: creating ./config.status
=== configuring in build-backend (/homes/ssinghal/tau-2.28.1/otf2-2.1/build-backend)
configure: running /bin/sh ./configure --disable-option-checking '--prefix=/lustre/ssinghal/tau2-install/x86_64/otf2-gcc'  'F77=gfortran' 'CXX=g++' 'FC=gfortran' 'CC=gcc' 'ac_scorep_platform=linux' 'ac_scorep_cross_compiling=no' --cache-file=/dev/null --srcdir=.
checking for a BSD-compatible install... /usr/local/bin/ginstall -c
checking whether build environment is sane... yes
checking for a thread-safe mkdir -p... /usr/local/bin/gmkdir -p
checking for gawk... gawk
checking whether make sets $(MAKE)... yes
checking whether make supports nested variables... yes
checking how to create a pax tar archive... gnutar
checking whether make supports nested variables... (cached) yes
checking for style of include used by make... GNU
checking for gcc... gcc
checking whether the C compiler works... yes
checking for C compiler default output file name... a.out
checking for suffix of executables... 
checking whether we are cross compiling... no
checking for suffix of object files... o
checking whether we are using the GNU C compiler... yes
checking whether gcc accepts -g... yes
checking for gcc option to accept ISO C89... none needed
checking dependency style of gcc... gcc3
checking for ar... ar
checking the archiver (ar) interface... ar
checking build system type... x86_64-pc-linux-gnu
checking for gcc... (cached) gcc
checking whether we are using the GNU C compiler... (cached) yes
checking whether gcc accepts -g... (cached) yes
checking for gcc option to accept ISO C89... (cached) none needed
checking dependency style of gcc... (cached) gcc3
checking for gcc option to accept ISO C99... none needed
checking for C compiler vendor... gnu
checking whether we are using the GNU C++ compiler... yes
checking whether g++ accepts -g... yes
checking dependency style of g++... gcc3
checking whether gcc and cc understand -c and -o together... yes
checking host system type... x86_64-pc-linux-gnu
checking how to print strings... printf
checking for a sed that does not truncate output... /usr/local/bin/gsed
checking for grep that handles long lines and -e... /usr/local/bin/ggrep
checking for egrep... /usr/local/bin/ggrep -E
checking for fgrep... /usr/local/bin/ggrep -F
checking for ld used by gcc... /usr/local/binutils/2.26/bin/ld
checking if the linker (/usr/local/binutils/2.26/bin/ld) is GNU ld... yes
checking for BSD- or MS-compatible name lister (nm)... /usr/local/bin/nm -B
checking the name lister (/usr/local/bin/nm -B) interface... BSD nm
checking whether ln -s works... yes
checking the maximum length of command line arguments... 1966080
checking how to convert x86_64-pc-linux-gnu file names to x86_64-pc-linux-gnu format... func_convert_file_noop
checking how to convert x86_64-pc-linux-gnu file names to toolchain format... func_convert_file_noop
checking for /usr/local/binutils/2.26/bin/ld option to reload object files... -r
checking for objdump... objdump
checking how to recognize dependent libraries... pass_all
checking for dlltool... no
checking how to associate runtime and link libraries... printf %s\n
checking for archiver @FILE support... @
checking for strip... /usr/local/bin/strip
checking for ranlib... ranlib
checking command to parse /usr/local/bin/nm -B output from gcc object... ok
checking for sysroot... no
checking for a working dd... /bin/dd
checking how to truncate binary pipes... /bin/dd bs=4096 count=1
checking for mt... mt
checking if mt is a manifest tool... no
checking how to run the C preprocessor... gcc -E
checking for ANSI C header files... yes
checking for sys/types.h... yes
checking for sys/stat.h... yes
checking for stdlib.h... yes
checking for string.h... yes
checking for memory.h... yes
checking for strings.h... yes
checking for inttypes.h... yes
checking for stdint.h... yes
checking for unistd.h... yes
checking for dlfcn.h... yes
checking for objdir... .libs
checking if gcc supports -fno-rtti -fno-exceptions... no
checking for gcc option to produce PIC... -fPIC -DPIC
checking if gcc PIC flag -fPIC -DPIC works... yes
checking if gcc static flag -static works... yes
checking if gcc supports -c -o file.o... yes
checking if gcc supports -c -o file.o... (cached) yes
checking whether the gcc linker (/usr/local/binutils/2.26/bin/ld -m elf_x86_64) supports shared libraries... yes
checking whether -lc should be explicitly linked in... no
checking dynamic linker characteristics... GNU/Linux ld.so
checking how to hardcode library paths into programs... immediate
checking whether stripping libraries is possible... yes
checking if libtool supports shared libraries... yes
checking whether to build shared libraries... yes
checking whether to build static libraries... yes
checking how to run the C++ preprocessor... g++ -E
checking for ld used by g++... /usr/local/binutils/2.26/bin/ld -m elf_x86_64
checking if the linker (/usr/local/binutils/2.26/bin/ld -m elf_x86_64) is GNU ld... yes
checking whether the g++ linker (/usr/local/binutils/2.26/bin/ld -m elf_x86_64) supports shared libraries... yes
checking for g++ option to produce PIC... -fPIC -DPIC
checking if g++ PIC flag -fPIC -DPIC works... yes
checking if g++ static flag -static works... yes
checking if g++ supports -c -o file.o... yes
checking if g++ supports -c -o file.o... (cached) yes
checking whether the g++ linker (/usr/local/binutils/2.26/bin/ld -m elf_x86_64) supports shared libraries... yes
checking dynamic linker characteristics... (cached) GNU/Linux ld.so
checking how to hardcode library paths into programs... immediate
checking whether byte ordering is bigendian... no
checking for sionconfig... no
checking for native Intel MIC build... no
checking for ranlib... (cached) ranlib
checking for unistd.h... (cached) yes
checking whether STDOUT_FILENO is declared... yes
checking for isatty... yes
checking for library containing rint... -lm
checking whether realpath is declared... yes
checking whether gethostid is declared... yes
checking whether gethostname is declared... yes
checking whether fileno is declared... yes
checking whether fseeko is declared... yes
checking whether fseeko64 is declared... no
checking whether getcwd is declared... yes
checking whether read is declared... yes
checking whether close is declared... yes
checking for realpath... yes
checking for gethostid... yes
checking for gethostname... yes
checking for fileno... yes
checking for fseeko... yes
checking for fseeko64... no
checking for getcwd... yes
checking for read... yes
checking for close... yes
checking whether gethostid is declared... (cached) yes
checking whether gethostname is declared... (cached) yes
checking whether fileno is declared... (cached) yes
checking whether fseeko is declared... (cached) yes
checking whether fseeko64 is declared... (cached) no
checking whether getcwd is declared... (cached) yes
checking whether read is declared... (cached) yes
checking whether close is declared... (cached) yes
checking for popen and pclose... yes
checking io.h usability... no
checking io.h presence... no
checking for io.h... no
checking whether mkdir accepts a mode_t argument... yes
checking for stat... yes
checking for library containing clock_gettime... -lrt
checking for CLOCK_REALTIME... yes
checking for clock_gettime timer... yes
checking for gettimeofday timer... yes
checking for getpid... yes
checking sys/sysinfo.h usability... yes
checking sys/sysinfo.h presence... yes
checking for sys/sysinfo.h... yes
checking for sysinfo... yes
checking for the pthreads library -lpthreads... no
checking whether pthreads work without any flags... no
checking whether pthreads work with -Kthread... no
checking whether pthreads work with -kthread... no
checking for the pthreads library -llthread... no
checking whether pthreads work with -pthread... yes
checking for joinable pthread attribute... PTHREAD_CREATE_JOINABLE
checking if more special flags are required for pthreads... no
checking for PTHREAD_PRIO_INHERIT... no
checking whether PTHREAD_BARRIER_SERIAL_THREAD is declared... yes
checking whether PTHREAD_MUTEX_ERRORCHECK is declared... yes
checking for a Python interpreter with version >= 2.5... python
checking for python... /usr/local/python3/3.5.1/bin/python
checking for python version... 3.5
checking for python platform... linux
checking for python script directory... ${prefix}/lib/python3.5/site-packages
checking for python extension module directory... ${exec_prefix}/lib/python3.5/site-packages
checking python module: six... yes, version 1.11.0
checking python module: builtins... yes
checking that generated files are newer than configure... done
configure: creating ./config.status
config.status: creating run_otf2_buffer_test.sh
config.status: creating run_otf2_integrity_test.sh
config.status: creating ../src/tools/otf2_config/otf2_config_data_backend.cpp
config.status: creating ../otf2-mini-config-data-backend.sh
config.status: creating Makefile
config.status: creating ../src/config-backend.h
config.status: executing depfiles commands
config.status: executing libtool commands
config.status: creating Makefile
config.status: creating src/config-common.h
config.status: creating share/otf2/__version__.py
config.status: creating doc/doxygen-user/main.dox
config.status: creating src/tools/otf2_template/otf2-template
config.status: creating include/otf2/OTF2_ErrorCodes.h
config.status: creating otf2-mini-config.sh

Configure command:
  ./configure                   '--prefix=/lustre/ssinghal/tau2-install/x86_64/otf2-gcc' \
                                'CC=gcc' \
                                'CXX=g++'

Loaded modules:
  module load                   hpcc/deepthought2 \
                                slurm/16.05.1 \
                                gcc/6.1.0 \
                                openmpi/1.10.2/gnu/6.1.0 \
                                cmake/3.9.1 \
                                likwid/4.3.3 \
                                ofed/1.5.4.1 \
                                cuda/7.5.18 \
                                scalapack/2.0.2/gnu/6.1.0/openmpi/1.10.2 \
                                lapack/3.6.1 \
                                texlive/2015 \
                                python/3.5.1

Configuration summary:
  OTF2 2.1:
    Platform:                   linux (auto detected)
    Cross compiling:            no (auto detected)

    OTF2 (backend):
      C99 compiler used:        gcc
      SIONlib support:          no
      Entropy sources:          clock_gettime getpid sysinfo gethostid
      Python bindings support:  yes, using /usr/local/python3/3.5.1/bin/python
      Running tests:            no
        Parallel tests:         yes
