make  install-recursive
make[1]: Entering directory `/gpfs/alpine/csc299/scratch/ssinghal/Dynamic_workflow_management/tau-2.28.1/otf2-2.1'
Making install in .
make[2]: Entering directory `/gpfs/alpine/csc299/scratch/ssinghal/Dynamic_workflow_management/tau-2.28.1/otf2-2.1'
make[3]: Entering directory `/gpfs/alpine/csc299/scratch/ssinghal/Dynamic_workflow_management/tau-2.28.1/otf2-2.1'
 /usr/bin/mkdir -p '/ccs/home/ssinghal/tau2-install/2.8/gcc/ibm64linux/otf2-gcc/bin'
 /usr/bin/install -c src/tools/otf2_template/otf2-template '/ccs/home/ssinghal/tau2-install/2.8/gcc/ibm64linux/otf2-gcc/bin'
 /usr/bin/mkdir -p '/ccs/home/ssinghal/tau2-install/2.8/gcc/ibm64linux/otf2-gcc/share/otf2/python/jinja2/_markupsafe'
 /usr/bin/install -c -m 644 ./vendor/python/site-packages/jinja2/_markupsafe/__init__.py ./vendor/python/site-packages/jinja2/_markupsafe/_native.py ./vendor/python/site-packages/jinja2/_markupsafe/_constants.py ./vendor/python/site-packages/jinja2/_markupsafe/_bundle.py ./vendor/python/site-packages/jinja2/_markupsafe/tests.py '/ccs/home/ssinghal/tau2-install/2.8/gcc/ibm64linux/otf2-gcc/share/otf2/python/jinja2/_markupsafe'
Byte-compiling python modules...
__init__.py_native.py_constants.py_bundle.pytests.py
Byte-compiling python modules (optimized versions) ...
__init__.py_native.py_constants.py_bundle.pytests.py
python/
python/basics.html
python/_static/
python/_static/ajax-loader.gif
python/_static/searchtools.js
python/_static/websupport.js
python/_static/comment-close.png
python/_static/down-pressed.png
python/_static/jquery.js
python/_static/pygments.css
python/_static/up.png
python/_static/comment-bright.png
python/_static/up-pressed.png
python/_static/underscore.js
python/_static/down.png
python/_static/file.png
python/_static/default.css
python/_static/sidebar.js
python/_static/basic.css
python/_static/minus.png
python/_static/doctools.js
python/_static/plus.png
python/_static/comment.png
python/py-modindex.html
python/doctrees/
python/doctrees/index.doctree
python/doctrees/basics.doctree
python/doctrees/_otf2.doctree
python/doctrees/examples.doctree
python/doctrees/otf2.doctree
python/doctrees/environment.pickle
python/searchindex.js
python/otf2.html
python/.buildinfo
python/examples.html
python/search.html
python/index.html
python/genindex.html
python/_otf2.html
python/objects.inv
python/_sources/
python/_sources/index.txt
python/_sources/basics.txt
python/_sources/examples.txt
python/_sources/_otf2.txt
python/_sources/otf2.txt
python/_modules/
python/_modules/otf2/
python/_modules/otf2/event_writer.html
python/_modules/otf2/reader.html
python/_modules/otf2/registry.html
python/_modules/otf2/writer.html
python/_modules/otf2/events.html
python/_modules/otf2/enums.html
python/_modules/otf2/definitions.html
python/_modules/index.html
html/
html/OTF2__SnapWriter_8h.html
html/group__callbacks__flush.html
html/OTF2__DefReaderCallbacks_8h.html
html/OTF2__IdMap_8h.html
html/nav_h.png
html/otf2_high_level_reader_example_8py-example.html
html/sync_on.png
html/globals_eval_i.html
html/globals_func_t.html
html/group__otf2__estimator__tool.html
html/group__records__snap.html
html/form_1.png
html/OTF2__Pthread__Locks_8h.html
html/OTF2__Archive_8h.html
html/folderopen.png
html/globals_func_d.html
html/globals_o.html
html/search/
html/search/all_9.js
html/search/variables_6.js
html/search/all_8.js
html/search/classes_0.js
html/search/groups_0.html
html/search/groups_2.js
html/search/all_3.js
html/search/variables_0.html
html/search/variables_a.html
html/search/variables_7.js
html/search/all_6.js
html/search/groups_3.js
html/search/variables_7.html
html/search/variables_9.js
html/search/variables_b.html
html/search/all_4.js
html/search/all_5.html
html/search/all_5.js
html/search/all_a.html
html/search/files_0.js
html/search/nomatches.html
html/search/mag_sel.png
html/search/variables_2.html
html/search/variables_6.html
html/search/all_7.html
html/search/variables_0.js
html/search/variables_8.html
html/search/variables_4.html
html/search/classes_0.html
html/search/pages_0.html
html/search/all_1.js
html/search/pages_1.html
html/search/groups_2.html
html/search/groups_0.js
html/search/all_b.js
html/search/all_3.html
html/search/pages_2.html
html/search/groups_3.html
html/search/variables_3.js
html/search/search.css
html/search/functions_0.js
html/search/all_d.html
html/search/all_f.html
html/search/files_0.html
html/search/all_d.js
html/search/all_0.js
html/search/groups_5.js
html/search/enumvalues_0.html
html/search/all_e.html
html/search/pages_2.js
html/search/pages_1.js
html/search/all_f.js
html/search/close.png
html/search/all_2.js
html/search/all_a.js
html/search/variables_1.html
html/search/enums_0.js
html/search/variables_5.html
html/search/variables_2.js
html/search/searchdata.js
html/search/enums_0.html
html/search/all_b.html
html/search/pages_0.js
html/search/all_e.js
html/search/enumvalues_0.js
html/search/all_4.html
html/search/typedefs_0.js
html/search/variables_8.js
html/search/variables_3.html
html/search/all_8.html
html/search/groups_1.js
html/search/search_r.png
html/search/groups_4.html
html/search/all_c.html
html/search/all_7.js
html/search/typedefs_0.html
html/search/variables_b.js
html/search/all_6.html
html/search/defines_0.js
html/search/variables_a.js
html/search/groups_4.js
html/search/functions_0.html
html/search/search.js
html/search/groups_5.html
html/search/all_c.js
html/search/groups_1.html
html/search/variables_1.js
html/search/all_0.html
html/search/variables_9.html
html/search/defines_0.html
html/search/search_l.png
html/search/all_1.html
html/search/variables_4.js
html/search/pages_3.js
html/search/pages_3.html
html/search/search_m.png
html/search/all_9.html
html/search/all_2.html
html/search/variables_5.js
html/form_4.png
html/group__io.html
html/globals_type_i.html
html/OTF2__SnapReaderCallbacks_8h_source.html
html/OTF2__MarkerWriter_8h.html
html/group__callbacks.html
html/globals_type_b.html
html/tabs.css
html/OTF2__Thumbnail_8h_source.html
html/OTF2__GeneralDefinitions_8h.html
html/doc.png
html/OTF2__AttributeList_8h.html
html/globals_eval_b.html
html/structOTF2__MemoryCallbacks.html
html/globals_type_g.html
html/OTF2__GlobalSnapReaderCallbacks_8h_source.html
html/OTF2__Marker_8h.html
html/globals_func_m.html
html/OTF2__Events_8h.html
html/globals_type_h.html
html/modules.html
html/globals_type_d.html
html/globals.html
html/globals_d.html
html/globals_type_e.html
html/OTF2__GlobalEvtReader_8h_source.html
html/globals_i.html
html/structOTF2__FlushCallbacks.html
html/globals_s.html
html/globals_u.html
html/OTF2__ErrorCodes_8h.html
html/group__callbacks__locking.html
html/OTF2__GlobalEvtReaderCallbacks_8h.html
html/group__usage__attribute__list.html
html/globals_b.html
html/otf2_openmp_writer_example_8c-example.html
html/OTF2__Definitions_8h_source.html
html/globals_eval.html
html/sync_off.png
html/otf2_mpi_reader_example_8cc-example.html
html/unionOTF2__AttributeValue.html
html/dot_inline_dotgraph_1.png
html/otf2_mpi_writer_example_8c-example.html
html/otf2_reader_example_8c-example.html
html/pages.html
html/OTF2__GlobalDefReaderCallbacks_8h_source.html
html/OTF2__MPI__Collectives_8h.html
html/nav_f.png
html/OTF2__GlobalSnapReaderCallbacks_8h.html
html/OTF2__GlobalSnapReader_8h_source.html
html/globals_eval_f.html
html/OTF2__SnapWriter_8h_source.html
html/group__otf2__config__tool.html
html/group__otf2__print__tool.html
html/globals_type.html
html/OTF2__GlobalDefWriter_8h_source.html
html/globals_g.html
html/globals_type_r.html
html/globals_type_p.html
html/OTF2__GeneralDefinitions_8h_source.html
html/dot_inline_dotgraph_2.png
html/otf2_mpi_reader_example_8c-example.html
html/globals_l.html
html/group__records.html
html/OTF2__MarkerReaderCallbacks_8h.html
html/OTF2__MarkerWriter_8h_source.html
html/dot_inline_dotgraph_3.png
html/globals_enum.html
html/OTF2__Archive_8h_source.html
html/jquery.js
html/dir_4e0f78a780219937eeb85458399131be.html
html/unionOTF2__MetricValue.html
html/OTF2__EvtWriter_8h.html
html/functions_vars.html
html/globals_func.html
html/OTF2__GlobalEvtReader_8h.html
html/OTF2__Events_8h_source.html
html/nav_g.png
html/globals_eval_t.html
html/OTF2__GlobalEvtReaderCallbacks_8h_source.html
html/globals_eval_l.html
html/globals_m.html
html/form_3.png
html/globals_eval_c.html
html/dynsections.js
html/group__callbacks__memory.html
html/group__callbacks__collective.html
html/globals_eval_m.html
html/tab_b.png
html/globals_eval_g.html
html/OTF2__AttributeList_8h_source.html
html/otf2_pthread_writer_example_8c-example.html
html/OTF2__GlobalDefReader_8h_source.html
html/group__usage__tools.html
html/globals_e.html
html/globals_eval_d.html
html/OTF2__DefWriter_8h.html
html/OTF2__ErrorCodes_8h_source.html
html/OTF2__DefWriter_8h_source.html
html/OTF2__EvtWriter_8h_source.html
html/folderclosed.png
html/functions.html
html/structOTF2__LockingCallbacks.html
html/globals_eval_w.html
html/globals_func_o.html
html/globals_func_e.html
html/OTF2__MarkerReader_8h.html
html/OTF2__GlobalDefReaderCallbacks_8h.html
html/globals_n.html
html/files.html
html/globals_type_l.html
html/OTF2__SnapReaderCallbacks_8h.html
html/group__otf2__marker__tool.html
html/OTF2__EvtReaderCallbacks_8h_source.html
html/group__usage__reading__mpi.html
html/globals_c.html
html/OTF2__GlobalDefReader_8h.html
html/OTF2__DefReader_8h_source.html
html/structOTF2__CollectiveCallbacks.html
html/group__usage__writing__mpi.html
html/OTF2__OpenMP__Locks_8h.html
html/globals_type_t.html
html/examples.html
html/doxygen.png
html/globals_type_s.html
html/group__records__definition.html
html/OTF2__DefReaderCallbacks_8h_source.html
html/globals_p.html
html/OTF2__AttributeValue_8h.html
html/OTF2__MPI__Collectives_8h_source.html
html/OTF2__Marker_8h_source.html
html/OTF2__Reader_8h_source.html
html/globals_type_f.html
html/OTF2__Pthread__Locks_8h_source.html
html/arrowdown.png
html/otf2_high_level_writer_example_8py-example.html
html/formula.repository
html/OTF2__EvtReader_8h_source.html
html/globals_h.html
html/otf2_8h_source.html
html/group__usage__writing.html
html/globals_func_g.html
html/OTF2__DefReader_8h.html
html/otf2_8h.html
html/globals_func_s.html
html/classes.html
html/open.png
html/OTF2__EventSizeEstimator_8h_source.html
html/OTF2__AttributeValue_8h_source.html
html/OTF2__GlobalDefWriter_8h.html
html/group__records__event.html
html/bdwn.png
html/globals_f.html
html/OTF2__MarkerReader_8h_source.html
html/tab_h.png
html/globals_func_p.html
html/project_logo.svg
html/index.html
html/OTF2__IdMap_8h_source.html
html/globals_func_r.html
html/group__records__marker.html
html/OTF2__MarkerReaderCallbacks_8h_source.html
html/globals_eval_r.html
html/graph_legend.png
html/splitbar.png
html/form_2.png
html/globals_type_c.html
html/globals_func_i.html
html/OTF2__Definitions_8h.html
html/annotated.html
html/globals_w.html
html/project_logo.pdf
html/dir_5a8c5264a61a950829750c8b59ca9f38.html
html/globals_eval_p.html
html/globals_eval_e.html
html/globals_v.html
html/arrowright.png
html/installationfile.html
html/OTF2__SnapReader_8h_source.html
html/OTF2__Callbacks_8h.html
html/tab_a.png
html/tab_s.png
html/globals_defs.html
html/globals_eval_s.html
html/graph_legend.html
html/OTF2__EvtReaderCallbacks_8h.html
html/group__usage__reading.html
html/otf2_writer_example_8c-example.html
html/globals_t.html
html/doxygen.css
html/globals_eval_n.html
html/OTF2__GlobalSnapReader_8h.html
html/graph_legend.md5
html/group__otf2__snapshots__tool.html
html/OTF2__Thumbnail_8h.html
html/globals_type_m.html
html/group__usage.html
html/OTF2__EventSizeEstimator_8h.html
html/OTF2__Reader_8h.html
html/OTF2__Callbacks_8h_source.html
html/globals_r.html
html/form_0.png
html/globals_eval_h.html
html/closed.png
html/OTF2__OpenMP__Locks_8h_source.html
html/bc_s.png
html/deprecated.html
html/OTF2__EvtReader_8h.html
html/OTF2__SnapReader_8h.html
/gpfs/alpine/scratch/ssinghal/csc299/Dynamic_workflow_management/tau-2.28.1/otf2-2.1
/gpfs/alpine/scratch/ssinghal/csc299/Dynamic_workflow_management/tau-2.28.1/otf2-2.1
/gpfs/alpine/scratch/ssinghal/csc299/Dynamic_workflow_management/tau-2.28.1/otf2-2.1
 /usr/bin/mkdir -p '/ccs/home/ssinghal/tau2-install/2.8/gcc/ibm64linux/otf2-gcc/share/doc/otf2/examples'
 /usr/bin/install -c -m 644 doc/examples/Makefile doc/examples/otf2_reader_example.c doc/examples/otf2_writer_example.c doc/examples/otf2_mpi_reader_example.c doc/examples/otf2_mpi_reader_example.cc doc/examples/otf2_mpi_writer_example.c doc/examples/otf2_openmp_writer_example.c doc/examples/otf2_pthread_writer_example.c doc/examples/otf2_high_level_reader_example.py doc/examples/otf2_high_level_writer_example.py '/ccs/home/ssinghal/tau2-install/2.8/gcc/ibm64linux/otf2-gcc/share/doc/otf2/examples'
 /usr/bin/mkdir -p '/ccs/home/ssinghal/tau2-install/2.8/gcc/ibm64linux/otf2-gcc/share/doc/otf2'
 /usr/bin/install -c -m 644 ./OPEN_ISSUES ./ChangeLog '/ccs/home/ssinghal/tau2-install/2.8/gcc/ibm64linux/otf2-gcc/share/doc/otf2'
 /usr/bin/mkdir -p '/ccs/home/ssinghal/tau2-install/2.8/gcc/ibm64linux/otf2-gcc/share/otf2/python/Jinja2.egg-info'
 /usr/bin/install -c -m 644 ./vendor/python/site-packages/Jinja2.egg-info/PKG-INFO ./vendor/python/site-packages/Jinja2.egg-info/not-zip-safe ./vendor/python/site-packages/Jinja2.egg-info/requires.txt ./vendor/python/site-packages/Jinja2.egg-info/entry_points.txt ./vendor/python/site-packages/Jinja2.egg-info/SOURCES.txt ./vendor/python/site-packages/Jinja2.egg-info/top_level.txt ./vendor/python/site-packages/Jinja2.egg-info/dependency_links.txt '/ccs/home/ssinghal/tau2-install/2.8/gcc/ibm64linux/otf2-gcc/share/otf2/python/Jinja2.egg-info'
 /usr/bin/mkdir -p '/ccs/home/ssinghal/tau2-install/2.8/gcc/ibm64linux/otf2-gcc/share/otf2/python/jinja2'
 /usr/bin/install -c -m 644 ./vendor/python/site-packages/jinja2/AUTHORS ./vendor/python/site-packages/jinja2/LICENSE ./vendor/python/site-packages/jinja2/_debugsupport.c '/ccs/home/ssinghal/tau2-install/2.8/gcc/ibm64linux/otf2-gcc/share/otf2/python/jinja2'
 /usr/bin/mkdir -p '/ccs/home/ssinghal/tau2-install/2.8/gcc/ibm64linux/otf2-gcc/share/otf2/python/jinja2'
 /usr/bin/install -c -m 644 ./vendor/python/site-packages/jinja2/__init__.py ./vendor/python/site-packages/jinja2/debug.py ./vendor/python/site-packages/jinja2/bccache.py ./vendor/python/site-packages/jinja2/visitor.py ./vendor/python/site-packages/jinja2/exceptions.py ./vendor/python/site-packages/jinja2/nodes.py ./vendor/python/site-packages/jinja2/optimizer.py ./vendor/python/site-packages/jinja2/utils.py ./vendor/python/site-packages/jinja2/lexer.py ./vendor/python/site-packages/jinja2/environment.py ./vendor/python/site-packages/jinja2/sandbox.py ./vendor/python/site-packages/jinja2/defaults.py ./vendor/python/site-packages/jinja2/_stringdefs.py ./vendor/python/site-packages/jinja2/loaders.py ./vendor/python/site-packages/jinja2/parser.py ./vendor/python/site-packages/jinja2/filters.py ./vendor/python/site-packages/jinja2/runtime.py ./vendor/python/site-packages/jinja2/meta.py ./vendor/python/site-packages/jinja2/compiler.py ./vendor/python/site-packages/jinja2/constants.py ./vendor/python/site-packages/jinja2/ext.py ./vendor/python/site-packages/jinja2/tests.py '/ccs/home/ssinghal/tau2-install/2.8/gcc/ibm64linux/otf2-gcc/share/otf2/python/jinja2'
Byte-compiling python modules...
__init__.pydebug.pybccache.pyvisitor.pyexceptions.pynodes.pyoptimizer.pyutils.pylexer.pyenvironment.pysandbox.pydefaults.py_stringdefs.pyloaders.pyparser.pyfilters.pyruntime.pymeta.pycompiler.pyconstants.pyext.pytests.py
Byte-compiling python modules (optimized versions) ...
__init__.pydebug.pybccache.pyvisitor.pyexceptions.pynodes.pyoptimizer.pyutils.pylexer.pyenvironment.pysandbox.pydefaults.py_stringdefs.pyloaders.pyparser.pyfilters.pyruntime.pymeta.pycompiler.pyconstants.pyext.pytests.py
 /usr/bin/mkdir -p '/ccs/home/ssinghal/tau2-install/2.8/gcc/ibm64linux/otf2-gcc/include/otf2'
 /usr/bin/install -c -m 644 include/otf2/OTF2_ErrorCodes.h '/ccs/home/ssinghal/tau2-install/2.8/gcc/ibm64linux/otf2-gcc/include/otf2'
 /usr/bin/mkdir -p '/ccs/home/ssinghal/tau2-install/2.8/gcc/ibm64linux/otf2-gcc/share/otf2/python/otf2'
 /usr/bin/install -c -m 644 ./share/otf2/__version__.py '/ccs/home/ssinghal/tau2-install/2.8/gcc/ibm64linux/otf2-gcc/share/otf2/python/otf2'
Byte-compiling python modules...
__version__.py
Byte-compiling python modules (optimized versions) ...
__version__.py
 /usr/bin/mkdir -p '/ccs/home/ssinghal/tau2-install/2.8/gcc/ibm64linux/otf2-gcc/include/otf2'
 /usr/bin/install -c -m 644 ./include/otf2/otf2.h ./include/otf2/OTF2_GeneralDefinitions.h ./include/otf2/OTF2_Events.h ./include/otf2/OTF2_Definitions.h ./include/otf2/OTF2_AttributeValue.h ./include/otf2/OTF2_AttributeList.h ./include/otf2/OTF2_IdMap.h ./include/otf2/OTF2_Archive.h ./include/otf2/OTF2_Callbacks.h ./include/otf2/OTF2_Reader.h ./include/otf2/OTF2_EvtWriter.h ./include/otf2/OTF2_GlobalDefWriter.h ./include/otf2/OTF2_DefWriter.h ./include/otf2/OTF2_GlobalEvtReader.h ./include/otf2/OTF2_GlobalEvtReaderCallbacks.h ./include/otf2/OTF2_EvtReader.h ./include/otf2/OTF2_EvtReaderCallbacks.h ./include/otf2/OTF2_GlobalDefReader.h ./include/otf2/OTF2_GlobalDefReaderCallbacks.h ./include/otf2/OTF2_DefReader.h ./include/otf2/OTF2_DefReaderCallbacks.h ./include/otf2/OTF2_SnapWriter.h ./include/otf2/OTF2_SnapReader.h ./include/otf2/OTF2_SnapReaderCallbacks.h ./include/otf2/OTF2_GlobalSnapReader.h ./include/otf2/OTF2_GlobalSnapReaderCallbacks.h ./include/otf2/OTF2_Thumbnail.h ./include/otf2/OTF2_Marker.h ./include/otf2/OTF2_MarkerReader.h ./include/otf2/OTF2_MarkerReaderCallbacks.h ./include/otf2/OTF2_MarkerWriter.h ./include/otf2/OTF2_EventSizeEstimator.h ./include/otf2/OTF2_MPI_Collectives.h ./include/otf2/OTF2_OpenMP_Locks.h ./include/otf2/OTF2_Pthread_Locks.h '/ccs/home/ssinghal/tau2-install/2.8/gcc/ibm64linux/otf2-gcc/include/otf2'
 /usr/bin/mkdir -p '/ccs/home/ssinghal/tau2-install/2.8/gcc/ibm64linux/otf2-gcc/share/otf2/python/otf2'
 /usr/bin/install -c -m 644 ./share/otf2/otf2.types ./share/otf2/otf2.enums ./share/otf2/otf2.defs ./share/otf2/otf2.events ./share/otf2/otf2.snaps '/ccs/home/ssinghal/tau2-install/2.8/gcc/ibm64linux/otf2-gcc/share/otf2/python/otf2'
 /usr/bin/mkdir -p '/ccs/home/ssinghal/tau2-install/2.8/gcc/ibm64linux/otf2-gcc/share/otf2/python/otf2'
 /usr/bin/install -c -m 644 ./share/otf2/__init__.py '/ccs/home/ssinghal/tau2-install/2.8/gcc/ibm64linux/otf2-gcc/share/otf2/python/otf2'
Byte-compiling python modules...
__init__.py
Byte-compiling python modules (optimized versions) ...
__init__.py
 /usr/bin/mkdir -p '/ccs/home/ssinghal/tau2-install/2.8/gcc/ibm64linux/otf2-gcc/share/otf2'
 /usr/bin/install -c -m 644 otf2.summary '/ccs/home/ssinghal/tau2-install/2.8/gcc/ibm64linux/otf2-gcc/share/otf2'
make  install-data-hook
make[4]: Entering directory `/gpfs/alpine/csc299/scratch/ssinghal/Dynamic_workflow_management/tau-2.28.1/otf2-2.1'
for target in mic""; do \
    if test -n "$target" && test -f /ccs/home/ssinghal/tau2-install/2.8/gcc/ibm64linux/otf2-gcc/share/otf2/$target/otf2.summary; then \
        echo >> /ccs/home/ssinghal/tau2-install/2.8/gcc/ibm64linux/otf2-gcc/share/otf2/otf2.summary ; \
        echo >> /ccs/home/ssinghal/tau2-install/2.8/gcc/ibm64linux/otf2-gcc/share/otf2/otf2.summary ; \
        echo "=====[ Target: $target ]====================" >> /ccs/home/ssinghal/tau2-install/2.8/gcc/ibm64linux/otf2-gcc/share/otf2/otf2.summary ; \
        echo >> /ccs/home/ssinghal/tau2-install/2.8/gcc/ibm64linux/otf2-gcc/share/otf2/otf2.summary ; \
        cat /ccs/home/ssinghal/tau2-install/2.8/gcc/ibm64linux/otf2-gcc/share/otf2/$target/otf2.summary >> /ccs/home/ssinghal/tau2-install/2.8/gcc/ibm64linux/otf2-gcc/share/otf2/otf2.summary ; \
    fi \
done
make[4]: Leaving directory `/gpfs/alpine/csc299/scratch/ssinghal/Dynamic_workflow_management/tau-2.28.1/otf2-2.1'
make[3]: Leaving directory `/gpfs/alpine/csc299/scratch/ssinghal/Dynamic_workflow_management/tau-2.28.1/otf2-2.1'
make[2]: Leaving directory `/gpfs/alpine/csc299/scratch/ssinghal/Dynamic_workflow_management/tau-2.28.1/otf2-2.1'
Making install in build-backend
make[2]: Entering directory `/gpfs/alpine/csc299/scratch/ssinghal/Dynamic_workflow_management/tau-2.28.1/otf2-2.1/build-backend'
make  install-am
make[3]: Entering directory `/gpfs/alpine/csc299/scratch/ssinghal/Dynamic_workflow_management/tau-2.28.1/otf2-2.1/build-backend'
make[4]: Entering directory `/gpfs/alpine/csc299/scratch/ssinghal/Dynamic_workflow_management/tau-2.28.1/otf2-2.1/build-backend'
 /usr/bin/mkdir -p '/ccs/home/ssinghal/tau2-install/2.8/gcc/ibm64linux/otf2-gcc/lib'
 /bin/sh ./libtool   --mode=install /usr/bin/install -c   libotf2.la '/ccs/home/ssinghal/tau2-install/2.8/gcc/ibm64linux/otf2-gcc/lib'
libtool: install: /usr/bin/install -c .libs/libotf2.lai /ccs/home/ssinghal/tau2-install/2.8/gcc/ibm64linux/otf2-gcc/lib/libotf2.la
libtool: install: /usr/bin/install -c .libs/libotf2.a /ccs/home/ssinghal/tau2-install/2.8/gcc/ibm64linux/otf2-gcc/lib/libotf2.a
libtool: install: chmod 644 /ccs/home/ssinghal/tau2-install/2.8/gcc/ibm64linux/otf2-gcc/lib/libotf2.a
libtool: install: ranlib /ccs/home/ssinghal/tau2-install/2.8/gcc/ibm64linux/otf2-gcc/lib/libotf2.a
libtool: finish: PATH="/gpfs/alpine/csc299/scratch/ssinghal/Dynamic_workflow_management/rmonitor:/gpfs/alpine/csc299/scratch/ssinghal/Dynamic_workflow_management/rmonitor/bin:/gpfs/alpine/csc299/scratch/ssinghal/Dynamic_workflow_management/rmonitor/include:/sw/sources/lsf-tools/2.0/summit/bin:/sw/summit/xalt/1.2.0/bin:/autofs/nccs-svm1_sw/summit/.swci/1-compute/opt/spack/20180914/linux-rhel7-ppc64le/gcc-6.4.0/kokkos-3.0.00-nd2jho65xryrafyrakewx7lmjh7vtg3t/bin:/autofs/nccs-svm1_sw/summit/.swci/1-compute/opt/spack/20180914/linux-rhel7-ppc64le/gcc-6.4.0/kokkos-nvcc-wrapper-20200221-2k5mir5wxjpoyvdkwaotm2sy74oj2cvs/bin:/gpfs/alpine/csc299/scratch/ssinghal/cheetah/dynamic_cheetah:/gpfs/alpine/csc299/scratch/ssinghal/cheetah/dynamic_cheetah/bin:/gpfs/alpine/csc299/scratch/ssinghal/cheetah/dynamic_cheetah/include:/ccs/home/ssinghal/vtk-install:/ccs/home/ssinghal/vtk-install/include:/ccs/home/ssinghal/vtk-install/bin:/ccs/home/ssinghal/vtkm-install:/ccs/home/ssinghal/vtkm-install/include:/ccs/home/ssinghal/vtkm-install/include/vtkm-1.3:/ccs/home/ssinghal/vtkm-install/bin:/ccs/home/ssinghal/tau2-install/gcc/x86_64:/ccs/home/ssinghal/tau2-install/gcc/x86_64/include:/ccs/home/ssinghal/tau2-install/gcc/x86_64/bin:/ccs/home/ssinghal/papi_install:/ccs/home/ssinghal/papi_install/include:/ccs/home/ssinghal/papi_install/bin:/ccs/home/ssinghal/zfp-install:/ccs/home/ssinghal/zfp-install/include:/ccs/home/ssinghal/zfp-install/bin:/ccs/home/ssinghal/ADIOS2-install/lib/python3.7/site-packages:/sw/summit/xalt/1.2.0/site:/sw/summit/xalt/1.2.0/libexec:/ccs/home/ssinghal/ADIOS2-install:/ccs/home/ssinghal/ADIOS2-install/include:/ccs/home/ssinghal/ADIOS2-install/bin:/sw/summit/cuda/10.1.243/extras/CUPTI/include:/sw/summit/cuda/10.1.243/extras/CUPTI/bin:/autofs/nccs-svm1_sw/summit/.swci/1-compute/opt/spack/20180914/linux-rhel7-ppc64le/gcc-6.4.0/hdf5-1.10.4-qj7qoumocmjj2xkwbwotazo22sugeq5o/bin:/autofs/nccs-svm1_sw/summit/.swci/1-compute/opt/spack/20180914/linux-rhel7-ppc64le/gcc-6.4.0/fftw-3.3.8-7p6nny234obzuczdtyyea4t4uxej777s/bin:/sw/summit/cuda/10.1.243/bin:/autofs/nccs-svm1_sw/summit/.swci/1-compute/opt/spack/20180914/linux-rhel7-ppc64le/gcc-6.4.0/spectrum-mpi-10.3.1.2-20200121-awz2q5brde7wgdqqw4ugalrkukeub4eb/bin:/sw/summit/gcc/6.4.0/bin:/usr/bin:/usr/sbin:/sw/sources/hpss/bin:/opt/ibm/spectrumcomputing/lsf/10.1.0.9/linux3.10-glibc2.17-ppc64le-csm/etc:/opt/ibm/spectrumcomputing/lsf/10.1.0.9/linux3.10-glibc2.17-ppc64le-csm/bin:/opt/ibm/csm/bin:/usr/local/bin:/usr/local/sbin:/opt/ibm/flightlog/bin:/opt/ibutils/bin:/opt/ibm/spectrum_mpi/jsm_pmix/bin:/opt/puppetlabs/bin:/usr/lpp/mmfs/bin:/sbin" ldconfig -n /ccs/home/ssinghal/tau2-install/2.8/gcc/ibm64linux/otf2-gcc/lib
----------------------------------------------------------------------
Libraries have been installed in:
   /ccs/home/ssinghal/tau2-install/2.8/gcc/ibm64linux/otf2-gcc/lib

If you ever happen to want to link against installed libraries
in a given directory, LIBDIR, you must either use libtool, and
specify the full pathname of the library, or use the '-LLIBDIR'
flag during linking and do at least one of the following:
   - add LIBDIR to the 'LD_LIBRARY_PATH' environment variable
     during execution
   - add LIBDIR to the 'LD_RUN_PATH' environment variable
     during linking
   - use the '-Wl,-rpath -Wl,LIBDIR' linker flag
   - have your system administrator add LIBDIR to '/etc/ld.so.conf'

See any operating system documentation about shared libraries for
more information, such as the ld(1) and ld.so(8) manual pages.
----------------------------------------------------------------------
 /usr/bin/mkdir -p '/ccs/home/ssinghal/tau2-install/2.8/gcc/ibm64linux/otf2-gcc/bin'
  /bin/sh ./libtool   --mode=install /usr/bin/install -c otf2-print otf2-marker otf2-config otf2-estimator otf2-snapshots '/ccs/home/ssinghal/tau2-install/2.8/gcc/ibm64linux/otf2-gcc/bin'
libtool: install: /usr/bin/install -c otf2-print /ccs/home/ssinghal/tau2-install/2.8/gcc/ibm64linux/otf2-gcc/bin/otf2-print
libtool: install: /usr/bin/install -c otf2-marker /ccs/home/ssinghal/tau2-install/2.8/gcc/ibm64linux/otf2-gcc/bin/otf2-marker
libtool: install: /usr/bin/install -c otf2-config /ccs/home/ssinghal/tau2-install/2.8/gcc/ibm64linux/otf2-gcc/bin/otf2-config
libtool: install: /usr/bin/install -c otf2-estimator /ccs/home/ssinghal/tau2-install/2.8/gcc/ibm64linux/otf2-gcc/bin/otf2-estimator
libtool: install: /usr/bin/install -c otf2-snapshots /ccs/home/ssinghal/tau2-install/2.8/gcc/ibm64linux/otf2-gcc/bin/otf2-snapshots
make  install-exec-hook
make[5]: Entering directory `/gpfs/alpine/csc299/scratch/ssinghal/Dynamic_workflow_management/tau-2.28.1/otf2-2.1/build-backend'
make[5]: Nothing to be done for `install-exec-hook'.
make[5]: Leaving directory `/gpfs/alpine/csc299/scratch/ssinghal/Dynamic_workflow_management/tau-2.28.1/otf2-2.1/build-backend'
 /usr/bin/mkdir -p '/ccs/home/ssinghal/tau2-install/2.8/gcc/ibm64linux/otf2-gcc/lib/python3.7/site-packages/_otf2'
 /bin/sh ./libtool   --mode=install /usr/bin/install -c   _otf2.la '/ccs/home/ssinghal/tau2-install/2.8/gcc/ibm64linux/otf2-gcc/lib/python3.7/site-packages/_otf2'
libtool: install: /usr/bin/install -c .libs/_otf2.so /ccs/home/ssinghal/tau2-install/2.8/gcc/ibm64linux/otf2-gcc/lib/python3.7/site-packages/_otf2/_otf2.so
libtool: install: /usr/bin/install -c .libs/_otf2.lai /ccs/home/ssinghal/tau2-install/2.8/gcc/ibm64linux/otf2-gcc/lib/python3.7/site-packages/_otf2/_otf2.la
libtool: finish: PATH="/gpfs/alpine/csc299/scratch/ssinghal/Dynamic_workflow_management/rmonitor:/gpfs/alpine/csc299/scratch/ssinghal/Dynamic_workflow_management/rmonitor/bin:/gpfs/alpine/csc299/scratch/ssinghal/Dynamic_workflow_management/rmonitor/include:/sw/sources/lsf-tools/2.0/summit/bin:/sw/summit/xalt/1.2.0/bin:/autofs/nccs-svm1_sw/summit/.swci/1-compute/opt/spack/20180914/linux-rhel7-ppc64le/gcc-6.4.0/kokkos-3.0.00-nd2jho65xryrafyrakewx7lmjh7vtg3t/bin:/autofs/nccs-svm1_sw/summit/.swci/1-compute/opt/spack/20180914/linux-rhel7-ppc64le/gcc-6.4.0/kokkos-nvcc-wrapper-20200221-2k5mir5wxjpoyvdkwaotm2sy74oj2cvs/bin:/gpfs/alpine/csc299/scratch/ssinghal/cheetah/dynamic_cheetah:/gpfs/alpine/csc299/scratch/ssinghal/cheetah/dynamic_cheetah/bin:/gpfs/alpine/csc299/scratch/ssinghal/cheetah/dynamic_cheetah/include:/ccs/home/ssinghal/vtk-install:/ccs/home/ssinghal/vtk-install/include:/ccs/home/ssinghal/vtk-install/bin:/ccs/home/ssinghal/vtkm-install:/ccs/home/ssinghal/vtkm-install/include:/ccs/home/ssinghal/vtkm-install/include/vtkm-1.3:/ccs/home/ssinghal/vtkm-install/bin:/ccs/home/ssinghal/tau2-install/gcc/x86_64:/ccs/home/ssinghal/tau2-install/gcc/x86_64/include:/ccs/home/ssinghal/tau2-install/gcc/x86_64/bin:/ccs/home/ssinghal/papi_install:/ccs/home/ssinghal/papi_install/include:/ccs/home/ssinghal/papi_install/bin:/ccs/home/ssinghal/zfp-install:/ccs/home/ssinghal/zfp-install/include:/ccs/home/ssinghal/zfp-install/bin:/ccs/home/ssinghal/ADIOS2-install/lib/python3.7/site-packages:/sw/summit/xalt/1.2.0/site:/sw/summit/xalt/1.2.0/libexec:/ccs/home/ssinghal/ADIOS2-install:/ccs/home/ssinghal/ADIOS2-install/include:/ccs/home/ssinghal/ADIOS2-install/bin:/sw/summit/cuda/10.1.243/extras/CUPTI/include:/sw/summit/cuda/10.1.243/extras/CUPTI/bin:/autofs/nccs-svm1_sw/summit/.swci/1-compute/opt/spack/20180914/linux-rhel7-ppc64le/gcc-6.4.0/hdf5-1.10.4-qj7qoumocmjj2xkwbwotazo22sugeq5o/bin:/autofs/nccs-svm1_sw/summit/.swci/1-compute/opt/spack/20180914/linux-rhel7-ppc64le/gcc-6.4.0/fftw-3.3.8-7p6nny234obzuczdtyyea4t4uxej777s/bin:/sw/summit/cuda/10.1.243/bin:/autofs/nccs-svm1_sw/summit/.swci/1-compute/opt/spack/20180914/linux-rhel7-ppc64le/gcc-6.4.0/spectrum-mpi-10.3.1.2-20200121-awz2q5brde7wgdqqw4ugalrkukeub4eb/bin:/sw/summit/gcc/6.4.0/bin:/usr/bin:/usr/sbin:/sw/sources/hpss/bin:/opt/ibm/spectrumcomputing/lsf/10.1.0.9/linux3.10-glibc2.17-ppc64le-csm/etc:/opt/ibm/spectrumcomputing/lsf/10.1.0.9/linux3.10-glibc2.17-ppc64le-csm/bin:/opt/ibm/csm/bin:/usr/local/bin:/usr/local/sbin:/opt/ibm/flightlog/bin:/opt/ibutils/bin:/opt/ibm/spectrum_mpi/jsm_pmix/bin:/opt/puppetlabs/bin:/usr/lpp/mmfs/bin:/sbin" ldconfig -n /ccs/home/ssinghal/tau2-install/2.8/gcc/ibm64linux/otf2-gcc/lib/python3.7/site-packages/_otf2
----------------------------------------------------------------------
Libraries have been installed in:
   /ccs/home/ssinghal/tau2-install/2.8/gcc/ibm64linux/otf2-gcc/lib/python3.7/site-packages/_otf2

If you ever happen to want to link against installed libraries
in a given directory, LIBDIR, you must either use libtool, and
specify the full pathname of the library, or use the '-LLIBDIR'
flag during linking and do at least one of the following:
   - add LIBDIR to the 'LD_LIBRARY_PATH' environment variable
     during execution
   - add LIBDIR to the 'LD_RUN_PATH' environment variable
     during linking
   - use the '-Wl,-rpath -Wl,LIBDIR' linker flag
   - have your system administrator add LIBDIR to '/etc/ld.so.conf'

See any operating system documentation about shared libraries for
more information, such as the ld(1) and ld.so(8) manual pages.
----------------------------------------------------------------------
 /usr/bin/mkdir -p '/ccs/home/ssinghal/tau2-install/2.8/gcc/ibm64linux/otf2-gcc/lib/python3.7/site-packages/_otf2'
 /usr/bin/install -c -m 644 ../src/python/_otf2/__init__.py ../src/python/_otf2/Archive.py ../src/python/_otf2/AttributeList.py ../src/python/_otf2/AttributeValue.py ../src/python/_otf2/Callbacks.py ../src/python/_otf2/Config.py ../src/python/_otf2/Definitions.py ../src/python/_otf2/DefReaderCallbacks.py ../src/python/_otf2/DefReader.py ../src/python/_otf2/DefWriter.py ../src/python/_otf2/ErrorCodes.py ../src/python/_otf2/EventSizeEstimator.py ../src/python/_otf2/Events.py ../src/python/_otf2/EvtReaderCallbacks.py ../src/python/_otf2/EvtReader.py ../src/python/_otf2/EvtWriter.py ../src/python/_otf2/GeneralDefinitions.py ../src/python/_otf2/GlobalDefReaderCallbacks.py ../src/python/_otf2/GlobalDefReader.py ../src/python/_otf2/GlobalDefWriter.py ../src/python/_otf2/GlobalEvtReaderCallbacks.py ../src/python/_otf2/GlobalEvtReader.py ../src/python/_otf2/GlobalSnapReaderCallbacks.py ../src/python/_otf2/GlobalSnapReader.py ../src/python/_otf2/IdMap.py ../src/python/_otf2/Marker.py ../src/python/_otf2/MarkerReaderCallbacks.py ../src/python/_otf2/MarkerReader.py ../src/python/_otf2/MarkerWriter.py ../src/python/_otf2/Reader.py ../src/python/_otf2/SnapReaderCallbacks.py ../src/python/_otf2/SnapReader.py ../src/python/_otf2/SnapWriter.py ../src/python/_otf2/Thumbnail.py '/ccs/home/ssinghal/tau2-install/2.8/gcc/ibm64linux/otf2-gcc/lib/python3.7/site-packages/_otf2'
Byte-compiling python modules...
__init__.pyArchive.pyAttributeList.pyAttributeValue.pyCallbacks.pyConfig.pyDefinitions.pyDefReaderCallbacks.pyDefReader.pyDefWriter.pyErrorCodes.pyEventSizeEstimator.pyEvents.pyEvtReaderCallbacks.pyEvtReader.pyEvtWriter.pyGeneralDefinitions.pyGlobalDefReaderCallbacks.pyGlobalDefReader.pyGlobalDefWriter.pyGlobalEvtReaderCallbacks.pyGlobalEvtReader.pyGlobalSnapReaderCallbacks.pyGlobalSnapReader.pyIdMap.pyMarker.pyMarkerReaderCallbacks.pyMarkerReader.pyMarkerWriter.pyReader.pySnapReaderCallbacks.pySnapReader.pySnapWriter.pyThumbnail.py
-c:2: DeprecationWarning: the imp module is deprecated in favour of importlib; see the module's documentation for alternative uses
Byte-compiling python modules (optimized versions) ...
__init__.pyArchive.pyAttributeList.pyAttributeValue.pyCallbacks.pyConfig.pyDefinitions.pyDefReaderCallbacks.pyDefReader.pyDefWriter.pyErrorCodes.pyEventSizeEstimator.pyEvents.pyEvtReaderCallbacks.pyEvtReader.pyEvtWriter.pyGeneralDefinitions.pyGlobalDefReaderCallbacks.pyGlobalDefReader.pyGlobalDefWriter.pyGlobalEvtReaderCallbacks.pyGlobalEvtReader.pyGlobalSnapReaderCallbacks.pyGlobalSnapReader.pyIdMap.pyMarker.pyMarkerReaderCallbacks.pyMarkerReader.pyMarkerWriter.pyReader.pySnapReaderCallbacks.pySnapReader.pySnapWriter.pyThumbnail.py
 /usr/bin/mkdir -p '/ccs/home/ssinghal/tau2-install/2.8/gcc/ibm64linux/otf2-gcc/lib/python3.7/site-packages/otf2'
 /usr/bin/install -c -m 644 ../src/python/otf2/__init__.py ../src/python/otf2/attribute_list.py ../src/python/otf2/attribute_value.py ../src/python/otf2/definitions.py ../src/python/otf2/definition_writer.py ../src/python/otf2/enums.py ../src/python/otf2/error.py ../src/python/otf2/event_reader.py ../src/python/otf2/events.py ../src/python/otf2/event_writer.py ../src/python/otf2/reader.py ../src/python/otf2/registry.py ../src/python/otf2/writer.py '/ccs/home/ssinghal/tau2-install/2.8/gcc/ibm64linux/otf2-gcc/lib/python3.7/site-packages/otf2'
Byte-compiling python modules...
__init__.pyattribute_list.pyattribute_value.pydefinitions.pydefinition_writer.pyenums.pyerror.pyevent_reader.pyevents.pyevent_writer.pyreader.pyregistry.pywriter.py
-c:2: DeprecationWarning: the imp module is deprecated in favour of importlib; see the module's documentation for alternative uses
Byte-compiling python modules (optimized versions) ...
__init__.pyattribute_list.pyattribute_value.pydefinitions.pydefinition_writer.pyenums.pyerror.pyevent_reader.pyevents.pyevent_writer.pyreader.pyregistry.pywriter.py
make[4]: Leaving directory `/gpfs/alpine/csc299/scratch/ssinghal/Dynamic_workflow_management/tau-2.28.1/otf2-2.1/build-backend'
make[3]: Leaving directory `/gpfs/alpine/csc299/scratch/ssinghal/Dynamic_workflow_management/tau-2.28.1/otf2-2.1/build-backend'
make[2]: Leaving directory `/gpfs/alpine/csc299/scratch/ssinghal/Dynamic_workflow_management/tau-2.28.1/otf2-2.1/build-backend'
make[1]: Leaving directory `/gpfs/alpine/csc299/scratch/ssinghal/Dynamic_workflow_management/tau-2.28.1/otf2-2.1'
