This file contains any messages produced by compilers while
running configure, to aid debugging if configure makes a mistake.

It was created by OTF2 configure 2.1, which was
generated by GNU Autoconf 2.69.  Invocation command line was

  $ ./configure --disable-option-checking --prefix=/ccs/home/ssinghal/tau2-install/2.8/gcc/ibm64linux/otf2-gcc FC=gfortran F77=gfortran CC=gcc CXX=g++ ac_scorep_platform=linux ac_scorep_cross_compiling=no --cache-file=/dev/null --srcdir=.

## --------- ##
## Platform. ##
## --------- ##

hostname = login3
uname -m = ppc64le
uname -r = 4.14.0-115.21.2.el7a.ppc64le
uname -s = Linux
uname -v = #1 SMP Thu May 7 22:22:31 UTC 2020

/usr/bin/uname -p = ppc64le
/bin/uname -X     = unknown

/bin/arch              = ppc64le
/usr/bin/arch -k       = unknown
/usr/convex/getsysinfo = unknown
/usr/bin/hostinfo      = unknown
/bin/machine           = unknown
/usr/bin/oslevel       = unknown
/bin/universe          = unknown

PATH: /gpfs/alpine/csc299/scratch/ssinghal/Dynamic_workflow_management/rmonitor
PATH: /gpfs/alpine/csc299/scratch/ssinghal/Dynamic_workflow_management/rmonitor/bin
PATH: /gpfs/alpine/csc299/scratch/ssinghal/Dynamic_workflow_management/rmonitor/include
PATH: /sw/sources/lsf-tools/2.0/summit/bin
PATH: /sw/summit/xalt/1.2.0/bin
PATH: /autofs/nccs-svm1_sw/summit/.swci/1-compute/opt/spack/20180914/linux-rhel7-ppc64le/gcc-6.4.0/kokkos-3.0.00-nd2jho65xryrafyrakewx7lmjh7vtg3t/bin
PATH: /autofs/nccs-svm1_sw/summit/.swci/1-compute/opt/spack/20180914/linux-rhel7-ppc64le/gcc-6.4.0/kokkos-nvcc-wrapper-20200221-2k5mir5wxjpoyvdkwaotm2sy74oj2cvs/bin
PATH: /gpfs/alpine/csc299/scratch/ssinghal/cheetah/dynamic_cheetah
PATH: /gpfs/alpine/csc299/scratch/ssinghal/cheetah/dynamic_cheetah/bin
PATH: /gpfs/alpine/csc299/scratch/ssinghal/cheetah/dynamic_cheetah/include
PATH: /ccs/home/ssinghal/vtk-install
PATH: /ccs/home/ssinghal/vtk-install/include
PATH: /ccs/home/ssinghal/vtk-install/bin
PATH: /ccs/home/ssinghal/vtkm-install
PATH: /ccs/home/ssinghal/vtkm-install/include
PATH: /ccs/home/ssinghal/vtkm-install/include/vtkm-1.3
PATH: /ccs/home/ssinghal/vtkm-install/bin
PATH: /ccs/home/ssinghal/tau2-install/gcc/x86_64
PATH: /ccs/home/ssinghal/tau2-install/gcc/x86_64/include
PATH: /ccs/home/ssinghal/tau2-install/gcc/x86_64/bin
PATH: /ccs/home/ssinghal/papi_install
PATH: /ccs/home/ssinghal/papi_install/include
PATH: /ccs/home/ssinghal/papi_install/bin
PATH: /ccs/home/ssinghal/zfp-install
PATH: /ccs/home/ssinghal/zfp-install/include
PATH: /ccs/home/ssinghal/zfp-install/bin
PATH: /ccs/home/ssinghal/ADIOS2-install/lib/python3.7/site-packages
PATH: /sw/summit/xalt/1.2.0/site
PATH: /sw/summit/xalt/1.2.0/libexec
PATH: /ccs/home/ssinghal/ADIOS2-install
PATH: /ccs/home/ssinghal/ADIOS2-install/include
PATH: /ccs/home/ssinghal/ADIOS2-install/bin
PATH: /sw/summit/cuda/10.1.243/extras/CUPTI/include
PATH: /sw/summit/cuda/10.1.243/extras/CUPTI/bin
PATH: /autofs/nccs-svm1_sw/summit/.swci/1-compute/opt/spack/20180914/linux-rhel7-ppc64le/gcc-6.4.0/hdf5-1.10.4-qj7qoumocmjj2xkwbwotazo22sugeq5o/bin
PATH: /autofs/nccs-svm1_sw/summit/.swci/1-compute/opt/spack/20180914/linux-rhel7-ppc64le/gcc-6.4.0/fftw-3.3.8-7p6nny234obzuczdtyyea4t4uxej777s/bin
PATH: /sw/summit/cuda/10.1.243/bin
PATH: /autofs/nccs-svm1_sw/summit/.swci/1-compute/opt/spack/20180914/linux-rhel7-ppc64le/gcc-6.4.0/spectrum-mpi-10.3.1.2-20200121-awz2q5brde7wgdqqw4ugalrkukeub4eb/bin
PATH: /sw/summit/gcc/6.4.0/bin
PATH: /usr/bin
PATH: /usr/sbin
PATH: /sw/sources/hpss/bin
PATH: /opt/ibm/spectrumcomputing/lsf/10.1.0.9/linux3.10-glibc2.17-ppc64le-csm/etc
PATH: /opt/ibm/spectrumcomputing/lsf/10.1.0.9/linux3.10-glibc2.17-ppc64le-csm/bin
PATH: /opt/ibm/csm/bin
PATH: /usr/local/bin
PATH: /usr/local/sbin
PATH: /opt/ibm/flightlog/bin
PATH: /opt/ibutils/bin
PATH: /opt/ibm/spectrum_mpi/jsm_pmix/bin
PATH: /opt/puppetlabs/bin
PATH: /usr/lpp/mmfs/bin


## ----------- ##
## Core tests. ##
## ----------- ##

configure:2798: checking for a BSD-compatible install
configure:2866: result: /usr/bin/install -c
configure:2877: checking whether build environment is sane
configure:2932: result: yes
configure:3083: checking for a thread-safe mkdir -p
configure:3122: result: /usr/bin/mkdir -p
configure:3129: checking for gawk
configure:3145: found /usr/bin/gawk
configure:3156: result: gawk
configure:3167: checking whether make sets $(MAKE)
configure:3189: result: yes
configure:3218: checking whether make supports nested variables
configure:3235: result: yes
configure:3314: checking how to create a pax tar archive
configure:3325: tar --version
tar (GNU tar) 1.26
Copyright (C) 2011 Free Software Foundation, Inc.
License GPLv3+: GNU GPL version 3 or later <http://gnu.org/licenses/gpl.html>.
This is free software: you are free to change and redistribute it.
There is NO WARRANTY, to the extent permitted by law.

Written by John Gilmore and Jay Fenlason.
configure:3328: $? = 0
configure:3368: tardir=conftest.dir && eval tar --format=posix -chf - "$tardir" >conftest.tar
configure:3371: $? = 0
configure:3375: tar -xf - <conftest.tar
configure:3378: $? = 0
configure:3380: cat conftest.dir/file
GrepMe
configure:3383: $? = 0
configure:3396: result: gnutar
configure:3415: checking whether make supports nested variables
configure:3432: result: yes
configure:3455: checking for style of include used by make
configure:3483: result: GNU
configure:3554: checking for gcc
configure:3581: result: gcc
configure:3810: checking for C compiler version
configure:3819: gcc --version >&5
gcc (GCC) 6.4.0
Copyright (C) 2017 Free Software Foundation, Inc.
This is free software; see the source for copying conditions.  There is NO
warranty; not even for MERCHANTABILITY or FITNESS FOR A PARTICULAR PURPOSE.

configure:3830: $? = 0
configure:3819: gcc -v >&5
Using built-in specs.
COLLECT_GCC=gcc
COLLECT_LTO_WRAPPER=/autofs/nccs-svm1_sw/summit/gcc/6.4.0/bin/../libexec/gcc/powerpc64le-none-linux-gnu/6.4.0/lto-wrapper
OFFLOAD_TARGET_NAMES=nvptx-none
Target: powerpc64le-none-linux-gnu
Configured with: /sw/summit/gcc/6.4.0/src/gcc-6.4.0/configure --prefix=/sw/summit/gcc/6.4.0 --build=powerpc64le-none-linux-gnu --host=powerpc64le-none-linux-gnu --target=powerpc64le-none-linux-gnu --enable-offload-targets=nvptx-none --with-cuda-driver=/sw/summit/cuda/9.0.184 --disable-multilib CFLAGS=-m64
Thread model: posix
gcc version 6.4.0 (GCC) 
configure:3830: $? = 0
configure:3819: gcc -V >&5
gcc: error: unrecognized command line option '-V'
gcc: fatal error: no input files
compilation terminated.
configure:3830: $? = 1
configure:3819: gcc -qversion >&5
gcc: error: unrecognized command line option '-qversion'; did you mean '--version'?
gcc: fatal error: no input files
compilation terminated.
configure:3830: $? = 1
configure:3850: checking whether the C compiler works
configure:3872: gcc    conftest.c  >&5
configure:3876: $? = 0
configure:3924: result: yes
configure:3927: checking for C compiler default output file name
configure:3929: result: a.out
configure:3935: checking for suffix of executables
configure:3942: gcc -o conftest    conftest.c  >&5
configure:3946: $? = 0
configure:3968: result: 
configure:3990: checking whether we are cross compiling
configure:3998: gcc -o conftest    conftest.c  >&5
configure:4002: $? = 0
configure:4009: ./conftest
configure:4013: $? = 0
configure:4028: result: no
configure:4033: checking for suffix of object files
configure:4055: gcc -c   conftest.c >&5
configure:4059: $? = 0
configure:4080: result: o
configure:4084: checking whether we are using the GNU C compiler
configure:4103: gcc -c   conftest.c >&5
configure:4103: $? = 0
configure:4112: result: yes
configure:4121: checking whether gcc accepts -g
configure:4141: gcc -c -g  conftest.c >&5
configure:4141: $? = 0
configure:4182: result: yes
configure:4199: checking for gcc option to accept ISO C89
configure:4262: gcc  -c -g -O2  conftest.c >&5
configure:4262: $? = 0
configure:4275: result: none needed
configure:4297: checking dependency style of gcc
configure:4408: result: gcc3
configure:4473: checking for ar
configure:4489: found /usr/bin/ar
configure:4500: result: ar
configure:4526: checking the archiver (ar) interface
configure:4536: gcc -c -g -O2  conftest.c >&5
configure:4536: $? = 0
configure:4538: ar cru libconftest.a conftest.o >&5
configure:4541: $? = 0
configure:4564: result: ar
configure:4615: checking build system type
configure:4629: result: powerpc64le-unknown-linux-gnu
configure:4979: checking for gcc
configure:5006: result: gcc
configure:5235: checking for C compiler version
configure:5244: gcc --version >&5
gcc (GCC) 6.4.0
Copyright (C) 2017 Free Software Foundation, Inc.
This is free software; see the source for copying conditions.  There is NO
warranty; not even for MERCHANTABILITY or FITNESS FOR A PARTICULAR PURPOSE.

configure:5255: $? = 0
configure:5244: gcc -v >&5
Using built-in specs.
COLLECT_GCC=gcc
COLLECT_LTO_WRAPPER=/autofs/nccs-svm1_sw/summit/gcc/6.4.0/bin/../libexec/gcc/powerpc64le-none-linux-gnu/6.4.0/lto-wrapper
OFFLOAD_TARGET_NAMES=nvptx-none
Target: powerpc64le-none-linux-gnu
Configured with: /sw/summit/gcc/6.4.0/src/gcc-6.4.0/configure --prefix=/sw/summit/gcc/6.4.0 --build=powerpc64le-none-linux-gnu --host=powerpc64le-none-linux-gnu --target=powerpc64le-none-linux-gnu --enable-offload-targets=nvptx-none --with-cuda-driver=/sw/summit/cuda/9.0.184 --disable-multilib CFLAGS=-m64
Thread model: posix
gcc version 6.4.0 (GCC) 
configure:5255: $? = 0
configure:5244: gcc -V >&5
gcc: error: unrecognized command line option '-V'
gcc: fatal error: no input files
compilation terminated.
configure:5255: $? = 1
configure:5244: gcc -qversion >&5
gcc: error: unrecognized command line option '-qversion'; did you mean '--version'?
gcc: fatal error: no input files
compilation terminated.
configure:5255: $? = 1
configure:5259: checking whether we are using the GNU C compiler
configure:5287: result: yes
configure:5296: checking whether gcc accepts -g
configure:5357: result: yes
configure:5374: checking for gcc option to accept ISO C89
configure:5450: result: none needed
configure:5472: checking dependency style of gcc
configure:5583: result: gcc3
configure:5608: checking for gcc option to accept ISO C99
configure:5757: gcc  -c -g -O2  conftest.c >&5
configure:5757: $? = 0
configure:5770: result: none needed
configure:5801: checking for C compiler vendor
configure:5848: gcc -c -g -O2  conftest.c >&5
conftest.c: In function 'main':
conftest.c:26:9: error: 'thisisanerror' undeclared (first use in this function)
         thisisanerror;
         ^~~~~~~~~~~~~
conftest.c:26:9: note: each undeclared identifier is reported only once for each function it appears in
configure:5848: $? = 1
configure: failed program was:
| /* confdefs.h */
| #define PACKAGE_NAME "OTF2"
| #define PACKAGE_TARNAME "otf2"
| #define PACKAGE_VERSION "2.1"
| #define PACKAGE_STRING "OTF2 2.1"
| #define PACKAGE_BUGREPORT "support@score-p.org"
| #define PACKAGE_URL ""
| #define AFS_PACKAGE_BUILD "backend"
| #define AFS_PACKAGE_SRCDIR "../"
| #define AFS_PACKAGE_BUILD_name backend
| #define AFS_PACKAGE_BUILD_NAME BACKEND
| #define AFS_PACKAGE_name otf2
| #define AFS_PACKAGE_NAME OTF2
| #define LIBRARY_INTERFACE_VERSION "8:0:1"
| #define PACKAGE "otf2"
| #define VERSION "2.1"
| #define SCOREP_IN_PRODUCTION /**/
| #define HAVE_PLATFORM_LINUX 1
| /* end confdefs.h.  */
| 
| int
| main ()
| {
| 
|       #if !(defined(__ICC) || defined(__ECC) || defined(__INTEL_COMPILER))
|         thisisanerror;
|       #endif
| 
|   ;
|   return 0;
| }
configure:5848: gcc -c -g -O2  conftest.c >&5
conftest.c: In function 'main':
conftest.c:26:9: error: 'thisisanerror' undeclared (first use in this function)
         thisisanerror;
         ^~~~~~~~~~~~~
conftest.c:26:9: note: each undeclared identifier is reported only once for each function it appears in
configure:5848: $? = 1
configure: failed program was:
| /* confdefs.h */
| #define PACKAGE_NAME "OTF2"
| #define PACKAGE_TARNAME "otf2"
| #define PACKAGE_VERSION "2.1"
| #define PACKAGE_STRING "OTF2 2.1"
| #define PACKAGE_BUGREPORT "support@score-p.org"
| #define PACKAGE_URL ""
| #define AFS_PACKAGE_BUILD "backend"
| #define AFS_PACKAGE_SRCDIR "../"
| #define AFS_PACKAGE_BUILD_name backend
| #define AFS_PACKAGE_BUILD_NAME BACKEND
| #define AFS_PACKAGE_name otf2
| #define AFS_PACKAGE_NAME OTF2
| #define LIBRARY_INTERFACE_VERSION "8:0:1"
| #define PACKAGE "otf2"
| #define VERSION "2.1"
| #define SCOREP_IN_PRODUCTION /**/
| #define HAVE_PLATFORM_LINUX 1
| /* end confdefs.h.  */
| 
| int
| main ()
| {
| 
|       #if !(defined(__xlc__) || defined(__xlC__) || defined(__IBMC__) || defined(__IBMCPP__))
|         thisisanerror;
|       #endif
| 
|   ;
|   return 0;
| }
configure:5848: gcc -c -g -O2  conftest.c >&5
conftest.c: In function 'main':
conftest.c:26:9: error: 'thisisanerror' undeclared (first use in this function)
         thisisanerror;
         ^~~~~~~~~~~~~
conftest.c:26:9: note: each undeclared identifier is reported only once for each function it appears in
configure:5848: $? = 1
configure: failed program was:
| /* confdefs.h */
| #define PACKAGE_NAME "OTF2"
| #define PACKAGE_TARNAME "otf2"
| #define PACKAGE_VERSION "2.1"
| #define PACKAGE_STRING "OTF2 2.1"
| #define PACKAGE_BUGREPORT "support@score-p.org"
| #define PACKAGE_URL ""
| #define AFS_PACKAGE_BUILD "backend"
| #define AFS_PACKAGE_SRCDIR "../"
| #define AFS_PACKAGE_BUILD_name backend
| #define AFS_PACKAGE_BUILD_NAME BACKEND
| #define AFS_PACKAGE_name otf2
| #define AFS_PACKAGE_NAME OTF2
| #define LIBRARY_INTERFACE_VERSION "8:0:1"
| #define PACKAGE "otf2"
| #define VERSION "2.1"
| #define SCOREP_IN_PRODUCTION /**/
| #define HAVE_PLATFORM_LINUX 1
| /* end confdefs.h.  */
| 
| int
| main ()
| {
| 
|       #if !(defined(__PATHCC__) || defined(__PATHSCALE__))
|         thisisanerror;
|       #endif
| 
|   ;
|   return 0;
| }
configure:5848: gcc -c -g -O2  conftest.c >&5
conftest.c: In function 'main':
conftest.c:26:9: error: 'thisisanerror' undeclared (first use in this function)
         thisisanerror;
         ^~~~~~~~~~~~~
conftest.c:26:9: note: each undeclared identifier is reported only once for each function it appears in
configure:5848: $? = 1
configure: failed program was:
| /* confdefs.h */
| #define PACKAGE_NAME "OTF2"
| #define PACKAGE_TARNAME "otf2"
| #define PACKAGE_VERSION "2.1"
| #define PACKAGE_STRING "OTF2 2.1"
| #define PACKAGE_BUGREPORT "support@score-p.org"
| #define PACKAGE_URL ""
| #define AFS_PACKAGE_BUILD "backend"
| #define AFS_PACKAGE_SRCDIR "../"
| #define AFS_PACKAGE_BUILD_name backend
| #define AFS_PACKAGE_BUILD_NAME BACKEND
| #define AFS_PACKAGE_name otf2
| #define AFS_PACKAGE_NAME OTF2
| #define LIBRARY_INTERFACE_VERSION "8:0:1"
| #define PACKAGE "otf2"
| #define VERSION "2.1"
| #define SCOREP_IN_PRODUCTION /**/
| #define HAVE_PLATFORM_LINUX 1
| /* end confdefs.h.  */
| 
| int
| main ()
| {
| 
|       #if !(defined(__clang__))
|         thisisanerror;
|       #endif
| 
|   ;
|   return 0;
| }
configure:5848: gcc -c -g -O2  conftest.c >&5
conftest.c: In function 'main':
conftest.c:26:9: error: 'thisisanerror' undeclared (first use in this function)
         thisisanerror;
         ^~~~~~~~~~~~~
conftest.c:26:9: note: each undeclared identifier is reported only once for each function it appears in
configure:5848: $? = 1
configure: failed program was:
| /* confdefs.h */
| #define PACKAGE_NAME "OTF2"
| #define PACKAGE_TARNAME "otf2"
| #define PACKAGE_VERSION "2.1"
| #define PACKAGE_STRING "OTF2 2.1"
| #define PACKAGE_BUGREPORT "support@score-p.org"
| #define PACKAGE_URL ""
| #define AFS_PACKAGE_BUILD "backend"
| #define AFS_PACKAGE_SRCDIR "../"
| #define AFS_PACKAGE_BUILD_name backend
| #define AFS_PACKAGE_BUILD_NAME BACKEND
| #define AFS_PACKAGE_name otf2
| #define AFS_PACKAGE_NAME OTF2
| #define LIBRARY_INTERFACE_VERSION "8:0:1"
| #define PACKAGE "otf2"
| #define VERSION "2.1"
| #define SCOREP_IN_PRODUCTION /**/
| #define HAVE_PLATFORM_LINUX 1
| /* end confdefs.h.  */
| 
| int
| main ()
| {
| 
|       #if !(defined(_CRAYC))
|         thisisanerror;
|       #endif
| 
|   ;
|   return 0;
| }
configure:5848: gcc -c -g -O2  conftest.c >&5
conftest.c: In function 'main':
conftest.c:26:9: error: 'thisisanerror' undeclared (first use in this function)
         thisisanerror;
         ^~~~~~~~~~~~~
conftest.c:26:9: note: each undeclared identifier is reported only once for each function it appears in
configure:5848: $? = 1
configure: failed program was:
| /* confdefs.h */
| #define PACKAGE_NAME "OTF2"
| #define PACKAGE_TARNAME "otf2"
| #define PACKAGE_VERSION "2.1"
| #define PACKAGE_STRING "OTF2 2.1"
| #define PACKAGE_BUGREPORT "support@score-p.org"
| #define PACKAGE_URL ""
| #define AFS_PACKAGE_BUILD "backend"
| #define AFS_PACKAGE_SRCDIR "../"
| #define AFS_PACKAGE_BUILD_name backend
| #define AFS_PACKAGE_BUILD_NAME BACKEND
| #define AFS_PACKAGE_name otf2
| #define AFS_PACKAGE_NAME OTF2
| #define LIBRARY_INTERFACE_VERSION "8:0:1"
| #define PACKAGE "otf2"
| #define VERSION "2.1"
| #define SCOREP_IN_PRODUCTION /**/
| #define HAVE_PLATFORM_LINUX 1
| /* end confdefs.h.  */
| 
| int
| main ()
| {
| 
|       #if !(defined(__FUJITSU))
|         thisisanerror;
|       #endif
| 
|   ;
|   return 0;
| }
configure:5848: gcc -c -g -O2  conftest.c >&5
configure:5848: $? = 0
configure:5856: result: gnu
configure:6105: checking for C++ compiler version
configure:6114: g++ --version >&5
g++ (GCC) 6.4.0
Copyright (C) 2017 Free Software Foundation, Inc.
This is free software; see the source for copying conditions.  There is NO
warranty; not even for MERCHANTABILITY or FITNESS FOR A PARTICULAR PURPOSE.

configure:6125: $? = 0
configure:6114: g++ -v >&5
Using built-in specs.
COLLECT_GCC=g++
COLLECT_LTO_WRAPPER=/autofs/nccs-svm1_sw/summit/gcc/6.4.0/bin/../libexec/gcc/powerpc64le-none-linux-gnu/6.4.0/lto-wrapper
OFFLOAD_TARGET_NAMES=nvptx-none
Target: powerpc64le-none-linux-gnu
Configured with: /sw/summit/gcc/6.4.0/src/gcc-6.4.0/configure --prefix=/sw/summit/gcc/6.4.0 --build=powerpc64le-none-linux-gnu --host=powerpc64le-none-linux-gnu --target=powerpc64le-none-linux-gnu --enable-offload-targets=nvptx-none --with-cuda-driver=/sw/summit/cuda/9.0.184 --disable-multilib CFLAGS=-m64
Thread model: posix
gcc version 6.4.0 (GCC) 
configure:6125: $? = 0
configure:6114: g++ -V >&5
g++: error: unrecognized command line option '-V'
g++: fatal error: no input files
compilation terminated.
configure:6125: $? = 1
configure:6114: g++ -qversion >&5
g++: error: unrecognized command line option '-qversion'; did you mean '--version'?
g++: fatal error: no input files
compilation terminated.
configure:6125: $? = 1
configure:6129: checking whether we are using the GNU C++ compiler
configure:6148: g++ -c   conftest.cpp >&5
configure:6148: $? = 0
configure:6157: result: yes
configure:6166: checking whether g++ accepts -g
configure:6186: g++ -c -g  conftest.cpp >&5
configure:6186: $? = 0
configure:6227: result: yes
configure:6252: checking dependency style of g++
configure:6363: result: gcc3
configure:6381: checking whether gcc and cc understand -c and -o together
configure:6412: gcc -c conftest.c -o conftest2.o >&5
configure:6416: $? = 0
configure:6422: gcc -c conftest.c -o conftest2.o >&5
configure:6426: $? = 0
configure:6437: cc -c conftest.c >&5
configure:6441: $? = 0
configure:6449: cc -c conftest.c -o conftest2.o >&5
configure:6453: $? = 0
configure:6459: cc -c conftest.c -o conftest2.o >&5
configure:6463: $? = 0
configure:6481: result: yes
configure:6536: checking host system type
configure:6549: result: powerpc64le-unknown-linux-gnu
configure:6590: checking how to print strings
configure:6617: result: printf
configure:6638: checking for a sed that does not truncate output
configure:6702: result: /usr/bin/sed
configure:6720: checking for grep that handles long lines and -e
configure:6778: result: /usr/bin/grep
configure:6783: checking for egrep
configure:6845: result: /usr/bin/grep -E
configure:6850: checking for fgrep
configure:6912: result: /usr/bin/grep -F
configure:6947: checking for ld used by gcc
configure:7014: result: /sw/summit/xalt/1.2.0/bin/ld
configure:7021: checking if the linker (/sw/summit/xalt/1.2.0/bin/ld) is GNU ld
configure:7036: result: yes
configure:7048: checking for BSD- or MS-compatible name lister (nm)
configure:7102: result: /usr/bin/nm -B
configure:7232: checking the name lister (/usr/bin/nm -B) interface
configure:7239: gcc -c -g -O2  conftest.c >&5
configure:7242: /usr/bin/nm -B "conftest.o"
configure:7245: output
0000000000000000 B some_variable
configure:7252: result: BSD nm
configure:7255: checking whether ln -s works
configure:7259: result: yes
configure:7267: checking the maximum length of command line arguments
configure:7398: result: 1572864
configure:7446: checking how to convert powerpc64le-unknown-linux-gnu file names to powerpc64le-unknown-linux-gnu format
configure:7486: result: func_convert_file_noop
configure:7493: checking how to convert powerpc64le-unknown-linux-gnu file names to toolchain format
configure:7513: result: func_convert_file_noop
configure:7520: checking for /sw/summit/xalt/1.2.0/bin/ld option to reload object files
configure:7527: result: -r
configure:7601: checking for objdump
configure:7617: found /usr/bin/objdump
configure:7628: result: objdump
configure:7660: checking how to recognize dependent libraries
configure:7860: result: pass_all
configure:7945: checking for dlltool
configure:7975: result: no
configure:8005: checking how to associate runtime and link libraries
configure:8032: result: printf %s\n
configure:8172: checking for archiver @FILE support
configure:8189: gcc -c -g -O2  conftest.c >&5
configure:8189: $? = 0
configure:8192: ar cr libconftest.a @conftest.lst >&5
configure:8195: $? = 0
configure:8200: ar cr libconftest.a @conftest.lst >&5
ar: conftest.o: No such file or directory
configure:8203: $? = 1
configure:8215: result: @
configure:8278: checking for strip
configure:8296: found /usr/bin/strip
configure:8308: result: /usr/bin/strip
configure:8380: checking for ranlib
configure:8396: found /usr/bin/ranlib
configure:8407: result: ranlib
configure:8509: checking command to parse /usr/bin/nm -B output from gcc object
configure:8662: gcc -c -g -O2  conftest.c >&5
configure:8665: $? = 0
configure:8669: /usr/bin/nm -B conftest.o \| sed -n -e 's/^.*[ ]\([ABCDGIRSTW][ABCDGIRSTW]*\)[ ][ ]*\([_A-Za-z][_A-Za-z0-9]*\)$/\1 \2 \2/p' | sed '/ __gnu_lto/d' \> conftest.nm
configure:8672: $? = 0
configure:8738: gcc -o conftest -g -O2   conftest.c conftstm.o >&5
configure:8741: $? = 0
configure:8779: result: ok
configure:8826: checking for sysroot
configure:8856: result: no
configure:8863: checking for a working dd
configure:8901: result: /usr/bin/dd
configure:8905: checking how to truncate binary pipes
configure:8920: result: /usr/bin/dd bs=4096 count=1
configure:9056: gcc -c -g -O2  conftest.c >&5
configure:9059: $? = 0
configure:9249: checking for mt
configure:9279: result: no
configure:9299: checking if : is a manifest tool
configure:9305: : '-?'
configure:9313: result: no
configure:9990: checking how to run the C preprocessor
configure:10021: gcc -E  conftest.c
configure:10021: $? = 0
configure:10035: gcc -E  conftest.c
conftest.c:20:28: fatal error: ac_nonexistent.h: No such file or directory
 #include <ac_nonexistent.h>
                            ^
compilation terminated.
configure:10035: $? = 1
configure: failed program was:
| /* confdefs.h */
| #define PACKAGE_NAME "OTF2"
| #define PACKAGE_TARNAME "otf2"
| #define PACKAGE_VERSION "2.1"
| #define PACKAGE_STRING "OTF2 2.1"
| #define PACKAGE_BUGREPORT "support@score-p.org"
| #define PACKAGE_URL ""
| #define AFS_PACKAGE_BUILD "backend"
| #define AFS_PACKAGE_SRCDIR "../"
| #define AFS_PACKAGE_BUILD_name backend
| #define AFS_PACKAGE_BUILD_NAME BACKEND
| #define AFS_PACKAGE_name otf2
| #define AFS_PACKAGE_NAME OTF2
| #define LIBRARY_INTERFACE_VERSION "8:0:1"
| #define PACKAGE "otf2"
| #define VERSION "2.1"
| #define SCOREP_IN_PRODUCTION /**/
| #define HAVE_PLATFORM_LINUX 1
| /* end confdefs.h.  */
| #include <ac_nonexistent.h>
configure:10060: result: gcc -E
configure:10080: gcc -E  conftest.c
configure:10080: $? = 0
configure:10094: gcc -E  conftest.c
conftest.c:20:28: fatal error: ac_nonexistent.h: No such file or directory
 #include <ac_nonexistent.h>
                            ^
compilation terminated.
configure:10094: $? = 1
configure: failed program was:
| /* confdefs.h */
| #define PACKAGE_NAME "OTF2"
| #define PACKAGE_TARNAME "otf2"
| #define PACKAGE_VERSION "2.1"
| #define PACKAGE_STRING "OTF2 2.1"
| #define PACKAGE_BUGREPORT "support@score-p.org"
| #define PACKAGE_URL ""
| #define AFS_PACKAGE_BUILD "backend"
| #define AFS_PACKAGE_SRCDIR "../"
| #define AFS_PACKAGE_BUILD_name backend
| #define AFS_PACKAGE_BUILD_NAME BACKEND
| #define AFS_PACKAGE_name otf2
| #define AFS_PACKAGE_NAME OTF2
| #define LIBRARY_INTERFACE_VERSION "8:0:1"
| #define PACKAGE "otf2"
| #define VERSION "2.1"
| #define SCOREP_IN_PRODUCTION /**/
| #define HAVE_PLATFORM_LINUX 1
| /* end confdefs.h.  */
| #include <ac_nonexistent.h>
configure:10123: checking for ANSI C header files
configure:10143: gcc -c -g -O2  conftest.c >&5
configure:10143: $? = 0
configure:10216: gcc -o conftest -g -O2   conftest.c  >&5
configure:10216: $? = 0
configure:10216: ./conftest
configure:10216: $? = 0
configure:10227: result: yes
configure:10240: checking for sys/types.h
configure:10240: gcc -c -g -O2  conftest.c >&5
configure:10240: $? = 0
configure:10240: result: yes
configure:10240: checking for sys/stat.h
configure:10240: gcc -c -g -O2  conftest.c >&5
configure:10240: $? = 0
configure:10240: result: yes
configure:10240: checking for stdlib.h
configure:10240: gcc -c -g -O2  conftest.c >&5
configure:10240: $? = 0
configure:10240: result: yes
configure:10240: checking for string.h
configure:10240: gcc -c -g -O2  conftest.c >&5
configure:10240: $? = 0
configure:10240: result: yes
configure:10240: checking for memory.h
configure:10240: gcc -c -g -O2  conftest.c >&5
configure:10240: $? = 0
configure:10240: result: yes
configure:10240: checking for strings.h
configure:10240: gcc -c -g -O2  conftest.c >&5
configure:10240: $? = 0
configure:10240: result: yes
configure:10240: checking for inttypes.h
configure:10240: gcc -c -g -O2  conftest.c >&5
configure:10240: $? = 0
configure:10240: result: yes
configure:10240: checking for stdint.h
configure:10240: gcc -c -g -O2  conftest.c >&5
configure:10240: $? = 0
configure:10240: result: yes
configure:10240: checking for unistd.h
configure:10240: gcc -c -g -O2  conftest.c >&5
configure:10240: $? = 0
configure:10240: result: yes
configure:10254: checking for dlfcn.h
configure:10254: gcc -c -g -O2  conftest.c >&5
configure:10254: $? = 0
configure:10254: result: yes
configure:10520: checking for objdir
configure:10535: result: .libs
configure:10799: checking if gcc supports -fno-rtti -fno-exceptions
configure:10817: gcc -c -g -O2  -fno-rtti -fno-exceptions conftest.c >&5
cc1: warning: command line option '-fno-rtti' is valid for C++/ObjC++ but not for C
configure:10821: $? = 0
configure:10834: result: no
configure:11202: checking for gcc option to produce PIC
configure:11209: result: -fPIC -DPIC
configure:11217: checking if gcc PIC flag -fPIC -DPIC works
configure:11235: gcc -c -g -O2  -fPIC -DPIC -DPIC conftest.c >&5
configure:11239: $? = 0
configure:11252: result: yes
configure:11281: checking if gcc static flag -static works
configure:11309: result: no
configure:11324: checking if gcc supports -c -o file.o
configure:11345: gcc -c -g -O2  -o out/conftest2.o conftest.c >&5
configure:11349: $? = 0
configure:11371: result: yes
configure:11379: checking if gcc supports -c -o file.o
configure:11426: result: yes
configure:11459: checking whether the gcc linker (/sw/summit/xalt/1.2.0/bin/ld) supports shared libraries
configure:12740: result: yes
configure:12777: checking whether -lc should be explicitly linked in
configure:12785: gcc -c -g -O2  conftest.c >&5
configure:12788: $? = 0
configure:12803: gcc -shared  -fPIC -DPIC conftest.o  -v -Wl,-soname -Wl,conftest -o conftest 2\>\&1 \| /usr/bin/grep  -lc  \>/dev/null 2\>\&1
configure:12806: $? = 0
configure:12820: result: no
configure:12980: checking dynamic linker characteristics
configure:13561: gcc -o conftest -g -O2   -Wl,-rpath -Wl,/foo conftest.c  >&5
configure:13561: $? = 0
configure:13798: result: GNU/Linux ld.so
configure:13920: checking how to hardcode library paths into programs
configure:13945: result: immediate
configure:14493: checking whether stripping libraries is possible
configure:14498: result: yes
configure:14533: checking if libtool supports shared libraries
configure:14535: result: yes
configure:14538: checking whether to build shared libraries
configure:14563: result: yes
configure:14566: checking whether to build static libraries
configure:14570: result: yes
configure:14593: checking how to run the C++ preprocessor
configure:14620: g++ -E  conftest.cpp
configure:14620: $? = 0
configure:14634: g++ -E  conftest.cpp
conftest.cpp:32:28: fatal error: ac_nonexistent.h: No such file or directory
 #include <ac_nonexistent.h>
                            ^
compilation terminated.
configure:14634: $? = 1
configure: failed program was:
| /* confdefs.h */
| #define PACKAGE_NAME "OTF2"
| #define PACKAGE_TARNAME "otf2"
| #define PACKAGE_VERSION "2.1"
| #define PACKAGE_STRING "OTF2 2.1"
| #define PACKAGE_BUGREPORT "support@score-p.org"
| #define PACKAGE_URL ""
| #define AFS_PACKAGE_BUILD "backend"
| #define AFS_PACKAGE_SRCDIR "../"
| #define AFS_PACKAGE_BUILD_name backend
| #define AFS_PACKAGE_BUILD_NAME BACKEND
| #define AFS_PACKAGE_name otf2
| #define AFS_PACKAGE_NAME OTF2
| #define LIBRARY_INTERFACE_VERSION "8:0:1"
| #define PACKAGE "otf2"
| #define VERSION "2.1"
| #define SCOREP_IN_PRODUCTION /**/
| #define HAVE_PLATFORM_LINUX 1
| #define STDC_HEADERS 1
| #define HAVE_SYS_TYPES_H 1
| #define HAVE_SYS_STAT_H 1
| #define HAVE_STDLIB_H 1
| #define HAVE_STRING_H 1
| #define HAVE_MEMORY_H 1
| #define HAVE_STRINGS_H 1
| #define HAVE_INTTYPES_H 1
| #define HAVE_STDINT_H 1
| #define HAVE_UNISTD_H 1
| #define HAVE_DLFCN_H 1
| #define LT_OBJDIR ".libs/"
| /* end confdefs.h.  */
| #include <ac_nonexistent.h>
configure:14659: result: g++ -E
configure:14679: g++ -E  conftest.cpp
configure:14679: $? = 0
configure:14693: g++ -E  conftest.cpp
conftest.cpp:32:28: fatal error: ac_nonexistent.h: No such file or directory
 #include <ac_nonexistent.h>
                            ^
compilation terminated.
configure:14693: $? = 1
configure: failed program was:
| /* confdefs.h */
| #define PACKAGE_NAME "OTF2"
| #define PACKAGE_TARNAME "otf2"
| #define PACKAGE_VERSION "2.1"
| #define PACKAGE_STRING "OTF2 2.1"
| #define PACKAGE_BUGREPORT "support@score-p.org"
| #define PACKAGE_URL ""
| #define AFS_PACKAGE_BUILD "backend"
| #define AFS_PACKAGE_SRCDIR "../"
| #define AFS_PACKAGE_BUILD_name backend
| #define AFS_PACKAGE_BUILD_NAME BACKEND
| #define AFS_PACKAGE_name otf2
| #define AFS_PACKAGE_NAME OTF2
| #define LIBRARY_INTERFACE_VERSION "8:0:1"
| #define PACKAGE "otf2"
| #define VERSION "2.1"
| #define SCOREP_IN_PRODUCTION /**/
| #define HAVE_PLATFORM_LINUX 1
| #define STDC_HEADERS 1
| #define HAVE_SYS_TYPES_H 1
| #define HAVE_SYS_STAT_H 1
| #define HAVE_STDLIB_H 1
| #define HAVE_STRING_H 1
| #define HAVE_MEMORY_H 1
| #define HAVE_STRINGS_H 1
| #define HAVE_INTTYPES_H 1
| #define HAVE_STDINT_H 1
| #define HAVE_UNISTD_H 1
| #define HAVE_DLFCN_H 1
| #define LT_OBJDIR ".libs/"
| /* end confdefs.h.  */
| #include <ac_nonexistent.h>
configure:14855: checking for ld used by g++
configure:14922: result: /sw/summit/xalt/1.2.0/bin/ld
configure:14929: checking if the linker (/sw/summit/xalt/1.2.0/bin/ld) is GNU ld
configure:14944: result: yes
configure:14999: checking whether the g++ linker (/sw/summit/xalt/1.2.0/bin/ld) supports shared libraries
configure:16119: result: yes
configure:16155: g++ -c -g -O2  conftest.cpp >&5
configure:16158: $? = 0
configure:16662: checking for g++ option to produce PIC
configure:16669: result: -fPIC -DPIC
configure:16677: checking if g++ PIC flag -fPIC -DPIC works
configure:16695: g++ -c -g -O2  -fPIC -DPIC -DPIC conftest.cpp >&5
configure:16699: $? = 0
configure:16712: result: yes
configure:16735: checking if g++ static flag -static works
configure:16763: result: no
configure:16775: checking if g++ supports -c -o file.o
configure:16796: g++ -c -g -O2  -o out/conftest2.o conftest.cpp >&5
configure:16800: $? = 0
configure:16822: result: yes
configure:16827: checking if g++ supports -c -o file.o
configure:16874: result: yes
configure:16904: checking whether the g++ linker (/sw/summit/xalt/1.2.0/bin/ld) supports shared libraries
configure:16944: result: yes
configure:17085: checking dynamic linker characteristics
configure:17830: result: GNU/Linux ld.so
configure:17895: checking how to hardcode library paths into programs
configure:17920: result: immediate
configure:17992: checking whether byte ordering is bigendian
configure:18007: gcc -c -g -O2  conftest.c >&5
conftest.c:33:9: error: unknown type name 'not'
         not a universal capable compiler
         ^~~
conftest.c:33:15: error: expected '=', ',', ';', 'asm' or '__attribute__' before 'universal'
         not a universal capable compiler
               ^~~~~~~~~
conftest.c:33:15: error: unknown type name 'universal'
configure:18007: $? = 1
configure: failed program was:
| /* confdefs.h */
| #define PACKAGE_NAME "OTF2"
| #define PACKAGE_TARNAME "otf2"
| #define PACKAGE_VERSION "2.1"
| #define PACKAGE_STRING "OTF2 2.1"
| #define PACKAGE_BUGREPORT "support@score-p.org"
| #define PACKAGE_URL ""
| #define AFS_PACKAGE_BUILD "backend"
| #define AFS_PACKAGE_SRCDIR "../"
| #define AFS_PACKAGE_BUILD_name backend
| #define AFS_PACKAGE_BUILD_NAME BACKEND
| #define AFS_PACKAGE_name otf2
| #define AFS_PACKAGE_NAME OTF2
| #define LIBRARY_INTERFACE_VERSION "8:0:1"
| #define PACKAGE "otf2"
| #define VERSION "2.1"
| #define SCOREP_IN_PRODUCTION /**/
| #define HAVE_PLATFORM_LINUX 1
| #define STDC_HEADERS 1
| #define HAVE_SYS_TYPES_H 1
| #define HAVE_SYS_STAT_H 1
| #define HAVE_STDLIB_H 1
| #define HAVE_STRING_H 1
| #define HAVE_MEMORY_H 1
| #define HAVE_STRINGS_H 1
| #define HAVE_INTTYPES_H 1
| #define HAVE_STDINT_H 1
| #define HAVE_UNISTD_H 1
| #define HAVE_DLFCN_H 1
| #define LT_OBJDIR ".libs/"
| /* end confdefs.h.  */
| #ifndef __APPLE_CC__
| 	       not a universal capable compiler
| 	     #endif
| 	     typedef int dummy;
| 
configure:18052: gcc -c -g -O2  conftest.c >&5
configure:18052: $? = 0
configure:18070: gcc -c -g -O2  conftest.c >&5
conftest.c: In function 'main':
conftest.c:39:4: error: unknown type name 'not'
    not big endian
    ^~~
conftest.c:39:12: error: expected '=', ',', ';', 'asm' or '__attribute__' before 'endian'
    not big endian
            ^~~~~~
configure:18070: $? = 1
configure: failed program was:
| /* confdefs.h */
| #define PACKAGE_NAME "OTF2"
| #define PACKAGE_TARNAME "otf2"
| #define PACKAGE_VERSION "2.1"
| #define PACKAGE_STRING "OTF2 2.1"
| #define PACKAGE_BUGREPORT "support@score-p.org"
| #define PACKAGE_URL ""
| #define AFS_PACKAGE_BUILD "backend"
| #define AFS_PACKAGE_SRCDIR "../"
| #define AFS_PACKAGE_BUILD_name backend
| #define AFS_PACKAGE_BUILD_NAME BACKEND
| #define AFS_PACKAGE_name otf2
| #define AFS_PACKAGE_NAME OTF2
| #define LIBRARY_INTERFACE_VERSION "8:0:1"
| #define PACKAGE "otf2"
| #define VERSION "2.1"
| #define SCOREP_IN_PRODUCTION /**/
| #define HAVE_PLATFORM_LINUX 1
| #define STDC_HEADERS 1
| #define HAVE_SYS_TYPES_H 1
| #define HAVE_SYS_STAT_H 1
| #define HAVE_STDLIB_H 1
| #define HAVE_STRING_H 1
| #define HAVE_MEMORY_H 1
| #define HAVE_STRINGS_H 1
| #define HAVE_INTTYPES_H 1
| #define HAVE_STDINT_H 1
| #define HAVE_UNISTD_H 1
| #define HAVE_DLFCN_H 1
| #define LT_OBJDIR ".libs/"
| /* end confdefs.h.  */
| #include <sys/types.h>
| 		#include <sys/param.h>
| 
| int
| main ()
| {
| #if BYTE_ORDER != BIG_ENDIAN
| 		 not big endian
| 		#endif
| 
|   ;
|   return 0;
| }
configure:18198: result: no
configure:18252: checking for sionconfig
configure:18280: result: no
configure:18686: checking for native Intel MIC build
configure:18708: result: no
configure:18755: checking for ranlib
configure:18782: result: ranlib
configure:18830: checking for unistd.h
configure:18830: result: yes
configure:18832: checking whether STDOUT_FILENO is declared
configure:18832: gcc -c -g -O2  conftest.c >&5
configure:18832: $? = 0
configure:18832: result: yes
configure:18835: checking for isatty
configure:18835: gcc -o conftest -g -O2   conftest.c  >&5
configure:18835: $? = 0
configure:18835: result: yes
configure:18850: checking for library containing rint
configure:18881: gcc -o conftest -g -O2   conftest.c  >&5
conftest.c:44:6: warning: conflicting types for built-in function 'rint'
 char rint ();
      ^~~~
/tmp/cc4hTKHk.o: In function `main':
/gpfs/alpine/scratch/ssinghal/csc299/Dynamic_workflow_management/tau-2.28.1/otf2-2.1/build-backend/conftest.c:48: undefined reference to `rint'
/usr/bin/ld: link errors found, deleting executable `conftest'
collect2: error: ld returned 1 exit status
configure:18881: $? = 1
configure: failed program was:
| /* confdefs.h */
| #define PACKAGE_NAME "OTF2"
| #define PACKAGE_TARNAME "otf2"
| #define PACKAGE_VERSION "2.1"
| #define PACKAGE_STRING "OTF2 2.1"
| #define PACKAGE_BUGREPORT "support@score-p.org"
| #define PACKAGE_URL ""
| #define AFS_PACKAGE_BUILD "backend"
| #define AFS_PACKAGE_SRCDIR "../"
| #define AFS_PACKAGE_BUILD_name backend
| #define AFS_PACKAGE_BUILD_NAME BACKEND
| #define AFS_PACKAGE_name otf2
| #define AFS_PACKAGE_NAME OTF2
| #define LIBRARY_INTERFACE_VERSION "8:0:1"
| #define PACKAGE "otf2"
| #define VERSION "2.1"
| #define SCOREP_IN_PRODUCTION /**/
| #define HAVE_PLATFORM_LINUX 1
| #define STDC_HEADERS 1
| #define HAVE_SYS_TYPES_H 1
| #define HAVE_SYS_STAT_H 1
| #define HAVE_STDLIB_H 1
| #define HAVE_STRING_H 1
| #define HAVE_MEMORY_H 1
| #define HAVE_STRINGS_H 1
| #define HAVE_INTTYPES_H 1
| #define HAVE_STDINT_H 1
| #define HAVE_UNISTD_H 1
| #define HAVE_DLFCN_H 1
| #define LT_OBJDIR ".libs/"
| #define HAVE_SIONLIB_SUPPORT 0
| #define HAVE_BACKEND_SIONLIB_SUPPORT 0
| #define PKGLIBEXECDIR "/ccs/home/ssinghal/tau2-install/2.8/gcc/ibm64linux/otf2-gcc/libexec/otf2"
| #define HAVE_OTF2_NO_ASSERT 0
| #define CUTEST_USE_COLOR 1
| /* end confdefs.h.  */
| 
| /* Override any GCC internal prototype to avoid an error.
|    Use char because int might match the return type of a GCC
|    builtin and then its argument prototype would still apply.  */
| #ifdef __cplusplus
| extern "C"
| #endif
| char rint ();
| int
| main ()
| {
| return rint ();
|   ;
|   return 0;
| }
configure:18881: gcc -o conftest -g -O2   conftest.c -lm   >&5
conftest.c:44:6: warning: conflicting types for built-in function 'rint'
 char rint ();
      ^~~~
configure:18881: $? = 0
configure:18898: result: -lm
configure:18920: checking whether realpath is declared
configure:18920: gcc -c -g -O2  conftest.c >&5
configure:18920: $? = 0
configure:18920: result: yes
configure:18935: checking whether gethostid is declared
configure:18935: gcc -c -g -O2  conftest.c >&5
configure:18935: $? = 0
configure:18935: result: yes
configure:18950: checking whether gethostname is declared
configure:18950: gcc -c -g -O2  conftest.c >&5
configure:18950: $? = 0
configure:18950: result: yes
configure:18965: checking whether fileno is declared
configure:18965: gcc -c -g -O2  conftest.c >&5
configure:18965: $? = 0
configure:18965: result: yes
configure:18980: checking whether fseeko is declared
configure:18980: gcc -c -g -O2  conftest.c >&5
configure:18980: $? = 0
configure:18980: result: yes
configure:18995: checking whether fseeko64 is declared
configure:18995: gcc -c -g -O2  conftest.c >&5
conftest.c: In function 'main':
conftest.c:55:10: error: 'fseeko64' undeclared (first use in this function)
   (void) fseeko64;
          ^~~~~~~~
conftest.c:55:10: note: each undeclared identifier is reported only once for each function it appears in
configure:18995: $? = 1
configure: failed program was:
| /* confdefs.h */
| #define PACKAGE_NAME "OTF2"
| #define PACKAGE_TARNAME "otf2"
| #define PACKAGE_VERSION "2.1"
| #define PACKAGE_STRING "OTF2 2.1"
| #define PACKAGE_BUGREPORT "support@score-p.org"
| #define PACKAGE_URL ""
| #define AFS_PACKAGE_BUILD "backend"
| #define AFS_PACKAGE_SRCDIR "../"
| #define AFS_PACKAGE_BUILD_name backend
| #define AFS_PACKAGE_BUILD_NAME BACKEND
| #define AFS_PACKAGE_name otf2
| #define AFS_PACKAGE_NAME OTF2
| #define LIBRARY_INTERFACE_VERSION "8:0:1"
| #define PACKAGE "otf2"
| #define VERSION "2.1"
| #define SCOREP_IN_PRODUCTION /**/
| #define HAVE_PLATFORM_LINUX 1
| #define STDC_HEADERS 1
| #define HAVE_SYS_TYPES_H 1
| #define HAVE_SYS_STAT_H 1
| #define HAVE_STDLIB_H 1
| #define HAVE_STRING_H 1
| #define HAVE_MEMORY_H 1
| #define HAVE_STRINGS_H 1
| #define HAVE_INTTYPES_H 1
| #define HAVE_STDINT_H 1
| #define HAVE_UNISTD_H 1
| #define HAVE_DLFCN_H 1
| #define LT_OBJDIR ".libs/"
| #define HAVE_SIONLIB_SUPPORT 0
| #define HAVE_BACKEND_SIONLIB_SUPPORT 0
| #define PKGLIBEXECDIR "/ccs/home/ssinghal/tau2-install/2.8/gcc/ibm64linux/otf2-gcc/libexec/otf2"
| #define HAVE_OTF2_NO_ASSERT 0
| #define CUTEST_USE_COLOR 1
| #define HAVE_DECL_REALPATH 1
| #define HAVE_DECL_GETHOSTID 1
| #define HAVE_DECL_GETHOSTNAME 1
| #define HAVE_DECL_FILENO 1
| #define HAVE_DECL_FSEEKO 1
| /* end confdefs.h.  */
| 
|       #include <unistd.h>
|       #include <stdio.h>
|       #include <stdlib.h>
| 
| 
| int
| main ()
| {
| #ifndef fseeko64
| #ifdef __cplusplus
|   (void) fseeko64;
| #else
|   (void) fseeko64;
| #endif
| #endif
| 
|   ;
|   return 0;
| }
configure:18995: result: no
configure:19010: checking whether getcwd is declared
configure:19010: gcc -c -g -O2  conftest.c >&5
configure:19010: $? = 0
configure:19010: result: yes
configure:19025: checking whether read is declared
configure:19025: gcc -c -g -O2  conftest.c >&5
configure:19025: $? = 0
configure:19025: result: yes
configure:19040: checking whether close is declared
configure:19040: gcc -c -g -O2  conftest.c >&5
configure:19040: $? = 0
configure:19040: result: yes
configure:19062: checking for realpath
configure:19083: gcc -o conftest -g -O2   conftest.c -lm  >&5
configure:19083: $? = 0
configure:19084: result: yes
configure:19099: checking for gethostid
configure:19118: gcc -o conftest -g -O2   conftest.c -lm  >&5
conftest.c: In function 'main':
conftest.c:57:32: warning: implicit declaration of function 'gethostid' [-Wimplicit-function-declaration]
                 long host_id = gethostid();
                                ^~~~~~~~~
configure:19118: $? = 0
configure:19119: result: yes
configure:19134: checking for gethostname
configure:19153: gcc -o conftest -g -O2   conftest.c -lm  >&5
conftest.c: In function 'main':
conftest.c:59:24: warning: implicit declaration of function 'gethostname' [-Wimplicit-function-declaration]
                 return gethostname(name, 256);
                        ^~~~~~~~~~~
configure:19153: $? = 0
configure:19154: result: yes
configure:19169: checking for fileno
configure:19189: gcc -o conftest -g -O2   conftest.c -lm  >&5
configure:19189: $? = 0
configure:19190: result: yes
configure:19205: checking for fseeko
configure:19225: gcc -o conftest -g -O2   conftest.c -lm  >&5
configure:19225: $? = 0
configure:19226: result: yes
configure:19241: checking for fseeko64
configure:19262: gcc -o conftest -g -O2   conftest.c -lm  >&5
conftest.c:58:40: error: unknown type name 'off64_t'
             int fseeko64(FILE *stream, off64_t offset, int whence);
                                        ^~~~~~~
conftest.c: In function 'main':
conftest.c:64:24: warning: implicit declaration of function 'fseeko64' [-Wimplicit-function-declaration]
                 return fseeko64(stream, 256lu, 0);
                        ^~~~~~~~
configure:19262: $? = 1
configure: failed program was:
| /* confdefs.h */
| #define PACKAGE_NAME "OTF2"
| #define PACKAGE_TARNAME "otf2"
| #define PACKAGE_VERSION "2.1"
| #define PACKAGE_STRING "OTF2 2.1"
| #define PACKAGE_BUGREPORT "support@score-p.org"
| #define PACKAGE_URL ""
| #define AFS_PACKAGE_BUILD "backend"
| #define AFS_PACKAGE_SRCDIR "../"
| #define AFS_PACKAGE_BUILD_name backend
| #define AFS_PACKAGE_BUILD_NAME BACKEND
| #define AFS_PACKAGE_name otf2
| #define AFS_PACKAGE_NAME OTF2
| #define LIBRARY_INTERFACE_VERSION "8:0:1"
| #define PACKAGE "otf2"
| #define VERSION "2.1"
| #define SCOREP_IN_PRODUCTION /**/
| #define HAVE_PLATFORM_LINUX 1
| #define STDC_HEADERS 1
| #define HAVE_SYS_TYPES_H 1
| #define HAVE_SYS_STAT_H 1
| #define HAVE_STDLIB_H 1
| #define HAVE_STRING_H 1
| #define HAVE_MEMORY_H 1
| #define HAVE_STRINGS_H 1
| #define HAVE_INTTYPES_H 1
| #define HAVE_STDINT_H 1
| #define HAVE_UNISTD_H 1
| #define HAVE_DLFCN_H 1
| #define LT_OBJDIR ".libs/"
| #define HAVE_SIONLIB_SUPPORT 0
| #define HAVE_BACKEND_SIONLIB_SUPPORT 0
| #define PKGLIBEXECDIR "/ccs/home/ssinghal/tau2-install/2.8/gcc/ibm64linux/otf2-gcc/libexec/otf2"
| #define HAVE_OTF2_NO_ASSERT 0
| #define CUTEST_USE_COLOR 1
| #define HAVE_DECL_REALPATH 1
| #define HAVE_DECL_GETHOSTID 1
| #define HAVE_DECL_GETHOSTNAME 1
| #define HAVE_DECL_FILENO 1
| #define HAVE_DECL_FSEEKO 1
| #define HAVE_DECL_FSEEKO64 0
| #define HAVE_DECL_GETCWD 1
| #define HAVE_DECL_READ 1
| #define HAVE_DECL_CLOSE 1
| #define HAVE_REALPATH 1
| #define HAVE_GETHOSTID 1
| #define HAVE_GETHOSTNAME 1
| #define HAVE_FILENO 1
| #define HAVE_FSEEKO 1
| /* end confdefs.h.  */
| 
| 
|             #include <stdio.h>
|             #include <unistd.h>
|             #include <fcntl.h>
| 
|             #if !HAVE_DECL_FSEEKO64
|             int fseeko64(FILE *stream, off64_t offset, int whence);
|             #endif
| 
|             int main()
|             {
|                 FILE* stream;
|                 return fseeko64(stream, 256lu, 0);
|             }
| 
configure:19269: result: no
configure:19278: checking for getcwd
configure:19299: gcc -o conftest -g -O2   conftest.c -lm  >&5
configure:19299: $? = 0
configure:19300: result: yes
configure:19315: checking for read
configure:19335: gcc -o conftest -g -O2   conftest.c -lm  >&5
configure:19335: $? = 0
configure:19336: result: yes
configure:19351: checking for close
configure:19371: gcc -o conftest -g -O2   conftest.c -lm  >&5
configure:19371: $? = 0
configure:19372: result: yes
configure:19486: checking whether gethostid is declared
configure:19486: result: yes
configure:19500: checking whether gethostname is declared
configure:19500: result: yes
configure:19514: checking whether fileno is declared
configure:19514: result: yes
configure:19528: checking whether fseeko is declared
configure:19528: result: yes
configure:19542: checking whether fseeko64 is declared
configure:19542: result: no
configure:19556: checking whether getcwd is declared
configure:19556: result: yes
configure:19570: checking whether read is declared
configure:19570: result: yes
configure:19584: checking whether close is declared
configure:19584: result: yes
configure:19605: checking for popen and pclose
configure:19621: g++ -o conftest -g -O2   conftest.cpp -lm  >&5
configure:19621: $? = 0
configure:19622: result: yes
configure:19687: checking io.h usability
configure:19687: gcc -c -g -O2  conftest.c >&5
conftest.c:98:16: fatal error: io.h: No such file or directory
 #include <io.h>
                ^
compilation terminated.
configure:19687: $? = 1
configure: failed program was:
| /* confdefs.h */
| #define PACKAGE_NAME "OTF2"
| #define PACKAGE_TARNAME "otf2"
| #define PACKAGE_VERSION "2.1"
| #define PACKAGE_STRING "OTF2 2.1"
| #define PACKAGE_BUGREPORT "support@score-p.org"
| #define PACKAGE_URL ""
| #define AFS_PACKAGE_BUILD "backend"
| #define AFS_PACKAGE_SRCDIR "../"
| #define AFS_PACKAGE_BUILD_name backend
| #define AFS_PACKAGE_BUILD_NAME BACKEND
| #define AFS_PACKAGE_name otf2
| #define AFS_PACKAGE_NAME OTF2
| #define LIBRARY_INTERFACE_VERSION "8:0:1"
| #define PACKAGE "otf2"
| #define VERSION "2.1"
| #define SCOREP_IN_PRODUCTION /**/
| #define HAVE_PLATFORM_LINUX 1
| #define STDC_HEADERS 1
| #define HAVE_SYS_TYPES_H 1
| #define HAVE_SYS_STAT_H 1
| #define HAVE_STDLIB_H 1
| #define HAVE_STRING_H 1
| #define HAVE_MEMORY_H 1
| #define HAVE_STRINGS_H 1
| #define HAVE_INTTYPES_H 1
| #define HAVE_STDINT_H 1
| #define HAVE_UNISTD_H 1
| #define HAVE_DLFCN_H 1
| #define LT_OBJDIR ".libs/"
| #define HAVE_SIONLIB_SUPPORT 0
| #define HAVE_BACKEND_SIONLIB_SUPPORT 0
| #define PKGLIBEXECDIR "/ccs/home/ssinghal/tau2-install/2.8/gcc/ibm64linux/otf2-gcc/libexec/otf2"
| #define HAVE_OTF2_NO_ASSERT 0
| #define CUTEST_USE_COLOR 1
| #define HAVE_DECL_REALPATH 1
| #define HAVE_DECL_GETHOSTID 1
| #define HAVE_DECL_GETHOSTNAME 1
| #define HAVE_DECL_FILENO 1
| #define HAVE_DECL_FSEEKO 1
| #define HAVE_DECL_FSEEKO64 0
| #define HAVE_DECL_GETCWD 1
| #define HAVE_DECL_READ 1
| #define HAVE_DECL_CLOSE 1
| #define HAVE_REALPATH 1
| #define HAVE_GETHOSTID 1
| #define HAVE_GETHOSTNAME 1
| #define HAVE_FILENO 1
| #define HAVE_FSEEKO 1
| #define HAVE_GETCWD 1
| #define HAVE_READ 1
| #define HAVE_CLOSE 1
| #define HAVE_DECL_GETHOSTID 1
| #define HAVE_DECL_GETHOSTNAME 1
| #define HAVE_DECL_FILENO 1
| #define HAVE_DECL_FSEEKO 1
| #define HAVE_DECL_FSEEKO64 0
| #define HAVE_DECL_GETCWD 1
| #define HAVE_DECL_READ 1
| #define HAVE_DECL_CLOSE 1
| #define HAVE_POPEN 1
| #define SCOREP_COMPONENT_REVISION "4662"
| #define SCOREP_COMMON_REVISION "2248"
| /* end confdefs.h.  */
| #include <stdio.h>
| #ifdef HAVE_SYS_TYPES_H
| # include <sys/types.h>
| #endif
| #ifdef HAVE_SYS_STAT_H
| # include <sys/stat.h>
| #endif
| #ifdef STDC_HEADERS
| # include <stdlib.h>
| # include <stddef.h>
| #else
| # ifdef HAVE_STDLIB_H
| #  include <stdlib.h>
| # endif
| #endif
| #ifdef HAVE_STRING_H
| # if !defined STDC_HEADERS && defined HAVE_MEMORY_H
| #  include <memory.h>
| # endif
| # include <string.h>
| #endif
| #ifdef HAVE_STRINGS_H
| # include <strings.h>
| #endif
| #ifdef HAVE_INTTYPES_H
| # include <inttypes.h>
| #endif
| #ifdef HAVE_STDINT_H
| # include <stdint.h>
| #endif
| #ifdef HAVE_UNISTD_H
| # include <unistd.h>
| #endif
| #include <io.h>
configure:19687: result: no
configure:19687: checking io.h presence
configure:19687: gcc -E  conftest.c
conftest.c:65:16: fatal error: io.h: No such file or directory
 #include <io.h>
                ^
compilation terminated.
configure:19687: $? = 1
configure: failed program was:
| /* confdefs.h */
| #define PACKAGE_NAME "OTF2"
| #define PACKAGE_TARNAME "otf2"
| #define PACKAGE_VERSION "2.1"
| #define PACKAGE_STRING "OTF2 2.1"
| #define PACKAGE_BUGREPORT "support@score-p.org"
| #define PACKAGE_URL ""
| #define AFS_PACKAGE_BUILD "backend"
| #define AFS_PACKAGE_SRCDIR "../"
| #define AFS_PACKAGE_BUILD_name backend
| #define AFS_PACKAGE_BUILD_NAME BACKEND
| #define AFS_PACKAGE_name otf2
| #define AFS_PACKAGE_NAME OTF2
| #define LIBRARY_INTERFACE_VERSION "8:0:1"
| #define PACKAGE "otf2"
| #define VERSION "2.1"
| #define SCOREP_IN_PRODUCTION /**/
| #define HAVE_PLATFORM_LINUX 1
| #define STDC_HEADERS 1
| #define HAVE_SYS_TYPES_H 1
| #define HAVE_SYS_STAT_H 1
| #define HAVE_STDLIB_H 1
| #define HAVE_STRING_H 1
| #define HAVE_MEMORY_H 1
| #define HAVE_STRINGS_H 1
| #define HAVE_INTTYPES_H 1
| #define HAVE_STDINT_H 1
| #define HAVE_UNISTD_H 1
| #define HAVE_DLFCN_H 1
| #define LT_OBJDIR ".libs/"
| #define HAVE_SIONLIB_SUPPORT 0
| #define HAVE_BACKEND_SIONLIB_SUPPORT 0
| #define PKGLIBEXECDIR "/ccs/home/ssinghal/tau2-install/2.8/gcc/ibm64linux/otf2-gcc/libexec/otf2"
| #define HAVE_OTF2_NO_ASSERT 0
| #define CUTEST_USE_COLOR 1
| #define HAVE_DECL_REALPATH 1
| #define HAVE_DECL_GETHOSTID 1
| #define HAVE_DECL_GETHOSTNAME 1
| #define HAVE_DECL_FILENO 1
| #define HAVE_DECL_FSEEKO 1
| #define HAVE_DECL_FSEEKO64 0
| #define HAVE_DECL_GETCWD 1
| #define HAVE_DECL_READ 1
| #define HAVE_DECL_CLOSE 1
| #define HAVE_REALPATH 1
| #define HAVE_GETHOSTID 1
| #define HAVE_GETHOSTNAME 1
| #define HAVE_FILENO 1
| #define HAVE_FSEEKO 1
| #define HAVE_GETCWD 1
| #define HAVE_READ 1
| #define HAVE_CLOSE 1
| #define HAVE_DECL_GETHOSTID 1
| #define HAVE_DECL_GETHOSTNAME 1
| #define HAVE_DECL_FILENO 1
| #define HAVE_DECL_FSEEKO 1
| #define HAVE_DECL_FSEEKO64 0
| #define HAVE_DECL_GETCWD 1
| #define HAVE_DECL_READ 1
| #define HAVE_DECL_CLOSE 1
| #define HAVE_POPEN 1
| #define SCOREP_COMPONENT_REVISION "4662"
| #define SCOREP_COMMON_REVISION "2248"
| /* end confdefs.h.  */
| #include <io.h>
configure:19687: result: no
configure:19687: checking for io.h
configure:19687: result: no
configure:19696: checking whether mkdir accepts a mode_t argument
configure:19720: gcc -c -g -O2  conftest.c >&5
configure:19720: $? = 0
configure:19721: result: yes
configure:19744: checking for stat
configure:19765: gcc -o conftest -g -O2   conftest.c -lm  >&5
configure:19765: $? = 0
configure:19766: result: yes
configure:19809: checking for library containing clock_gettime
configure:19840: gcc -o conftest -g -O2   conftest.c -lm  >&5
configure:19840: $? = 0
configure:19857: result: none required
configure:19868: checking for CLOCK_REALTIME
configure:19895: gcc -c -g -O2  conftest.c >&5
configure:19895: $? = 0
configure:19899: result: yes
configure:19928: gcc -o conftest -g -O2   conftest.c -lm  >&5
configure:19928: $? = 0
configure:19938: checking for clock_gettime timer
configure:19940: result: yes
configure:19949: checking for gettimeofday timer
configure:19967: gcc -o conftest -g -O2   conftest.c -lm  >&5
configure:19967: $? = 0
configure:19976: result: yes
configure:19994: checking for getpid
configure:20011: gcc -o conftest -g -O2   conftest.c -lm  >&5
configure:20011: $? = 0
configure:20012: result: yes
configure:20026: checking sys/sysinfo.h usability
configure:20026: gcc -c -g -O2  conftest.c >&5
configure:20026: $? = 0
configure:20026: result: yes
configure:20026: checking sys/sysinfo.h presence
configure:20026: gcc -E  conftest.c
configure:20026: $? = 0
configure:20026: result: yes
configure:20026: checking for sys/sysinfo.h
configure:20026: result: yes
configure:20031: checking for sysinfo
configure:20050: gcc -o conftest -g -O2   conftest.c -lm  >&5
configure:20050: $? = 0
configure:20051: result: yes
configure:20264: checking for the pthreads library -lpthreads
configure:20302: gcc -o conftest -g -O2    conftest.c -lpthreads -lm  >&5
/usr/bin/ld: cannot find -lpthreads
collect2: error: ld returned 1 exit status
configure:20302: $? = 1
configure: failed program was:
| /* confdefs.h */
| #define PACKAGE_NAME "OTF2"
| #define PACKAGE_TARNAME "otf2"
| #define PACKAGE_VERSION "2.1"
| #define PACKAGE_STRING "OTF2 2.1"
| #define PACKAGE_BUGREPORT "support@score-p.org"
| #define PACKAGE_URL ""
| #define AFS_PACKAGE_BUILD "backend"
| #define AFS_PACKAGE_SRCDIR "../"
| #define AFS_PACKAGE_BUILD_name backend
| #define AFS_PACKAGE_BUILD_NAME BACKEND
| #define AFS_PACKAGE_name otf2
| #define AFS_PACKAGE_NAME OTF2
| #define LIBRARY_INTERFACE_VERSION "8:0:1"
| #define PACKAGE "otf2"
| #define VERSION "2.1"
| #define SCOREP_IN_PRODUCTION /**/
| #define HAVE_PLATFORM_LINUX 1
| #define STDC_HEADERS 1
| #define HAVE_SYS_TYPES_H 1
| #define HAVE_SYS_STAT_H 1
| #define HAVE_STDLIB_H 1
| #define HAVE_STRING_H 1
| #define HAVE_MEMORY_H 1
| #define HAVE_STRINGS_H 1
| #define HAVE_INTTYPES_H 1
| #define HAVE_STDINT_H 1
| #define HAVE_UNISTD_H 1
| #define HAVE_DLFCN_H 1
| #define LT_OBJDIR ".libs/"
| #define HAVE_SIONLIB_SUPPORT 0
| #define HAVE_BACKEND_SIONLIB_SUPPORT 0
| #define PKGLIBEXECDIR "/ccs/home/ssinghal/tau2-install/2.8/gcc/ibm64linux/otf2-gcc/libexec/otf2"
| #define HAVE_OTF2_NO_ASSERT 0
| #define CUTEST_USE_COLOR 1
| #define HAVE_DECL_REALPATH 1
| #define HAVE_DECL_GETHOSTID 1
| #define HAVE_DECL_GETHOSTNAME 1
| #define HAVE_DECL_FILENO 1
| #define HAVE_DECL_FSEEKO 1
| #define HAVE_DECL_FSEEKO64 0
| #define HAVE_DECL_GETCWD 1
| #define HAVE_DECL_READ 1
| #define HAVE_DECL_CLOSE 1
| #define HAVE_REALPATH 1
| #define HAVE_GETHOSTID 1
| #define HAVE_GETHOSTNAME 1
| #define HAVE_FILENO 1
| #define HAVE_FSEEKO 1
| #define HAVE_GETCWD 1
| #define HAVE_READ 1
| #define HAVE_CLOSE 1
| #define HAVE_DECL_GETHOSTID 1
| #define HAVE_DECL_GETHOSTNAME 1
| #define HAVE_DECL_FILENO 1
| #define HAVE_DECL_FSEEKO 1
| #define HAVE_DECL_FSEEKO64 0
| #define HAVE_DECL_GETCWD 1
| #define HAVE_DECL_READ 1
| #define HAVE_DECL_CLOSE 1
| #define HAVE_POPEN 1
| #define SCOREP_COMPONENT_REVISION "4662"
| #define SCOREP_COMMON_REVISION "2248"
| #define OTF2_MKDIR( path, mode ) mkdir( path, mode )
| #define HAVE_STAT 1
| #define HAVE_CLOCK_GETTIME 1
| #define HAVE_GETTIMEOFDAY 1
| #define HAVE_GETPID 1
| #define HAVE_SYS_SYSINFO_H 1
| #define HAVE_SYSINFO 1
| /* end confdefs.h.  */
| #include <pthread.h>
|                         static void routine(void *a) { a = 0; }
|                         static void *start_routine(void *a) { return a; }
| int
| main ()
| {
| pthread_t th; pthread_attr_t attr;
|                         pthread_create(&th, 0, start_routine, 0);
|                         pthread_join(th, 0);
|                         pthread_attr_init(&attr);
|                         pthread_cleanup_push(routine, 0);
|                         pthread_cleanup_pop(0) /* ; */
|   ;
|   return 0;
| }
configure:20311: result: no
configure:20209: checking whether pthreads work without any flags
configure:20302: gcc -o conftest -g -O2    conftest.c  -lm  >&5
/tmp/ccelwyMB.o: In function `main':
/gpfs/alpine/scratch/ssinghal/csc299/Dynamic_workflow_management/tau-2.28.1/otf2-2.1/build-backend/conftest.c:79: undefined reference to `pthread_create'
/gpfs/alpine/scratch/ssinghal/csc299/Dynamic_workflow_management/tau-2.28.1/otf2-2.1/build-backend/conftest.c:80: undefined reference to `pthread_join'
/gpfs/alpine/scratch/ssinghal/csc299/Dynamic_workflow_management/tau-2.28.1/otf2-2.1/build-backend/conftest.c:82: undefined reference to `__pthread_register_cancel'
/gpfs/alpine/scratch/ssinghal/csc299/Dynamic_workflow_management/tau-2.28.1/otf2-2.1/build-backend/conftest.c:83: undefined reference to `__pthread_unregister_cancel'
/usr/bin/ld: link errors found, deleting executable `conftest'
collect2: error: ld returned 1 exit status
configure:20302: $? = 1
configure: failed program was:
| /* confdefs.h */
| #define PACKAGE_NAME "OTF2"
| #define PACKAGE_TARNAME "otf2"
| #define PACKAGE_VERSION "2.1"
| #define PACKAGE_STRING "OTF2 2.1"
| #define PACKAGE_BUGREPORT "support@score-p.org"
| #define PACKAGE_URL ""
| #define AFS_PACKAGE_BUILD "backend"
| #define AFS_PACKAGE_SRCDIR "../"
| #define AFS_PACKAGE_BUILD_name backend
| #define AFS_PACKAGE_BUILD_NAME BACKEND
| #define AFS_PACKAGE_name otf2
| #define AFS_PACKAGE_NAME OTF2
| #define LIBRARY_INTERFACE_VERSION "8:0:1"
| #define PACKAGE "otf2"
| #define VERSION "2.1"
| #define SCOREP_IN_PRODUCTION /**/
| #define HAVE_PLATFORM_LINUX 1
| #define STDC_HEADERS 1
| #define HAVE_SYS_TYPES_H 1
| #define HAVE_SYS_STAT_H 1
| #define HAVE_STDLIB_H 1
| #define HAVE_STRING_H 1
| #define HAVE_MEMORY_H 1
| #define HAVE_STRINGS_H 1
| #define HAVE_INTTYPES_H 1
| #define HAVE_STDINT_H 1
| #define HAVE_UNISTD_H 1
| #define HAVE_DLFCN_H 1
| #define LT_OBJDIR ".libs/"
| #define HAVE_SIONLIB_SUPPORT 0
| #define HAVE_BACKEND_SIONLIB_SUPPORT 0
| #define PKGLIBEXECDIR "/ccs/home/ssinghal/tau2-install/2.8/gcc/ibm64linux/otf2-gcc/libexec/otf2"
| #define HAVE_OTF2_NO_ASSERT 0
| #define CUTEST_USE_COLOR 1
| #define HAVE_DECL_REALPATH 1
| #define HAVE_DECL_GETHOSTID 1
| #define HAVE_DECL_GETHOSTNAME 1
| #define HAVE_DECL_FILENO 1
| #define HAVE_DECL_FSEEKO 1
| #define HAVE_DECL_FSEEKO64 0
| #define HAVE_DECL_GETCWD 1
| #define HAVE_DECL_READ 1
| #define HAVE_DECL_CLOSE 1
| #define HAVE_REALPATH 1
| #define HAVE_GETHOSTID 1
| #define HAVE_GETHOSTNAME 1
| #define HAVE_FILENO 1
| #define HAVE_FSEEKO 1
| #define HAVE_GETCWD 1
| #define HAVE_READ 1
| #define HAVE_CLOSE 1
| #define HAVE_DECL_GETHOSTID 1
| #define HAVE_DECL_GETHOSTNAME 1
| #define HAVE_DECL_FILENO 1
| #define HAVE_DECL_FSEEKO 1
| #define HAVE_DECL_FSEEKO64 0
| #define HAVE_DECL_GETCWD 1
| #define HAVE_DECL_READ 1
| #define HAVE_DECL_CLOSE 1
| #define HAVE_POPEN 1
| #define SCOREP_COMPONENT_REVISION "4662"
| #define SCOREP_COMMON_REVISION "2248"
| #define OTF2_MKDIR( path, mode ) mkdir( path, mode )
| #define HAVE_STAT 1
| #define HAVE_CLOCK_GETTIME 1
| #define HAVE_GETTIMEOFDAY 1
| #define HAVE_GETPID 1
| #define HAVE_SYS_SYSINFO_H 1
| #define HAVE_SYSINFO 1
| /* end confdefs.h.  */
| #include <pthread.h>
|                         static void routine(void *a) { a = 0; }
|                         static void *start_routine(void *a) { return a; }
| int
| main ()
| {
| pthread_t th; pthread_attr_t attr;
|                         pthread_create(&th, 0, start_routine, 0);
|                         pthread_join(th, 0);
|                         pthread_attr_init(&attr);
|                         pthread_cleanup_push(routine, 0);
|                         pthread_cleanup_pop(0) /* ; */
|   ;
|   return 0;
| }
configure:20311: result: no
configure:20214: checking whether pthreads work with -Kthread
configure:20302: gcc -o conftest -g -O2 -Kthread   conftest.c  -lm  >&5
gcc: error: unrecognized command line option '-Kthread'; did you mean '-pthread'?
configure:20302: $? = 1
configure: failed program was:
| /* confdefs.h */
| #define PACKAGE_NAME "OTF2"
| #define PACKAGE_TARNAME "otf2"
| #define PACKAGE_VERSION "2.1"
| #define PACKAGE_STRING "OTF2 2.1"
| #define PACKAGE_BUGREPORT "support@score-p.org"
| #define PACKAGE_URL ""
| #define AFS_PACKAGE_BUILD "backend"
| #define AFS_PACKAGE_SRCDIR "../"
| #define AFS_PACKAGE_BUILD_name backend
| #define AFS_PACKAGE_BUILD_NAME BACKEND
| #define AFS_PACKAGE_name otf2
| #define AFS_PACKAGE_NAME OTF2
| #define LIBRARY_INTERFACE_VERSION "8:0:1"
| #define PACKAGE "otf2"
| #define VERSION "2.1"
| #define SCOREP_IN_PRODUCTION /**/
| #define HAVE_PLATFORM_LINUX 1
| #define STDC_HEADERS 1
| #define HAVE_SYS_TYPES_H 1
| #define HAVE_SYS_STAT_H 1
| #define HAVE_STDLIB_H 1
| #define HAVE_STRING_H 1
| #define HAVE_MEMORY_H 1
| #define HAVE_STRINGS_H 1
| #define HAVE_INTTYPES_H 1
| #define HAVE_STDINT_H 1
| #define HAVE_UNISTD_H 1
| #define HAVE_DLFCN_H 1
| #define LT_OBJDIR ".libs/"
| #define HAVE_SIONLIB_SUPPORT 0
| #define HAVE_BACKEND_SIONLIB_SUPPORT 0
| #define PKGLIBEXECDIR "/ccs/home/ssinghal/tau2-install/2.8/gcc/ibm64linux/otf2-gcc/libexec/otf2"
| #define HAVE_OTF2_NO_ASSERT 0
| #define CUTEST_USE_COLOR 1
| #define HAVE_DECL_REALPATH 1
| #define HAVE_DECL_GETHOSTID 1
| #define HAVE_DECL_GETHOSTNAME 1
| #define HAVE_DECL_FILENO 1
| #define HAVE_DECL_FSEEKO 1
| #define HAVE_DECL_FSEEKO64 0
| #define HAVE_DECL_GETCWD 1
| #define HAVE_DECL_READ 1
| #define HAVE_DECL_CLOSE 1
| #define HAVE_REALPATH 1
| #define HAVE_GETHOSTID 1
| #define HAVE_GETHOSTNAME 1
| #define HAVE_FILENO 1
| #define HAVE_FSEEKO 1
| #define HAVE_GETCWD 1
| #define HAVE_READ 1
| #define HAVE_CLOSE 1
| #define HAVE_DECL_GETHOSTID 1
| #define HAVE_DECL_GETHOSTNAME 1
| #define HAVE_DECL_FILENO 1
| #define HAVE_DECL_FSEEKO 1
| #define HAVE_DECL_FSEEKO64 0
| #define HAVE_DECL_GETCWD 1
| #define HAVE_DECL_READ 1
| #define HAVE_DECL_CLOSE 1
| #define HAVE_POPEN 1
| #define SCOREP_COMPONENT_REVISION "4662"
| #define SCOREP_COMMON_REVISION "2248"
| #define OTF2_MKDIR( path, mode ) mkdir( path, mode )
| #define HAVE_STAT 1
| #define HAVE_CLOCK_GETTIME 1
| #define HAVE_GETTIMEOFDAY 1
| #define HAVE_GETPID 1
| #define HAVE_SYS_SYSINFO_H 1
| #define HAVE_SYSINFO 1
| /* end confdefs.h.  */
| #include <pthread.h>
|                         static void routine(void *a) { a = 0; }
|                         static void *start_routine(void *a) { return a; }
| int
| main ()
| {
| pthread_t th; pthread_attr_t attr;
|                         pthread_create(&th, 0, start_routine, 0);
|                         pthread_join(th, 0);
|                         pthread_attr_init(&attr);
|                         pthread_cleanup_push(routine, 0);
|                         pthread_cleanup_pop(0) /* ; */
|   ;
|   return 0;
| }
configure:20311: result: no
configure:20214: checking whether pthreads work with -kthread
configure:20302: gcc -o conftest -g -O2 -kthread   conftest.c  -lm  >&5
gcc: error: unrecognized command line option '-kthread'; did you mean '-pthread'?
configure:20302: $? = 1
configure: failed program was:
| /* confdefs.h */
| #define PACKAGE_NAME "OTF2"
| #define PACKAGE_TARNAME "otf2"
| #define PACKAGE_VERSION "2.1"
| #define PACKAGE_STRING "OTF2 2.1"
| #define PACKAGE_BUGREPORT "support@score-p.org"
| #define PACKAGE_URL ""
| #define AFS_PACKAGE_BUILD "backend"
| #define AFS_PACKAGE_SRCDIR "../"
| #define AFS_PACKAGE_BUILD_name backend
| #define AFS_PACKAGE_BUILD_NAME BACKEND
| #define AFS_PACKAGE_name otf2
| #define AFS_PACKAGE_NAME OTF2
| #define LIBRARY_INTERFACE_VERSION "8:0:1"
| #define PACKAGE "otf2"
| #define VERSION "2.1"
| #define SCOREP_IN_PRODUCTION /**/
| #define HAVE_PLATFORM_LINUX 1
| #define STDC_HEADERS 1
| #define HAVE_SYS_TYPES_H 1
| #define HAVE_SYS_STAT_H 1
| #define HAVE_STDLIB_H 1
| #define HAVE_STRING_H 1
| #define HAVE_MEMORY_H 1
| #define HAVE_STRINGS_H 1
| #define HAVE_INTTYPES_H 1
| #define HAVE_STDINT_H 1
| #define HAVE_UNISTD_H 1
| #define HAVE_DLFCN_H 1
| #define LT_OBJDIR ".libs/"
| #define HAVE_SIONLIB_SUPPORT 0
| #define HAVE_BACKEND_SIONLIB_SUPPORT 0
| #define PKGLIBEXECDIR "/ccs/home/ssinghal/tau2-install/2.8/gcc/ibm64linux/otf2-gcc/libexec/otf2"
| #define HAVE_OTF2_NO_ASSERT 0
| #define CUTEST_USE_COLOR 1
| #define HAVE_DECL_REALPATH 1
| #define HAVE_DECL_GETHOSTID 1
| #define HAVE_DECL_GETHOSTNAME 1
| #define HAVE_DECL_FILENO 1
| #define HAVE_DECL_FSEEKO 1
| #define HAVE_DECL_FSEEKO64 0
| #define HAVE_DECL_GETCWD 1
| #define HAVE_DECL_READ 1
| #define HAVE_DECL_CLOSE 1
| #define HAVE_REALPATH 1
| #define HAVE_GETHOSTID 1
| #define HAVE_GETHOSTNAME 1
| #define HAVE_FILENO 1
| #define HAVE_FSEEKO 1
| #define HAVE_GETCWD 1
| #define HAVE_READ 1
| #define HAVE_CLOSE 1
| #define HAVE_DECL_GETHOSTID 1
| #define HAVE_DECL_GETHOSTNAME 1
| #define HAVE_DECL_FILENO 1
| #define HAVE_DECL_FSEEKO 1
| #define HAVE_DECL_FSEEKO64 0
| #define HAVE_DECL_GETCWD 1
| #define HAVE_DECL_READ 1
| #define HAVE_DECL_CLOSE 1
| #define HAVE_POPEN 1
| #define SCOREP_COMPONENT_REVISION "4662"
| #define SCOREP_COMMON_REVISION "2248"
| #define OTF2_MKDIR( path, mode ) mkdir( path, mode )
| #define HAVE_STAT 1
| #define HAVE_CLOCK_GETTIME 1
| #define HAVE_GETTIMEOFDAY 1
| #define HAVE_GETPID 1
| #define HAVE_SYS_SYSINFO_H 1
| #define HAVE_SYSINFO 1
| /* end confdefs.h.  */
| #include <pthread.h>
|                         static void routine(void *a) { a = 0; }
|                         static void *start_routine(void *a) { return a; }
| int
| main ()
| {
| pthread_t th; pthread_attr_t attr;
|                         pthread_create(&th, 0, start_routine, 0);
|                         pthread_join(th, 0);
|                         pthread_attr_init(&attr);
|                         pthread_cleanup_push(routine, 0);
|                         pthread_cleanup_pop(0) /* ; */
|   ;
|   return 0;
| }
configure:20311: result: no
configure:20264: checking for the pthreads library -llthread
configure:20302: gcc -o conftest -g -O2    conftest.c -llthread -lm  >&5
/usr/bin/ld: cannot find -llthread
collect2: error: ld returned 1 exit status
configure:20302: $? = 1
configure: failed program was:
| /* confdefs.h */
| #define PACKAGE_NAME "OTF2"
| #define PACKAGE_TARNAME "otf2"
| #define PACKAGE_VERSION "2.1"
| #define PACKAGE_STRING "OTF2 2.1"
| #define PACKAGE_BUGREPORT "support@score-p.org"
| #define PACKAGE_URL ""
| #define AFS_PACKAGE_BUILD "backend"
| #define AFS_PACKAGE_SRCDIR "../"
| #define AFS_PACKAGE_BUILD_name backend
| #define AFS_PACKAGE_BUILD_NAME BACKEND
| #define AFS_PACKAGE_name otf2
| #define AFS_PACKAGE_NAME OTF2
| #define LIBRARY_INTERFACE_VERSION "8:0:1"
| #define PACKAGE "otf2"
| #define VERSION "2.1"
| #define SCOREP_IN_PRODUCTION /**/
| #define HAVE_PLATFORM_LINUX 1
| #define STDC_HEADERS 1
| #define HAVE_SYS_TYPES_H 1
| #define HAVE_SYS_STAT_H 1
| #define HAVE_STDLIB_H 1
| #define HAVE_STRING_H 1
| #define HAVE_MEMORY_H 1
| #define HAVE_STRINGS_H 1
| #define HAVE_INTTYPES_H 1
| #define HAVE_STDINT_H 1
| #define HAVE_UNISTD_H 1
| #define HAVE_DLFCN_H 1
| #define LT_OBJDIR ".libs/"
| #define HAVE_SIONLIB_SUPPORT 0
| #define HAVE_BACKEND_SIONLIB_SUPPORT 0
| #define PKGLIBEXECDIR "/ccs/home/ssinghal/tau2-install/2.8/gcc/ibm64linux/otf2-gcc/libexec/otf2"
| #define HAVE_OTF2_NO_ASSERT 0
| #define CUTEST_USE_COLOR 1
| #define HAVE_DECL_REALPATH 1
| #define HAVE_DECL_GETHOSTID 1
| #define HAVE_DECL_GETHOSTNAME 1
| #define HAVE_DECL_FILENO 1
| #define HAVE_DECL_FSEEKO 1
| #define HAVE_DECL_FSEEKO64 0
| #define HAVE_DECL_GETCWD 1
| #define HAVE_DECL_READ 1
| #define HAVE_DECL_CLOSE 1
| #define HAVE_REALPATH 1
| #define HAVE_GETHOSTID 1
| #define HAVE_GETHOSTNAME 1
| #define HAVE_FILENO 1
| #define HAVE_FSEEKO 1
| #define HAVE_GETCWD 1
| #define HAVE_READ 1
| #define HAVE_CLOSE 1
| #define HAVE_DECL_GETHOSTID 1
| #define HAVE_DECL_GETHOSTNAME 1
| #define HAVE_DECL_FILENO 1
| #define HAVE_DECL_FSEEKO 1
| #define HAVE_DECL_FSEEKO64 0
| #define HAVE_DECL_GETCWD 1
| #define HAVE_DECL_READ 1
| #define HAVE_DECL_CLOSE 1
| #define HAVE_POPEN 1
| #define SCOREP_COMPONENT_REVISION "4662"
| #define SCOREP_COMMON_REVISION "2248"
| #define OTF2_MKDIR( path, mode ) mkdir( path, mode )
| #define HAVE_STAT 1
| #define HAVE_CLOCK_GETTIME 1
| #define HAVE_GETTIMEOFDAY 1
| #define HAVE_GETPID 1
| #define HAVE_SYS_SYSINFO_H 1
| #define HAVE_SYSINFO 1
| /* end confdefs.h.  */
| #include <pthread.h>
|                         static void routine(void *a) { a = 0; }
|                         static void *start_routine(void *a) { return a; }
| int
| main ()
| {
| pthread_t th; pthread_attr_t attr;
|                         pthread_create(&th, 0, start_routine, 0);
|                         pthread_join(th, 0);
|                         pthread_attr_init(&attr);
|                         pthread_cleanup_push(routine, 0);
|                         pthread_cleanup_pop(0) /* ; */
|   ;
|   return 0;
| }
configure:20311: result: no
configure:20214: checking whether pthreads work with -pthread
configure:20302: gcc -o conftest -g -O2 -pthread   conftest.c  -lm  >&5
configure:20302: $? = 0
configure:20311: result: yes
configure:20330: checking for joinable pthread attribute
configure:20345: gcc -o conftest -g -O2 -pthread   conftest.c  -lm  >&5
configure:20345: $? = 0
configure:20351: result: PTHREAD_CREATE_JOINABLE
configure:20361: checking if more special flags are required for pthreads
configure:20375: result: no
configure:20381: checking for PTHREAD_PRIO_INHERIT
configure:20399: gcc -o conftest -g -O2 -pthread   conftest.c  -lm  >&5
configure:20399: $? = 0
configure:20408: result: yes
configure:20541: checking whether PTHREAD_BARRIER_SERIAL_THREAD is declared
configure:20541: gcc -c -g -O2 -pthread  conftest.c >&5
configure:20541: $? = 0
configure:20541: result: yes
configure:20614: checking whether PTHREAD_MUTEX_ERRORCHECK is declared
configure:20614: gcc -c -g -O2 -pthread  conftest.c >&5
configure:20614: $? = 0
configure:20614: result: yes
configure:20927: checking for a Python interpreter with version >= 2.5
configure:20944: python -c import sys # split strings by '.' and convert to numeric. Append some zeros # because we need at least 4 digits for the hex conversion. # map returns an iterator in Python 3.0 and a list in 2.x minver = list(map(int, '2.5'.split('.'))) + [0, 0, 0] minverhex = 0 # xrange is not present in Python 3.0 and range returns an iterator for i in list(range(0, 4)): minverhex = (minverhex << 8) + minver[i] sys.exit(sys.hexversion < minverhex)
configure:20947: $? = 0
configure:20953: result: python
configure:20961: checking for python
configure:20979: found /gpfs/alpine/csc299/scratch/ssinghal/Dynamic_workflow_management/rmonitor/bin/python
configure:20991: result: /gpfs/alpine/csc299/scratch/ssinghal/Dynamic_workflow_management/rmonitor/bin/python
configure:21009: checking for python version
configure:21016: result: 3.7
configure:21028: checking for python platform
configure:21035: result: linux
configure:21061: checking for python script directory
configure:21096: result: ${prefix}/lib/python3.7/site-packages
configure:21105: checking for python extension module directory
configure:21140: result: ${exec_prefix}/lib/python3.7/site-packages
configure:21184: checking python module: six
configure:21193: /gpfs/alpine/csc299/scratch/ssinghal/Dynamic_workflow_management/rmonitor/bin/python -c 'import six' >&5
configure:21197: $? = 0
configure:21201: result: yes, version 1.15.0
configure:21258: checking python module: builtins
configure:21267: /gpfs/alpine/csc299/scratch/ssinghal/Dynamic_workflow_management/rmonitor/bin/python -c 'import builtins' >&5
configure:21271: $? = 0
configure:21275: result: yes
configure:21502: checking that generated files are newer than configure
configure:21508: result: done
configure:21772: creating ./config.status

## ---------------------- ##
## Running config.status. ##
## ---------------------- ##

This file was extended by OTF2 config.status 2.1, which was
generated by GNU Autoconf 2.69.  Invocation command line was

  CONFIG_FILES    = 
  CONFIG_HEADERS  = 
  CONFIG_LINKS    = 
  CONFIG_COMMANDS = 
  $ ./config.status 

on login3

config.status:1370: creating run_otf2_buffer_test.sh
config.status:1370: creating run_otf2_integrity_test.sh
config.status:1370: creating ../src/tools/otf2_config/otf2_config_data_backend.cpp
config.status:1370: creating ../otf2-mini-config-data-backend.sh
config.status:1370: creating Makefile
config.status:1370: creating ../src/config-backend.h
config.status:1599: executing depfiles commands
config.status:1599: executing libtool commands

## ---------------- ##
## Cache variables. ##
## ---------------- ##

ac_cv_build=powerpc64le-unknown-linux-gnu
ac_cv_c_bigendian=no
ac_cv_c_compiler_gnu=yes
ac_cv_cxx_compiler_gnu=yes
ac_cv_env_CCC_set=
ac_cv_env_CCC_value=
ac_cv_env_CC_set=set
ac_cv_env_CC_value=gcc
ac_cv_env_CFLAGS_set=
ac_cv_env_CFLAGS_value=
ac_cv_env_CPPFLAGS_set=
ac_cv_env_CPPFLAGS_value=
ac_cv_env_CPP_set=
ac_cv_env_CPP_value=
ac_cv_env_CXXCPP_set=
ac_cv_env_CXXCPP_value=
ac_cv_env_CXXFLAGS_set=
ac_cv_env_CXXFLAGS_value=
ac_cv_env_CXX_set=set
ac_cv_env_CXX_value=g++
ac_cv_env_LDFLAGS_set=
ac_cv_env_LDFLAGS_value=
ac_cv_env_LIBS_set=
ac_cv_env_LIBS_value=
ac_cv_env_LT_SYS_LIBRARY_PATH_set=
ac_cv_env_LT_SYS_LIBRARY_PATH_value=
ac_cv_env_PYTHON_set=
ac_cv_env_PYTHON_value=
ac_cv_env_build_alias_set=
ac_cv_env_build_alias_value=
ac_cv_env_host_alias_set=
ac_cv_env_host_alias_value=
ac_cv_env_target_alias_set=
ac_cv_env_target_alias_value=
ac_cv_func_isatty=yes
ac_cv_have_decl_PTHREAD_BARRIER_SERIAL_THREAD=yes
ac_cv_have_decl_PTHREAD_MUTEX_ERRORCHECK=yes
ac_cv_have_decl_STDOUT_FILENO=yes
ac_cv_have_decl_close=yes
ac_cv_have_decl_fileno=yes
ac_cv_have_decl_fseeko64=no
ac_cv_have_decl_fseeko=yes
ac_cv_have_decl_getcwd=yes
ac_cv_have_decl_gethostid=yes
ac_cv_have_decl_gethostname=yes
ac_cv_have_decl_read=yes
ac_cv_have_decl_realpath=yes
ac_cv_header_dlfcn_h=yes
ac_cv_header_inttypes_h=yes
ac_cv_header_io_h=no
ac_cv_header_memory_h=yes
ac_cv_header_stdc=yes
ac_cv_header_stdint_h=yes
ac_cv_header_stdlib_h=yes
ac_cv_header_string_h=yes
ac_cv_header_strings_h=yes
ac_cv_header_sys_stat_h=yes
ac_cv_header_sys_sysinfo_h=yes
ac_cv_header_sys_types_h=yes
ac_cv_header_unistd_h=yes
ac_cv_host=powerpc64le-unknown-linux-gnu
ac_cv_objext=o
ac_cv_path_EGREP='/usr/bin/grep -E'
ac_cv_path_FGREP='/usr/bin/grep -F'
ac_cv_path_GREP=/usr/bin/grep
ac_cv_path_PYTHON=/gpfs/alpine/csc299/scratch/ssinghal/Dynamic_workflow_management/rmonitor/bin/python
ac_cv_path_SED=/usr/bin/sed
ac_cv_path_ac_pt_STRIP=/usr/bin/strip
ac_cv_path_install='/usr/bin/install -c'
ac_cv_path_lt_DD=/usr/bin/dd
ac_cv_path_mkdir=/usr/bin/mkdir
ac_cv_prog_AWK=gawk
ac_cv_prog_CPP='gcc -E'
ac_cv_prog_CXXCPP='g++ -E'
ac_cv_prog_ac_ct_AR=ar
ac_cv_prog_ac_ct_CC=gcc
ac_cv_prog_ac_ct_OBJDUMP=objdump
ac_cv_prog_ac_ct_RANLIB=ranlib
ac_cv_prog_cc_c89=
ac_cv_prog_cc_c99=
ac_cv_prog_cc_g=yes
ac_cv_prog_cc_gcc_c_o=yes
ac_cv_prog_cxx_g=yes
ac_cv_prog_make_make_set=yes
ac_cv_prog_otf2_have_sionconfig=no
ac_cv_search_clock_gettime='none required'
ac_cv_search_rint=-lm
am_cv_CC_dependencies_compiler_type=gcc3
am_cv_CXX_dependencies_compiler_type=gcc3
am_cv_ar_interface=ar
am_cv_make_support_nested_variables=yes
am_cv_pathless_PYTHON=python
am_cv_prog_tar_pax=gnutar
am_cv_python_platform=linux
am_cv_python_pyexecdir='${exec_prefix}/lib/python3.7/site-packages'
am_cv_python_pythondir='${prefix}/lib/python3.7/site-packages'
am_cv_python_version=3.7
ax_cv_PTHREAD_PRIO_INHERIT=yes
ax_cv_c_compiler_vendor=gnu
lt_cv_ar_at_file=@
lt_cv_archive_cmds_need_lc=no
lt_cv_deplibs_check_method=pass_all
lt_cv_file_magic_cmd='$MAGIC_CMD'
lt_cv_file_magic_test_file=
lt_cv_ld_reload_flag=-r
lt_cv_nm_interface='BSD nm'
lt_cv_objdir=.libs
lt_cv_path_LD=/sw/summit/xalt/1.2.0/bin/ld
lt_cv_path_LDCXX=/sw/summit/xalt/1.2.0/bin/ld
lt_cv_path_NM='/usr/bin/nm -B'
lt_cv_path_mainfest_tool=no
lt_cv_prog_compiler_c_o=yes
lt_cv_prog_compiler_c_o_CXX=yes
lt_cv_prog_compiler_pic='-fPIC -DPIC'
lt_cv_prog_compiler_pic_CXX='-fPIC -DPIC'
lt_cv_prog_compiler_pic_works=yes
lt_cv_prog_compiler_pic_works_CXX=yes
lt_cv_prog_compiler_rtti_exceptions=no
lt_cv_prog_compiler_static_works=no
lt_cv_prog_compiler_static_works_CXX=no
lt_cv_prog_gnu_ld=yes
lt_cv_prog_gnu_ldcxx=yes
lt_cv_sharedlib_from_linklib_cmd='printf %s\n'
lt_cv_shlibpath_overrides_runpath=no
lt_cv_sys_global_symbol_pipe='sed -n -e '\''s/^.*[	 ]\([ABCDGIRSTW][ABCDGIRSTW]*\)[	 ][	 ]*\([_A-Za-z][_A-Za-z0-9]*\)$/\1 \2 \2/p'\'' | sed '\''/ __gnu_lto/d'\'''
lt_cv_sys_global_symbol_to_c_name_address='sed -n -e '\''s/^: \(.*\) .*$/  {"\1", (void *) 0},/p'\'' -e '\''s/^[ABCDGIRSTW][ABCDGIRSTW]* .* \(.*\)$/  {"\1", (void *) \&\1},/p'\'''
lt_cv_sys_global_symbol_to_c_name_address_lib_prefix='sed -n -e '\''s/^: \(.*\) .*$/  {"\1", (void *) 0},/p'\'' -e '\''s/^[ABCDGIRSTW][ABCDGIRSTW]* .* \(lib.*\)$/  {"\1", (void *) \&\1},/p'\'' -e '\''s/^[ABCDGIRSTW][ABCDGIRSTW]* .* \(.*\)$/  {"lib\1", (void *) \&\1},/p'\'''
lt_cv_sys_global_symbol_to_cdecl='sed -n -e '\''s/^T .* \(.*\)$/extern int \1();/p'\'' -e '\''s/^[ABCDGIRSTW][ABCDGIRSTW]* .* \(.*\)$/extern char \1;/p'\'''
lt_cv_sys_global_symbol_to_import=
lt_cv_sys_max_cmd_len=1572864
lt_cv_to_host_file_cmd=func_convert_file_noop
lt_cv_to_tool_file_cmd=func_convert_file_noop
lt_cv_truncate_bin='/usr/bin/dd bs=4096 count=1'

## ----------------- ##
## Output variables. ##
## ----------------- ##

ACLOCAL='${SHELL} /gpfs/alpine/scratch/ssinghal/csc299/Dynamic_workflow_management/tau-2.28.1/otf2-2.1/build-config/missing aclocal-1.13'
AFS_PACKAGE_BUILD_NAME='BACKEND'
AFS_PACKAGE_BUILD_name='backend'
AFS_PACKAGE_NAME='OTF2'
AFS_PACKAGE_TO_TOP='../'
AFS_PACKAGE_name='otf2'
AMDEPBACKSLASH='\'
AMDEP_FALSE='#'
AMDEP_TRUE=''
AMTAR='$${TAR-tar}'
AM_BACKSLASH='\'
AM_DEFAULT_V='$(AM_DEFAULT_VERBOSITY)'
AM_DEFAULT_VERBOSITY='0'
AM_V='$(V)'
AR='ar'
AUTOCONF='${SHELL} /gpfs/alpine/scratch/ssinghal/csc299/Dynamic_workflow_management/tau-2.28.1/otf2-2.1/build-config/missing autoconf'
AUTOHEADER='${SHELL} /gpfs/alpine/scratch/ssinghal/csc299/Dynamic_workflow_management/tau-2.28.1/otf2-2.1/build-config/missing autoheader'
AUTOMAKE='${SHELL} /gpfs/alpine/scratch/ssinghal/csc299/Dynamic_workflow_management/tau-2.28.1/otf2-2.1/build-config/missing automake-1.13'
AWK='gawk'
BACKEND_TEST_RUNS_FALSE=''
BACKEND_TEST_RUNS_TRUE='#'
BUILD_SHARED_LIBRARIES_FALSE='#'
BUILD_SHARED_LIBRARIES_TRUE=''
BUILD_STATIC_LIBRARIES_FALSE='#'
BUILD_STATIC_LIBRARIES_TRUE=''
BUILD_TESTS_FALSE='#'
BUILD_TESTS_TRUE=''
CC='gcc'
CCDEPMODE='depmode=gcc3'
CFLAGS='-g -O2'
CPP='gcc -E'
CPPFLAGS=''
CROSS_BUILD_FALSE=''
CROSS_BUILD_TRUE='#'
CXX='g++'
CXXCPP='g++ -E'
CXXDEPMODE='depmode=gcc3'
CXXFLAGS='-g -O2'
CYGPATH_W='echo'
DEFS='-DHAVE_CONFIG_H'
DEPDIR='.deps'
DLLTOOL='false'
DSYMUTIL=''
DUMPBIN=''
ECHO_C=''
ECHO_N='-n'
ECHO_T=''
EGREP='/usr/bin/grep -E'
EXEEXT=''
FGREP='/usr/bin/grep -F'
GREP='/usr/bin/grep'
HARDCODE_INTO_LIBS='1'
HARDCODE_LIBDIR_AIX_LIBPATH=''
HARDCODE_LIBDIR_FLAG_CC='$wl-rpath $wl$libdir'
HARDCODE_LIBDIR_FLAG_CXX='$wl-rpath $wl$libdir'
HARDCODE_LIBDIR_WL='-Wl,'
HAVE_CLOSE_FALSE='#'
HAVE_CLOSE_TRUE=''
HAVE_FILENO_FALSE='#'
HAVE_FILENO_TRUE=''
HAVE_FSEEKO64_FALSE=''
HAVE_FSEEKO64_TRUE='#'
HAVE_FSEEKO_FALSE='#'
HAVE_FSEEKO_TRUE=''
HAVE_GETCWD_FALSE='#'
HAVE_GETCWD_TRUE=''
HAVE_GETHOSTID_FALSE='#'
HAVE_GETHOSTID_TRUE=''
HAVE_GETHOSTNAME_FALSE='#'
HAVE_GETHOSTNAME_TRUE=''
HAVE_POPEN_FALSE='#'
HAVE_POPEN_TRUE=''
HAVE_PTHREAD_BARRIER_FALSE='#'
HAVE_PTHREAD_BARRIER_TRUE=''
HAVE_PTHREAD_FALSE='#'
HAVE_PTHREAD_MUTEX_ERRORCHECK_FALSE='#'
HAVE_PTHREAD_MUTEX_ERRORCHECK_TRUE=''
HAVE_PTHREAD_TRUE=''
HAVE_PYTHON_BINDINGS_SUPPORT_FALSE='#'
HAVE_PYTHON_BINDINGS_SUPPORT_TRUE=''
HAVE_READ_FALSE='#'
HAVE_READ_TRUE=''
HAVE_REALPATH_FALSE='#'
HAVE_REALPATH_TRUE=''
HAVE_SIONLIB_SUPPORT_FALSE=''
HAVE_SIONLIB_SUPPORT_TRUE='#'
HAVE_ZLIB_FALSE=''
HAVE_ZLIB_TRUE='#'
INCLUDEDIR='/ccs/home/ssinghal/tau2-install/2.8/gcc/ibm64linux/otf2-gcc/include'
INSTALL_DATA='${INSTALL} -m 644'
INSTALL_PROGRAM='${INSTALL}'
INSTALL_SCRIPT='${INSTALL}'
INSTALL_STRIP_PROGRAM='$(install_sh) -c -s'
LD='/sw/summit/xalt/1.2.0/bin/ld'
LDFLAGS=''
LIBOBJS=''
LIBRARY_AGE='1'
LIBRARY_CURRENT='8'
LIBRARY_INTERFACE_VERSION='8:0:1'
LIBRARY_REVISION='0'
LIBS='-lm '
LIBTOOL='$(SHELL) $(top_builddir)/libtool'
LIBTOOL_DEPS='../build-config/ltmain.sh'
LIPO=''
LN_S='ln -s'
LTLIBOBJS=''
LT_SYS_LIBRARY_PATH=''
MAKEINFO='${SHELL} /gpfs/alpine/scratch/ssinghal/csc299/Dynamic_workflow_management/tau-2.28.1/otf2-2.1/build-config/missing makeinfo'
MANIFEST_TOOL=':'
MIC_SUPPORT_FALSE=''
MIC_SUPPORT_TRUE='#'
MKDIR_P='/usr/bin/mkdir -p'
NM='/usr/bin/nm -B'
NMEDIT=''
OBJDUMP='objdump'
OBJEXT='o'
OTF2_SIONLIB_CPPFLAGS=''
OTF2_SIONLIB_LDFLAGS=' '
OTF2_SIONLIB_LIBS=''
OTF2_TIMER_LIB=''
OTOOL64=''
OTOOL=''
PACKAGE='otf2'
PACKAGE_BUGFIX='0'
PACKAGE_BUGREPORT='support@score-p.org'
PACKAGE_ERROR_CODES_INCDIR='../include'
PACKAGE_MAJOR='2'
PACKAGE_MINOR='1'
PACKAGE_NAME='OTF2'
PACKAGE_STRING='OTF2 2.1'
PACKAGE_SUFFIX=''
PACKAGE_TARNAME='otf2'
PACKAGE_URL=''
PACKAGE_VERSION='2.1'
PATH_SEPARATOR=':'
PLATFORM_AIX_FALSE=''
PLATFORM_AIX_TRUE='#'
PLATFORM_ALTIX_FALSE=''
PLATFORM_ALTIX_TRUE='#'
PLATFORM_ARM_FALSE=''
PLATFORM_ARM_TRUE='#'
PLATFORM_BGL_FALSE=''
PLATFORM_BGL_TRUE='#'
PLATFORM_BGP_FALSE=''
PLATFORM_BGP_TRUE='#'
PLATFORM_BGQ_FALSE=''
PLATFORM_BGQ_TRUE='#'
PLATFORM_CRAYXC_FALSE=''
PLATFORM_CRAYXC_TRUE='#'
PLATFORM_CRAYXE_FALSE=''
PLATFORM_CRAYXE_TRUE='#'
PLATFORM_CRAYXK_FALSE=''
PLATFORM_CRAYXK_TRUE='#'
PLATFORM_CRAYXT_FALSE=''
PLATFORM_CRAYXT_TRUE='#'
PLATFORM_CRAY_FALSE=''
PLATFORM_CRAY_TRUE='#'
PLATFORM_FX100_FALSE=''
PLATFORM_FX100_TRUE='#'
PLATFORM_FX10_FALSE=''
PLATFORM_FX10_TRUE='#'
PLATFORM_K_FALSE=''
PLATFORM_K_TRUE='#'
PLATFORM_LINUX_FALSE='#'
PLATFORM_LINUX_TRUE=''
PLATFORM_MAC_FALSE=''
PLATFORM_MAC_TRUE='#'
PLATFORM_MIC_FALSE=''
PLATFORM_MIC_TRUE='#'
PLATFORM_MINGW_FALSE=''
PLATFORM_MINGW_TRUE='#'
PLATFORM_NECSX_FALSE=''
PLATFORM_NECSX_TRUE='#'
PLATFORM_SOLARIS_FALSE=''
PLATFORM_SOLARIS_TRUE='#'
PTHREAD_CC='gcc'
PTHREAD_CFLAGS='-pthread'
PTHREAD_LIBS=''
PYTHON='/gpfs/alpine/csc299/scratch/ssinghal/Dynamic_workflow_management/rmonitor/bin/python'
PYTHON_EXEC_PREFIX='${exec_prefix}'
PYTHON_PLATFORM='linux'
PYTHON_PREFIX='${prefix}'
PYTHON_VERSION='3.7'
RANLIB='ranlib'
SCOREP_COMPILER_CRAY='0'
SCOREP_COMPILER_CRAY_FALSE=''
SCOREP_COMPILER_CRAY_TRUE='#'
SCOREP_COMPILER_FUJITSU='0'
SCOREP_COMPILER_FUJITSU_FALSE=''
SCOREP_COMPILER_FUJITSU_TRUE='#'
SCOREP_COMPILER_GNU='1'
SCOREP_COMPILER_GNU_FALSE='#'
SCOREP_COMPILER_GNU_TRUE=''
SCOREP_COMPILER_IBM='0'
SCOREP_COMPILER_IBM_FALSE=''
SCOREP_COMPILER_IBM_TRUE='#'
SCOREP_COMPILER_INTEL='0'
SCOREP_COMPILER_INTEL_FALSE=''
SCOREP_COMPILER_INTEL_TRUE='#'
SCOREP_COMPILER_PGI='0'
SCOREP_COMPILER_PGI_FALSE=''
SCOREP_COMPILER_PGI_TRUE='#'
SCOREP_COMPILER_SUN='0'
SCOREP_COMPILER_SUN_FALSE=''
SCOREP_COMPILER_SUN_TRUE='#'
SED='/usr/bin/sed'
SET_MAKE=''
SHELL='/bin/sh'
STRIP='/usr/bin/strip'
SVN_CONTROLLED_FALSE=''
SVN_CONTROLLED_TRUE='#'
SYS_LIB_DLSEARCH_PATH_SPEC='/lib /usr/lib /opt/mellanox/hcoll/lib /opt/ibutils/lib64 /opt/ibm/spectrum_mpi/jsm_pmix/lib /opt/ibm/spectrum_mpi/lib /usr/lib64/mysql /opt/mellanox/mxm/lib /usr/lib64/libglvnd  /opt/mellanox/sharp/lib /usr/lib64 '
USER_BUILD_SHARED_LIBRARIES_FALSE=''
USER_BUILD_SHARED_LIBRARIES_TRUE='#'
USER_BUILD_STATIC_LIBRARIES_FALSE='#'
USER_BUILD_STATIC_LIBRARIES_TRUE=''
VERSION='2.1'
ac_ct_AR='ar'
ac_ct_CC='gcc'
ac_ct_CXX=''
ac_ct_DUMPBIN=''
afs_srcdir='../'
am__EXEEXT_FALSE=''
am__EXEEXT_TRUE='#'
am__fastdepCC_FALSE='#'
am__fastdepCC_TRUE=''
am__fastdepCXX_FALSE='#'
am__fastdepCXX_TRUE=''
am__include='include'
am__isrc=''
am__leading_dot='.'
am__nodep='_no'
am__quote=''
am__tar='tar --format=posix -chf - "$$tardir"'
am__untar='tar -xf -'
ax_pthread_config=''
backend_suffix=''
bindir='${exec_prefix}/bin'
build='powerpc64le-unknown-linux-gnu'
build_alias=''
build_cpu='powerpc64le'
build_os='linux-gnu'
build_vendor='unknown'
datadir='${datarootdir}'
datarootdir='${prefix}/share'
docdir='${datarootdir}/doc/${PACKAGE_TARNAME}'
dvidir='${docdir}'
exec_prefix='${prefix}'
host='powerpc64le-unknown-linux-gnu'
host_alias=''
host_cpu='powerpc64le'
host_os='linux-gnu'
host_vendor='unknown'
htmldir='${docdir}'
includedir='${prefix}/include'
infodir='${datarootdir}/info'
install_sh='${SHELL} /gpfs/alpine/scratch/ssinghal/csc299/Dynamic_workflow_management/tau-2.28.1/otf2-2.1/build-config/install-sh'
libdir='${exec_prefix}/lib'
libexecdir='${exec_prefix}/libexec'
localedir='${datarootdir}/locale'
localstatedir='${prefix}/var'
mandir='${datarootdir}/man'
mkdir_p='$(MKDIR_P)'
oldincludedir='/usr/include'
otf2_have_sionconfig='no'
pdfdir='${docdir}'
pkgpyexecdir='${pyexecdir}/otf2'
pkgpythondir='${pythondir}/otf2'
prefix='/ccs/home/ssinghal/tau2-install/2.8/gcc/ibm64linux/otf2-gcc'
program_transform_name='s,x,x,'
psdir='${docdir}'
pyexecdir='${exec_prefix}/lib/python3.7/site-packages'
pythondir='${prefix}/lib/python3.7/site-packages'
sbindir='${exec_prefix}/sbin'
sharedstatedir='${prefix}/com'
sysconfdir='${prefix}/etc'
target_alias=''

## ----------- ##
## confdefs.h. ##
## ----------- ##

/* confdefs.h */
#define PACKAGE_NAME "OTF2"
#define PACKAGE_TARNAME "otf2"
#define PACKAGE_VERSION "2.1"
#define PACKAGE_STRING "OTF2 2.1"
#define PACKAGE_BUGREPORT "support@score-p.org"
#define PACKAGE_URL ""
#define AFS_PACKAGE_BUILD "backend"
#define AFS_PACKAGE_SRCDIR "../"
#define AFS_PACKAGE_BUILD_name backend
#define AFS_PACKAGE_BUILD_NAME BACKEND
#define AFS_PACKAGE_name otf2
#define AFS_PACKAGE_NAME OTF2
#define LIBRARY_INTERFACE_VERSION "8:0:1"
#define PACKAGE "otf2"
#define VERSION "2.1"
#define SCOREP_IN_PRODUCTION /**/
#define HAVE_PLATFORM_LINUX 1
#define STDC_HEADERS 1
#define HAVE_SYS_TYPES_H 1
#define HAVE_SYS_STAT_H 1
#define HAVE_STDLIB_H 1
#define HAVE_STRING_H 1
#define HAVE_MEMORY_H 1
#define HAVE_STRINGS_H 1
#define HAVE_INTTYPES_H 1
#define HAVE_STDINT_H 1
#define HAVE_UNISTD_H 1
#define HAVE_DLFCN_H 1
#define LT_OBJDIR ".libs/"
#define HAVE_SIONLIB_SUPPORT 0
#define HAVE_BACKEND_SIONLIB_SUPPORT 0
#define PKGLIBEXECDIR "/ccs/home/ssinghal/tau2-install/2.8/gcc/ibm64linux/otf2-gcc/libexec/otf2"
#define HAVE_OTF2_NO_ASSERT 0
#define CUTEST_USE_COLOR 1
#define HAVE_DECL_REALPATH 1
#define HAVE_DECL_GETHOSTID 1
#define HAVE_DECL_GETHOSTNAME 1
#define HAVE_DECL_FILENO 1
#define HAVE_DECL_FSEEKO 1
#define HAVE_DECL_FSEEKO64 0
#define HAVE_DECL_GETCWD 1
#define HAVE_DECL_READ 1
#define HAVE_DECL_CLOSE 1
#define HAVE_REALPATH 1
#define HAVE_GETHOSTID 1
#define HAVE_GETHOSTNAME 1
#define HAVE_FILENO 1
#define HAVE_FSEEKO 1
#define HAVE_GETCWD 1
#define HAVE_READ 1
#define HAVE_CLOSE 1
#define HAVE_DECL_GETHOSTID 1
#define HAVE_DECL_GETHOSTNAME 1
#define HAVE_DECL_FILENO 1
#define HAVE_DECL_FSEEKO 1
#define HAVE_DECL_FSEEKO64 0
#define HAVE_DECL_GETCWD 1
#define HAVE_DECL_READ 1
#define HAVE_DECL_CLOSE 1
#define HAVE_POPEN 1
#define SCOREP_COMPONENT_REVISION "4662"
#define SCOREP_COMMON_REVISION "2248"
#define OTF2_MKDIR( path, mode ) mkdir( path, mode )
#define HAVE_STAT 1
#define HAVE_CLOCK_GETTIME 1
#define HAVE_GETTIMEOFDAY 1
#define HAVE_GETPID 1
#define HAVE_SYS_SYSINFO_H 1
#define HAVE_SYSINFO 1
#define HAVE_PTHREAD_PRIO_INHERIT 1
#define HAVE_PTHREAD 1
#define HAVE_BACKEND_PTHREAD 1
#define HAVE_PTHREAD_BARRIER 1
#define HAVE_BACKEND_PTHREAD_BARRIER 1
#define HAVE_PTHREAD_MUTEX_ERRORCHECK 1
#define HAVE_BACKEND_PTHREAD_MUTEX_ERRORCHECK 1
#define PACKAGE_ERROR_CODES_HEADER <otf2/OTF2_ErrorCodes.h>
#define SCOREP_SHARED_BUILD /**/
#define SCOREP_STATIC_BUILD /**/

configure: exit 0
