checking build system type... powerpc64le-unknown-linux-gnu
checking host system type... powerpc64le-unknown-linux-gnu
checking target system type... powerpc64le-unknown-linux-gnu
checking for a BSD-compatible install... /usr/bin/install -c
checking whether build environment is sane... yes
checking for a thread-safe mkdir -p... /usr/bin/mkdir -p
checking for gawk... gawk
checking whether make sets $(MAKE)... yes
checking whether make supports nested variables... yes
checking whether to enable maintainer-specific portions of Makefiles... no
checking for gcc... gcc
checking whether the C compiler works... yes
checking for C compiler default output file name... a.out
checking for suffix of executables... 
checking whether we are cross compiling... no
checking for suffix of object files... o
checking whether we are using the GNU C compiler... yes
checking whether gcc accepts -g... yes
checking for gcc option to accept ISO C89... none needed
checking for style of include used by make... GNU
checking dependency style of gcc... gcc3
checking whether we are using the GNU C++ compiler... yes
checking whether g++ accepts -g... yes
checking dependency style of g++... gcc3
checking whether make sets $(MAKE)... (cached) yes
checking for ar... ar
checking the archiver (ar) interface... ar
checking how to print strings... printf
checking for a sed that does not truncate output... /usr/bin/sed
checking for grep that handles long lines and -e... /usr/bin/grep
checking for egrep... /usr/bin/grep -E
checking for fgrep... /usr/bin/grep -F
checking for ld used by gcc... /sw/summit/xalt/1.2.0/bin/ld
checking if the linker (/sw/summit/xalt/1.2.0/bin/ld) is GNU ld... yes
checking for BSD- or MS-compatible name lister (nm)... /usr/bin/nm -B
checking the name lister (/usr/bin/nm -B) interface... BSD nm
checking whether ln -s works... yes
checking the maximum length of command line arguments... 1572864
checking whether the shell understands some XSI constructs... yes
checking whether the shell understands "+="... yes
checking how to convert powerpc64le-unknown-linux-gnu file names to powerpc64le-unknown-linux-gnu format... func_convert_file_noop
checking how to convert powerpc64le-unknown-linux-gnu file names to toolchain format... func_convert_file_noop
checking for /sw/summit/xalt/1.2.0/bin/ld option to reload object files... -r
checking for objdump... objdump
checking how to recognize dependent libraries... pass_all
checking for dlltool... no
checking how to associate runtime and link libraries... printf %s\n
checking for archiver @FILE support... @
checking for strip... strip
checking for ranlib... ranlib
checking command to parse /usr/bin/nm -B output from gcc object... ok
checking for sysroot... no
checking for mt... no
checking if : is a manifest tool... no
checking how to run the C preprocessor... gcc -E
checking for ANSI C header files... yes
checking for sys/types.h... yes
checking for sys/stat.h... yes
checking for stdlib.h... yes
checking for string.h... yes
checking for memory.h... yes
checking for strings.h... yes
checking for inttypes.h... yes
checking for stdint.h... yes
checking for unistd.h... yes
checking for dlfcn.h... yes
checking for objdir... .libs
checking if gcc supports -fno-rtti -fno-exceptions... no
checking for gcc option to produce PIC... -fPIC -DPIC
checking if gcc PIC flag -fPIC -DPIC works... yes
checking if gcc static flag -static works... no
checking if gcc supports -c -o file.o... yes
checking if gcc supports -c -o file.o... (cached) yes
checking whether the gcc linker (/sw/summit/xalt/1.2.0/bin/ld -m elf64ppc) supports shared libraries... yes
checking whether -lc should be explicitly linked in... no
checking dynamic linker characteristics... GNU/Linux ld.so
checking how to hardcode library paths into programs... immediate
checking whether stripping libraries is possible... yes
checking if libtool supports shared libraries... yes
checking whether to build shared libraries... yes
checking whether to build static libraries... yes
checking how to run the C++ preprocessor... g++ -E
checking for ld used by g++... /sw/summit/xalt/1.2.0/bin/ld -m elf64ppc
checking if the linker (/sw/summit/xalt/1.2.0/bin/ld -m elf64ppc) is GNU ld... yes
checking whether the g++ linker (/sw/summit/xalt/1.2.0/bin/ld -m elf64ppc) supports shared libraries... yes
checking for g++ option to produce PIC... -fPIC -DPIC
checking if g++ PIC flag -fPIC -DPIC works... yes
checking if g++ static flag -static works... no
checking if g++ supports -c -o file.o... yes
checking if g++ supports -c -o file.o... (cached) yes
checking whether the g++ linker (/sw/summit/xalt/1.2.0/bin/ld -m elf64ppc) supports shared libraries... yes
checking dynamic linker characteristics... (cached) GNU/Linux ld.so
checking how to hardcode library paths into programs... immediate
checking dependency style of gcc... gcc3
checking whether gcc and cc understand -c and -o together... yes
checking for __uc_get_grs in -luca... no
checking for library containing dlopen... -ldl
checking atomic_ops.h usability... no
checking atomic_ops.h presence... no
checking for atomic_ops.h... no
checking for ANSI C header files... (cached) yes
checking asm/ptrace_offsets.h usability... no
checking asm/ptrace_offsets.h presence... no
checking for asm/ptrace_offsets.h... no
checking endian.h usability... yes
checking endian.h presence... yes
checking for endian.h... yes
checking sys/endian.h usability... no
checking sys/endian.h presence... no
checking for sys/endian.h... no
checking execinfo.h usability... yes
checking execinfo.h presence... yes
checking for execinfo.h... yes
checking ia64intrin.h usability... no
checking ia64intrin.h presence... no
checking for ia64intrin.h... no
checking sys/uc_access.h usability... no
checking sys/uc_access.h presence... no
checking for sys/uc_access.h... no
checking for unistd.h... (cached) yes
checking signal.h usability... yes
checking signal.h presence... yes
checking for signal.h... yes
checking for sys/types.h... (cached) yes
checking sys/procfs.h usability... yes
checking sys/procfs.h presence... yes
checking for sys/procfs.h... yes
checking sys/ptrace.h usability... yes
checking sys/ptrace.h presence... yes
checking for sys/ptrace.h... yes
checking byteswap.h usability... yes
checking byteswap.h presence... yes
checking for byteswap.h... yes
checking elf.h usability... yes
checking elf.h presence... yes
checking for elf.h... yes
checking sys/elf.h usability... no
checking sys/elf.h presence... no
checking for sys/elf.h... no
checking link.h usability... yes
checking link.h presence... yes
checking for link.h... yes
checking sys/link.h usability... no
checking sys/link.h presence... no
checking for sys/link.h... no
checking for an ANSI C-conforming const... yes
checking for inline... inline
checking for size_t... yes
checking size of off_t... 8
checking for struct dl_phdr_info.dlpi_subs... yes
checking for struct elf_prstatus... yes
checking for struct prstatus... no
checking whether PTRACE_POKEUSER is declared... yes
checking whether PTRACE_POKEDATA is declared... yes
checking whether PTRACE_SETREGSET is declared... yes
checking whether PTRACE_TRACEME is declared... yes
checking whether PTRACE_CONT is declared... yes
checking whether PTRACE_SINGLESTEP is declared... yes
checking whether PTRACE_SYSCALL is declared... yes
checking whether PT_IO is declared... no
checking whether PT_GETREGS is declared... no
checking whether PT_GETFPREGS is declared... no
checking whether PT_CONTINUE is declared... yes
checking whether PT_TRACE_ME is declared... yes
checking whether PT_STEP is declared... yes
checking whether PT_SYSCALL is declared... yes
checking for dl_iterate_phdr... yes
checking for dl_phdr_removals_counter... no
checking for dlmodinfo... no
checking for getunwind... no
checking for ttrace... no
checking for mincore... yes
checking if building with AltiVec... yes
checking for Android... no
checking if we should build libunwind-coredump... no
checking for sys/ptrace.h... (cached) yes
checking if we should build libunwind-ptrace... yes
checking if we should build libunwind-setjmp... yes
checking for build architecture... ppc64
checking for host architecture... ppc64
checking for target architecture... ppc64
checking for target operating system... linux-gnu
checking for ELF helper width... 64
checking whether to include DWARF support... yes
configure: PowerPC64 detected, lib will be installed ${exec_prefix}/lib64
checking whether to restrict build to remote support... no
checking whether to enable debug support... 
checking whether to enable C++ exception support... yes
checking whether to load .debug_frame sections... no
checking whether to block signals during mutex ops... yes
checking whether to validate memory addresses before use... yes
checking whether to enable msabi support... 
checking whether to support LZMA-compressed symbol tables... auto
checking for lzma_mf_is_supported in -llzma... yes
checking whether to support UNW_CACHE_PER_THREAD... 
checking for Intel compiler... no
checking for QCC compiler... no
checking for __builtin___clear_cache... yes
checking for __builtin_unreachable... yes
checking for __sync atomics... yes
checking for library containing backtrace... none required
checking for latex2man... no
configure: WARNING: latex2man not found. Install latex2man. Disabling docs.
checking that generated files are newer than configure... done
configure: creating ./config.status
config.status: creating tests/Makefile
config.status: creating tests/check-namespace.sh
config.status: creating Makefile
config.status: creating src/Makefile
config.status: creating include/libunwind-common.h
config.status: creating include/libunwind.h
config.status: creating include/tdep/libunwind_i.h
config.status: creating src/unwind/libunwind.pc
config.status: creating src/coredump/libunwind-coredump.pc
config.status: creating src/ptrace/libunwind-ptrace.pc
config.status: creating src/setjmp/libunwind-setjmp.pc
config.status: creating src/libunwind-generic.pc
config.status: creating include/config.h
config.status: executing depfiles commands
config.status: executing libtool commands
