This file contains any messages produced by compilers while
running configure, to aid debugging if configure makes a mistake.

It was created by libunwind configure 1.3.1, which was
generated by GNU Autoconf 2.69.  Invocation command line was

  $ ./configure --prefix=/ccs/home/ssinghal/tau2-install/2.8/gcc/ibm64linux/libunwind-1.3.1-gcc CC=gcc CXX=g++

## --------- ##
## Platform. ##
## --------- ##

hostname = login3
uname -m = ppc64le
uname -r = 4.14.0-115.21.2.el7a.ppc64le
uname -s = Linux
uname -v = #1 SMP Thu May 7 22:22:31 UTC 2020

/usr/bin/uname -p = ppc64le
/bin/uname -X     = unknown

/bin/arch              = ppc64le
/usr/bin/arch -k       = unknown
/usr/convex/getsysinfo = unknown
/usr/bin/hostinfo      = unknown
/bin/machine           = unknown
/usr/bin/oslevel       = unknown
/bin/universe          = unknown

PATH: /gpfs/alpine/csc299/scratch/ssinghal/Dynamic_workflow_management/rmonitor
PATH: /gpfs/alpine/csc299/scratch/ssinghal/Dynamic_workflow_management/rmonitor/bin
PATH: /gpfs/alpine/csc299/scratch/ssinghal/Dynamic_workflow_management/rmonitor/include
PATH: /sw/sources/lsf-tools/2.0/summit/bin
PATH: /sw/summit/xalt/1.2.0/bin
PATH: /autofs/nccs-svm1_sw/summit/.swci/1-compute/opt/spack/20180914/linux-rhel7-ppc64le/gcc-6.4.0/kokkos-3.0.00-nd2jho65xryrafyrakewx7lmjh7vtg3t/bin
PATH: /autofs/nccs-svm1_sw/summit/.swci/1-compute/opt/spack/20180914/linux-rhel7-ppc64le/gcc-6.4.0/kokkos-nvcc-wrapper-20200221-2k5mir5wxjpoyvdkwaotm2sy74oj2cvs/bin
PATH: /gpfs/alpine/csc299/scratch/ssinghal/cheetah/dynamic_cheetah
PATH: /gpfs/alpine/csc299/scratch/ssinghal/cheetah/dynamic_cheetah/bin
PATH: /gpfs/alpine/csc299/scratch/ssinghal/cheetah/dynamic_cheetah/include
PATH: /ccs/home/ssinghal/vtk-install
PATH: /ccs/home/ssinghal/vtk-install/include
PATH: /ccs/home/ssinghal/vtk-install/bin
PATH: /ccs/home/ssinghal/vtkm-install
PATH: /ccs/home/ssinghal/vtkm-install/include
PATH: /ccs/home/ssinghal/vtkm-install/include/vtkm-1.3
PATH: /ccs/home/ssinghal/vtkm-install/bin
PATH: /ccs/home/ssinghal/tau2-install/gcc/x86_64
PATH: /ccs/home/ssinghal/tau2-install/gcc/x86_64/include
PATH: /ccs/home/ssinghal/tau2-install/gcc/x86_64/bin
PATH: /ccs/home/ssinghal/papi_install
PATH: /ccs/home/ssinghal/papi_install/include
PATH: /ccs/home/ssinghal/papi_install/bin
PATH: /ccs/home/ssinghal/zfp-install
PATH: /ccs/home/ssinghal/zfp-install/include
PATH: /ccs/home/ssinghal/zfp-install/bin
PATH: /ccs/home/ssinghal/ADIOS2-install/lib/python3.7/site-packages
PATH: /sw/summit/xalt/1.2.0/site
PATH: /sw/summit/xalt/1.2.0/libexec
PATH: /ccs/home/ssinghal/ADIOS2-install
PATH: /ccs/home/ssinghal/ADIOS2-install/include
PATH: /ccs/home/ssinghal/ADIOS2-install/bin
PATH: /sw/summit/cuda/10.1.243/extras/CUPTI/include
PATH: /sw/summit/cuda/10.1.243/extras/CUPTI/bin
PATH: /autofs/nccs-svm1_sw/summit/.swci/1-compute/opt/spack/20180914/linux-rhel7-ppc64le/gcc-6.4.0/hdf5-1.10.4-qj7qoumocmjj2xkwbwotazo22sugeq5o/bin
PATH: /autofs/nccs-svm1_sw/summit/.swci/1-compute/opt/spack/20180914/linux-rhel7-ppc64le/gcc-6.4.0/fftw-3.3.8-7p6nny234obzuczdtyyea4t4uxej777s/bin
PATH: /sw/summit/cuda/10.1.243/bin
PATH: /autofs/nccs-svm1_sw/summit/.swci/1-compute/opt/spack/20180914/linux-rhel7-ppc64le/gcc-6.4.0/spectrum-mpi-10.3.1.2-20200121-awz2q5brde7wgdqqw4ugalrkukeub4eb/bin
PATH: /sw/summit/gcc/6.4.0/bin
PATH: /usr/bin
PATH: /usr/sbin
PATH: /sw/sources/hpss/bin
PATH: /opt/ibm/spectrumcomputing/lsf/10.1.0.9/linux3.10-glibc2.17-ppc64le-csm/etc
PATH: /opt/ibm/spectrumcomputing/lsf/10.1.0.9/linux3.10-glibc2.17-ppc64le-csm/bin
PATH: /opt/ibm/csm/bin
PATH: /usr/local/bin
PATH: /usr/local/sbin
PATH: /opt/ibm/flightlog/bin
PATH: /opt/ibutils/bin
PATH: /opt/ibm/spectrum_mpi/jsm_pmix/bin
PATH: /opt/puppetlabs/bin
PATH: /usr/lpp/mmfs/bin


## ----------- ##
## Core tests. ##
## ----------- ##

configure:2839: checking build system type
configure:2853: result: powerpc64le-unknown-linux-gnu
configure:2873: checking host system type
configure:2886: result: powerpc64le-unknown-linux-gnu
configure:2906: checking target system type
configure:2919: result: powerpc64le-unknown-linux-gnu
configure:2961: checking for a BSD-compatible install
configure:3029: result: /usr/bin/install -c
configure:3040: checking whether build environment is sane
configure:3095: result: yes
configure:3246: checking for a thread-safe mkdir -p
configure:3285: result: /usr/bin/mkdir -p
configure:3292: checking for gawk
configure:3308: found /usr/bin/gawk
configure:3319: result: gawk
configure:3330: checking whether make sets $(MAKE)
configure:3352: result: yes
configure:3381: checking whether make supports nested variables
configure:3398: result: yes
configure:3483: checking whether to enable maintainer-specific portions of Makefiles
configure:3492: result: no
configure:3556: checking for gcc
configure:3583: result: gcc
configure:3812: checking for C compiler version
configure:3821: gcc --version >&5
gcc (GCC) 6.4.0
Copyright (C) 2017 Free Software Foundation, Inc.
This is free software; see the source for copying conditions.  There is NO
warranty; not even for MERCHANTABILITY or FITNESS FOR A PARTICULAR PURPOSE.

configure:3832: $? = 0
configure:3821: gcc -v >&5
Using built-in specs.
COLLECT_GCC=gcc
COLLECT_LTO_WRAPPER=/autofs/nccs-svm1_sw/summit/gcc/6.4.0/bin/../libexec/gcc/powerpc64le-none-linux-gnu/6.4.0/lto-wrapper
OFFLOAD_TARGET_NAMES=nvptx-none
Target: powerpc64le-none-linux-gnu
Configured with: /sw/summit/gcc/6.4.0/src/gcc-6.4.0/configure --prefix=/sw/summit/gcc/6.4.0 --build=powerpc64le-none-linux-gnu --host=powerpc64le-none-linux-gnu --target=powerpc64le-none-linux-gnu --enable-offload-targets=nvptx-none --with-cuda-driver=/sw/summit/cuda/9.0.184 --disable-multilib CFLAGS=-m64
Thread model: posix
gcc version 6.4.0 (GCC) 
configure:3832: $? = 0
configure:3821: gcc -V >&5
gcc: error: unrecognized command line option '-V'
gcc: fatal error: no input files
compilation terminated.
configure:3832: $? = 1
configure:3821: gcc -qversion >&5
gcc: error: unrecognized command line option '-qversion'; did you mean '--version'?
gcc: fatal error: no input files
compilation terminated.
configure:3832: $? = 1
configure:3852: checking whether the C compiler works
configure:3874: gcc    conftest.c  >&5
configure:3878: $? = 0
configure:3926: result: yes
configure:3929: checking for C compiler default output file name
configure:3931: result: a.out
configure:3937: checking for suffix of executables
configure:3944: gcc -o conftest    conftest.c  >&5
configure:3948: $? = 0
configure:3970: result: 
configure:3992: checking whether we are cross compiling
configure:4000: gcc -o conftest    conftest.c  >&5
configure:4004: $? = 0
configure:4011: ./conftest
configure:4015: $? = 0
configure:4030: result: no
configure:4035: checking for suffix of object files
configure:4057: gcc -c   conftest.c >&5
configure:4061: $? = 0
configure:4082: result: o
configure:4086: checking whether we are using the GNU C compiler
configure:4105: gcc -c   conftest.c >&5
configure:4105: $? = 0
configure:4114: result: yes
configure:4123: checking whether gcc accepts -g
configure:4143: gcc -c -g  conftest.c >&5
configure:4143: $? = 0
configure:4184: result: yes
configure:4201: checking for gcc option to accept ISO C89
configure:4264: gcc  -c -g -O2  conftest.c >&5
configure:4264: $? = 0
configure:4277: result: none needed
configure:4308: checking for style of include used by make
configure:4336: result: GNU
configure:4362: checking dependency style of gcc
configure:4473: result: gcc3
configure:4600: checking for C++ compiler version
configure:4609: g++ --version >&5
g++ (GCC) 6.4.0
Copyright (C) 2017 Free Software Foundation, Inc.
This is free software; see the source for copying conditions.  There is NO
warranty; not even for MERCHANTABILITY or FITNESS FOR A PARTICULAR PURPOSE.

configure:4620: $? = 0
configure:4609: g++ -v >&5
Using built-in specs.
COLLECT_GCC=g++
COLLECT_LTO_WRAPPER=/autofs/nccs-svm1_sw/summit/gcc/6.4.0/bin/../libexec/gcc/powerpc64le-none-linux-gnu/6.4.0/lto-wrapper
OFFLOAD_TARGET_NAMES=nvptx-none
Target: powerpc64le-none-linux-gnu
Configured with: /sw/summit/gcc/6.4.0/src/gcc-6.4.0/configure --prefix=/sw/summit/gcc/6.4.0 --build=powerpc64le-none-linux-gnu --host=powerpc64le-none-linux-gnu --target=powerpc64le-none-linux-gnu --enable-offload-targets=nvptx-none --with-cuda-driver=/sw/summit/cuda/9.0.184 --disable-multilib CFLAGS=-m64
Thread model: posix
gcc version 6.4.0 (GCC) 
configure:4620: $? = 0
configure:4609: g++ -V >&5
g++: error: unrecognized command line option '-V'
g++: fatal error: no input files
compilation terminated.
configure:4620: $? = 1
configure:4609: g++ -qversion >&5
g++: error: unrecognized command line option '-qversion'; did you mean '--version'?
g++: fatal error: no input files
compilation terminated.
configure:4620: $? = 1
configure:4624: checking whether we are using the GNU C++ compiler
configure:4643: g++ -c   conftest.cpp >&5
configure:4643: $? = 0
configure:4652: result: yes
configure:4661: checking whether g++ accepts -g
configure:4681: g++ -c -g  conftest.cpp >&5
configure:4681: $? = 0
configure:4722: result: yes
configure:4747: checking dependency style of g++
configure:4858: result: gcc3
configure:4874: checking whether make sets $(MAKE)
configure:4896: result: yes
configure:4955: checking for ar
configure:4971: found /usr/bin/ar
configure:4982: result: ar
configure:5008: checking the archiver (ar) interface
configure:5018: gcc -c -g -O2  conftest.c >&5
configure:5018: $? = 0
configure:5020: ar cru libconftest.a conftest.o >&5
configure:5023: $? = 0
configure:5046: result: ar
configure:5112: checking how to print strings
configure:5139: result: printf
configure:5160: checking for a sed that does not truncate output
configure:5224: result: /usr/bin/sed
configure:5242: checking for grep that handles long lines and -e
configure:5300: result: /usr/bin/grep
configure:5305: checking for egrep
configure:5367: result: /usr/bin/grep -E
configure:5372: checking for fgrep
configure:5434: result: /usr/bin/grep -F
configure:5469: checking for ld used by gcc
configure:5536: result: /sw/summit/xalt/1.2.0/bin/ld
configure:5543: checking if the linker (/sw/summit/xalt/1.2.0/bin/ld) is GNU ld
configure:5558: result: yes
configure:5570: checking for BSD- or MS-compatible name lister (nm)
configure:5619: result: /usr/bin/nm -B
configure:5749: checking the name lister (/usr/bin/nm -B) interface
configure:5756: gcc -c -g -O2  conftest.c >&5
configure:5759: /usr/bin/nm -B "conftest.o"
configure:5762: output
0000000000000000 B some_variable
configure:5769: result: BSD nm
configure:5772: checking whether ln -s works
configure:5776: result: yes
configure:5784: checking the maximum length of command line arguments
configure:5914: result: 1572864
configure:5931: checking whether the shell understands some XSI constructs
configure:5941: result: yes
configure:5945: checking whether the shell understands "+="
configure:5951: result: yes
configure:5986: checking how to convert powerpc64le-unknown-linux-gnu file names to powerpc64le-unknown-linux-gnu format
configure:6026: result: func_convert_file_noop
configure:6033: checking how to convert powerpc64le-unknown-linux-gnu file names to toolchain format
configure:6053: result: func_convert_file_noop
configure:6060: checking for /sw/summit/xalt/1.2.0/bin/ld option to reload object files
configure:6067: result: -r
configure:6141: checking for objdump
configure:6157: found /usr/bin/objdump
configure:6168: result: objdump
configure:6200: checking how to recognize dependent libraries
configure:6402: result: pass_all
configure:6487: checking for dlltool
configure:6517: result: no
configure:6547: checking how to associate runtime and link libraries
configure:6574: result: printf %s\n
configure:6698: checking for archiver @FILE support
configure:6715: gcc -c -g -O2  conftest.c >&5
configure:6715: $? = 0
configure:6718: ar cru libconftest.a @conftest.lst >&5
configure:6721: $? = 0
configure:6726: ar cru libconftest.a @conftest.lst >&5
ar: conftest.o: No such file or directory
configure:6729: $? = 1
configure:6741: result: @
configure:6799: checking for strip
configure:6815: found /usr/bin/strip
configure:6826: result: strip
configure:6898: checking for ranlib
configure:6914: found /usr/bin/ranlib
configure:6925: result: ranlib
configure:7027: checking command to parse /usr/bin/nm -B output from gcc object
configure:7147: gcc -c -g -O2  conftest.c >&5
configure:7150: $? = 0
configure:7154: /usr/bin/nm -B conftest.o \| sed -n -e 's/^.*[ ]\([ABCDGIRSTW][ABCDGIRSTW]*\)[ ][ ]*\([_A-Za-z][_A-Za-z0-9]*\)$/\1 \2 \2/p' | sed '/ __gnu_lto/d' \> conftest.nm
configure:7157: $? = 0
configure:7223: gcc -o conftest -g -O2   conftest.c conftstm.o >&5
configure:7226: $? = 0
configure:7264: result: ok
configure:7301: checking for sysroot
configure:7331: result: no
configure:7408: gcc -c -g -O2  conftest.c >&5
configure:7411: $? = 0
configure:7587: checking for mt
configure:7617: result: no
configure:7637: checking if : is a manifest tool
configure:7643: : '-?'
configure:7651: result: no
configure:8293: checking how to run the C preprocessor
configure:8324: gcc -E  conftest.c
configure:8324: $? = 0
configure:8338: gcc -E  conftest.c
conftest.c:11:28: fatal error: ac_nonexistent.h: No such file or directory
 #include <ac_nonexistent.h>
                            ^
compilation terminated.
configure:8338: $? = 1
configure: failed program was:
| /* confdefs.h */
| #define PACKAGE_NAME "libunwind"
| #define PACKAGE_TARNAME "libunwind"
| #define PACKAGE_VERSION "1.3.1"
| #define PACKAGE_STRING "libunwind 1.3.1"
| #define PACKAGE_BUGREPORT "libunwind-devel@nongnu.org"
| #define PACKAGE_URL ""
| #define PACKAGE "libunwind"
| #define VERSION "1.3.1"
| /* end confdefs.h.  */
| #include <ac_nonexistent.h>
configure:8363: result: gcc -E
configure:8383: gcc -E  conftest.c
configure:8383: $? = 0
configure:8397: gcc -E  conftest.c
conftest.c:11:28: fatal error: ac_nonexistent.h: No such file or directory
 #include <ac_nonexistent.h>
                            ^
compilation terminated.
configure:8397: $? = 1
configure: failed program was:
| /* confdefs.h */
| #define PACKAGE_NAME "libunwind"
| #define PACKAGE_TARNAME "libunwind"
| #define PACKAGE_VERSION "1.3.1"
| #define PACKAGE_STRING "libunwind 1.3.1"
| #define PACKAGE_BUGREPORT "libunwind-devel@nongnu.org"
| #define PACKAGE_URL ""
| #define PACKAGE "libunwind"
| #define VERSION "1.3.1"
| /* end confdefs.h.  */
| #include <ac_nonexistent.h>
configure:8426: checking for ANSI C header files
configure:8446: gcc -c -g -O2  conftest.c >&5
configure:8446: $? = 0
configure:8519: gcc -o conftest -g -O2   conftest.c  >&5
configure:8519: $? = 0
configure:8519: ./conftest
configure:8519: $? = 0
configure:8530: result: yes
configure:8543: checking for sys/types.h
configure:8543: gcc -c -g -O2  conftest.c >&5
configure:8543: $? = 0
configure:8543: result: yes
configure:8543: checking for sys/stat.h
configure:8543: gcc -c -g -O2  conftest.c >&5
configure:8543: $? = 0
configure:8543: result: yes
configure:8543: checking for stdlib.h
configure:8543: gcc -c -g -O2  conftest.c >&5
configure:8543: $? = 0
configure:8543: result: yes
configure:8543: checking for string.h
configure:8543: gcc -c -g -O2  conftest.c >&5
configure:8543: $? = 0
configure:8543: result: yes
configure:8543: checking for memory.h
configure:8543: gcc -c -g -O2  conftest.c >&5
configure:8543: $? = 0
configure:8543: result: yes
configure:8543: checking for strings.h
configure:8543: gcc -c -g -O2  conftest.c >&5
configure:8543: $? = 0
configure:8543: result: yes
configure:8543: checking for inttypes.h
configure:8543: gcc -c -g -O2  conftest.c >&5
configure:8543: $? = 0
configure:8543: result: yes
configure:8543: checking for stdint.h
configure:8543: gcc -c -g -O2  conftest.c >&5
configure:8543: $? = 0
configure:8543: result: yes
configure:8543: checking for unistd.h
configure:8543: gcc -c -g -O2  conftest.c >&5
configure:8543: $? = 0
configure:8543: result: yes
configure:8557: checking for dlfcn.h
configure:8557: gcc -c -g -O2  conftest.c >&5
configure:8557: $? = 0
configure:8557: result: yes
configure:8774: checking for objdir
configure:8789: result: .libs
configure:9056: checking if gcc supports -fno-rtti -fno-exceptions
configure:9074: gcc -c -g -O2  -fno-rtti -fno-exceptions conftest.c >&5
cc1: warning: command line option '-fno-rtti' is valid for C++/ObjC++ but not for C
configure:9078: $? = 0
configure:9091: result: no
configure:9418: checking for gcc option to produce PIC
configure:9425: result: -fPIC -DPIC
configure:9433: checking if gcc PIC flag -fPIC -DPIC works
configure:9451: gcc -c -g -O2  -fPIC -DPIC -DPIC conftest.c >&5
configure:9455: $? = 0
configure:9468: result: yes
configure:9497: checking if gcc static flag -static works
configure:9525: result: no
configure:9540: checking if gcc supports -c -o file.o
configure:9561: gcc -c -g -O2  -o out/conftest2.o conftest.c >&5
configure:9565: $? = 0
configure:9587: result: yes
configure:9595: checking if gcc supports -c -o file.o
configure:9642: result: yes
configure:9675: checking whether the gcc linker (/sw/summit/xalt/1.2.0/bin/ld -m elf64ppc) supports shared libraries
configure:10828: result: yes
configure:10865: checking whether -lc should be explicitly linked in
configure:10873: gcc -c -g -O2  conftest.c >&5
configure:10876: $? = 0
configure:10891: gcc -shared  -fPIC -DPIC conftest.o  -v -Wl,-soname -Wl,conftest -o conftest 2\>\&1 \| /usr/bin/grep  -lc  \>/dev/null 2\>\&1
configure:10894: $? = 0
configure:10908: result: no
configure:11068: checking dynamic linker characteristics
configure:11579: gcc -o conftest -g -O2   -Wl,-rpath -Wl,/foo conftest.c  >&5
configure:11579: $? = 0
configure:11805: result: GNU/Linux ld.so
configure:11912: checking how to hardcode library paths into programs
configure:11937: result: immediate
configure:12477: checking whether stripping libraries is possible
configure:12482: result: yes
configure:12517: checking if libtool supports shared libraries
configure:12519: result: yes
configure:12522: checking whether to build shared libraries
configure:12543: result: yes
configure:12546: checking whether to build static libraries
configure:12550: result: yes
configure:12573: checking how to run the C++ preprocessor
configure:12600: g++ -E  conftest.cpp
configure:12600: $? = 0
configure:12614: g++ -E  conftest.cpp
conftest.cpp:23:28: fatal error: ac_nonexistent.h: No such file or directory
 #include <ac_nonexistent.h>
                            ^
compilation terminated.
configure:12614: $? = 1
configure: failed program was:
| /* confdefs.h */
| #define PACKAGE_NAME "libunwind"
| #define PACKAGE_TARNAME "libunwind"
| #define PACKAGE_VERSION "1.3.1"
| #define PACKAGE_STRING "libunwind 1.3.1"
| #define PACKAGE_BUGREPORT "libunwind-devel@nongnu.org"
| #define PACKAGE_URL ""
| #define PACKAGE "libunwind"
| #define VERSION "1.3.1"
| #define STDC_HEADERS 1
| #define HAVE_SYS_TYPES_H 1
| #define HAVE_SYS_STAT_H 1
| #define HAVE_STDLIB_H 1
| #define HAVE_STRING_H 1
| #define HAVE_MEMORY_H 1
| #define HAVE_STRINGS_H 1
| #define HAVE_INTTYPES_H 1
| #define HAVE_STDINT_H 1
| #define HAVE_UNISTD_H 1
| #define HAVE_DLFCN_H 1
| #define LT_OBJDIR ".libs/"
| /* end confdefs.h.  */
| #include <ac_nonexistent.h>
configure:12639: result: g++ -E
configure:12659: g++ -E  conftest.cpp
configure:12659: $? = 0
configure:12673: g++ -E  conftest.cpp
conftest.cpp:23:28: fatal error: ac_nonexistent.h: No such file or directory
 #include <ac_nonexistent.h>
                            ^
compilation terminated.
configure:12673: $? = 1
configure: failed program was:
| /* confdefs.h */
| #define PACKAGE_NAME "libunwind"
| #define PACKAGE_TARNAME "libunwind"
| #define PACKAGE_VERSION "1.3.1"
| #define PACKAGE_STRING "libunwind 1.3.1"
| #define PACKAGE_BUGREPORT "libunwind-devel@nongnu.org"
| #define PACKAGE_URL ""
| #define PACKAGE "libunwind"
| #define VERSION "1.3.1"
| #define STDC_HEADERS 1
| #define HAVE_SYS_TYPES_H 1
| #define HAVE_SYS_STAT_H 1
| #define HAVE_STDLIB_H 1
| #define HAVE_STRING_H 1
| #define HAVE_MEMORY_H 1
| #define HAVE_STRINGS_H 1
| #define HAVE_INTTYPES_H 1
| #define HAVE_STDINT_H 1
| #define HAVE_UNISTD_H 1
| #define HAVE_DLFCN_H 1
| #define LT_OBJDIR ".libs/"
| /* end confdefs.h.  */
| #include <ac_nonexistent.h>
configure:12842: checking for ld used by g++
configure:12909: result: /sw/summit/xalt/1.2.0/bin/ld -m elf64ppc
configure:12916: checking if the linker (/sw/summit/xalt/1.2.0/bin/ld -m elf64ppc) is GNU ld
configure:12931: result: yes
configure:12986: checking whether the g++ linker (/sw/summit/xalt/1.2.0/bin/ld -m elf64ppc) supports shared libraries
configure:13991: result: yes
configure:14027: g++ -c -g -O2  conftest.cpp >&5
configure:14030: $? = 0
configure:14550: checking for g++ option to produce PIC
configure:14557: result: -fPIC -DPIC
configure:14565: checking if g++ PIC flag -fPIC -DPIC works
configure:14583: g++ -c -g -O2  -fPIC -DPIC -DPIC conftest.cpp >&5
configure:14587: $? = 0
configure:14600: result: yes
configure:14623: checking if g++ static flag -static works
configure:14651: result: no
configure:14663: checking if g++ supports -c -o file.o
configure:14684: g++ -c -g -O2  -o out/conftest2.o conftest.cpp >&5
configure:14688: $? = 0
configure:14710: result: yes
configure:14715: checking if g++ supports -c -o file.o
configure:14762: result: yes
configure:14792: checking whether the g++ linker (/sw/summit/xalt/1.2.0/bin/ld -m elf64ppc) supports shared libraries
configure:14828: result: yes
configure:14969: checking dynamic linker characteristics
configure:15640: result: GNU/Linux ld.so
configure:15693: checking how to hardcode library paths into programs
configure:15718: result: immediate
configure:15788: checking dependency style of gcc
configure:15897: result: gcc3
configure:15913: checking whether gcc and cc understand -c and -o together
configure:15944: gcc -c conftest.c -o conftest2.o >&5
configure:15948: $? = 0
configure:15954: gcc -c conftest.c -o conftest2.o >&5
configure:15958: $? = 0
configure:15969: cc -c conftest.c >&5
configure:15973: $? = 0
configure:15981: cc -c conftest.c -o conftest2.o >&5
configure:15985: $? = 0
configure:15991: cc -c conftest.c -o conftest2.o >&5
configure:15995: $? = 0
configure:16013: result: yes
configure:16039: checking for __uc_get_grs in -luca
configure:16064: gcc -o conftest -g -O2   conftest.c -luca   >&5
/usr/bin/ld: cannot find -luca
collect2: error: ld returned 1 exit status
configure:16064: $? = 1
configure: failed program was:
| /* confdefs.h */
| #define PACKAGE_NAME "libunwind"
| #define PACKAGE_TARNAME "libunwind"
| #define PACKAGE_VERSION "1.3.1"
| #define PACKAGE_STRING "libunwind 1.3.1"
| #define PACKAGE_BUGREPORT "libunwind-devel@nongnu.org"
| #define PACKAGE_URL ""
| #define PACKAGE "libunwind"
| #define VERSION "1.3.1"
| #define STDC_HEADERS 1
| #define HAVE_SYS_TYPES_H 1
| #define HAVE_SYS_STAT_H 1
| #define HAVE_STDLIB_H 1
| #define HAVE_STRING_H 1
| #define HAVE_MEMORY_H 1
| #define HAVE_STRINGS_H 1
| #define HAVE_INTTYPES_H 1
| #define HAVE_STDINT_H 1
| #define HAVE_UNISTD_H 1
| #define HAVE_DLFCN_H 1
| #define LT_OBJDIR ".libs/"
| /* end confdefs.h.  */
| 
| /* Override any GCC internal prototype to avoid an error.
|    Use char because int might match the return type of a GCC
|    builtin and then its argument prototype would still apply.  */
| #ifdef __cplusplus
| extern "C"
| #endif
| char __uc_get_grs ();
| int
| main ()
| {
| return __uc_get_grs ();
|   ;
|   return 0;
| }
configure:16073: result: no
configure:16085: checking for library containing dlopen
configure:16116: gcc -o conftest -g -O2   conftest.c  >&5
/tmp/cces7X2p.o: In function `main':
/gpfs/alpine/scratch/ssinghal/csc299/Dynamic_workflow_management/tau-2.28.1/libunwind-1.3.1/conftest.c:34: undefined reference to `dlopen'
/usr/bin/ld: link errors found, deleting executable `conftest'
collect2: error: ld returned 1 exit status
configure:16116: $? = 1
configure: failed program was:
| /* confdefs.h */
| #define PACKAGE_NAME "libunwind"
| #define PACKAGE_TARNAME "libunwind"
| #define PACKAGE_VERSION "1.3.1"
| #define PACKAGE_STRING "libunwind 1.3.1"
| #define PACKAGE_BUGREPORT "libunwind-devel@nongnu.org"
| #define PACKAGE_URL ""
| #define PACKAGE "libunwind"
| #define VERSION "1.3.1"
| #define STDC_HEADERS 1
| #define HAVE_SYS_TYPES_H 1
| #define HAVE_SYS_STAT_H 1
| #define HAVE_STDLIB_H 1
| #define HAVE_STRING_H 1
| #define HAVE_MEMORY_H 1
| #define HAVE_STRINGS_H 1
| #define HAVE_INTTYPES_H 1
| #define HAVE_STDINT_H 1
| #define HAVE_UNISTD_H 1
| #define HAVE_DLFCN_H 1
| #define LT_OBJDIR ".libs/"
| /* end confdefs.h.  */
| 
| /* Override any GCC internal prototype to avoid an error.
|    Use char because int might match the return type of a GCC
|    builtin and then its argument prototype would still apply.  */
| #ifdef __cplusplus
| extern "C"
| #endif
| char dlopen ();
| int
| main ()
| {
| return dlopen ();
|   ;
|   return 0;
| }
configure:16116: gcc -o conftest -g -O2   conftest.c -ldl   >&5
configure:16116: $? = 0
configure:16133: result: -ldl
configure:16149: checking atomic_ops.h usability
configure:16149: gcc -c -g -O2  conftest.c >&5
conftest.c:56:24: fatal error: atomic_ops.h: No such file or directory
 #include <atomic_ops.h>
                        ^
compilation terminated.
configure:16149: $? = 1
configure: failed program was:
| /* confdefs.h */
| #define PACKAGE_NAME "libunwind"
| #define PACKAGE_TARNAME "libunwind"
| #define PACKAGE_VERSION "1.3.1"
| #define PACKAGE_STRING "libunwind 1.3.1"
| #define PACKAGE_BUGREPORT "libunwind-devel@nongnu.org"
| #define PACKAGE_URL ""
| #define PACKAGE "libunwind"
| #define VERSION "1.3.1"
| #define STDC_HEADERS 1
| #define HAVE_SYS_TYPES_H 1
| #define HAVE_SYS_STAT_H 1
| #define HAVE_STDLIB_H 1
| #define HAVE_STRING_H 1
| #define HAVE_MEMORY_H 1
| #define HAVE_STRINGS_H 1
| #define HAVE_INTTYPES_H 1
| #define HAVE_STDINT_H 1
| #define HAVE_UNISTD_H 1
| #define HAVE_DLFCN_H 1
| #define LT_OBJDIR ".libs/"
| /* end confdefs.h.  */
| #include <stdio.h>
| #ifdef HAVE_SYS_TYPES_H
| # include <sys/types.h>
| #endif
| #ifdef HAVE_SYS_STAT_H
| # include <sys/stat.h>
| #endif
| #ifdef STDC_HEADERS
| # include <stdlib.h>
| # include <stddef.h>
| #else
| # ifdef HAVE_STDLIB_H
| #  include <stdlib.h>
| # endif
| #endif
| #ifdef HAVE_STRING_H
| # if !defined STDC_HEADERS && defined HAVE_MEMORY_H
| #  include <memory.h>
| # endif
| # include <string.h>
| #endif
| #ifdef HAVE_STRINGS_H
| # include <strings.h>
| #endif
| #ifdef HAVE_INTTYPES_H
| # include <inttypes.h>
| #endif
| #ifdef HAVE_STDINT_H
| # include <stdint.h>
| #endif
| #ifdef HAVE_UNISTD_H
| # include <unistd.h>
| #endif
| #include <atomic_ops.h>
configure:16149: result: no
configure:16149: checking atomic_ops.h presence
configure:16149: gcc -E  conftest.c
conftest.c:23:24: fatal error: atomic_ops.h: No such file or directory
 #include <atomic_ops.h>
                        ^
compilation terminated.
configure:16149: $? = 1
configure: failed program was:
| /* confdefs.h */
| #define PACKAGE_NAME "libunwind"
| #define PACKAGE_TARNAME "libunwind"
| #define PACKAGE_VERSION "1.3.1"
| #define PACKAGE_STRING "libunwind 1.3.1"
| #define PACKAGE_BUGREPORT "libunwind-devel@nongnu.org"
| #define PACKAGE_URL ""
| #define PACKAGE "libunwind"
| #define VERSION "1.3.1"
| #define STDC_HEADERS 1
| #define HAVE_SYS_TYPES_H 1
| #define HAVE_SYS_STAT_H 1
| #define HAVE_STDLIB_H 1
| #define HAVE_STRING_H 1
| #define HAVE_MEMORY_H 1
| #define HAVE_STRINGS_H 1
| #define HAVE_INTTYPES_H 1
| #define HAVE_STDINT_H 1
| #define HAVE_UNISTD_H 1
| #define HAVE_DLFCN_H 1
| #define LT_OBJDIR ".libs/"
| /* end confdefs.h.  */
| #include <atomic_ops.h>
configure:16149: result: no
configure:16149: checking for atomic_ops.h
configure:16149: result: no
configure:16168: checking for ANSI C header files
configure:16272: result: yes
configure:16285: checking asm/ptrace_offsets.h usability
configure:16285: gcc -c -g -O2  conftest.c >&5
conftest.c:57:32: fatal error: asm/ptrace_offsets.h: No such file or directory
 #include <asm/ptrace_offsets.h>
                                ^
compilation terminated.
configure:16285: $? = 1
configure: failed program was:
| /* confdefs.h */
| #define PACKAGE_NAME "libunwind"
| #define PACKAGE_TARNAME "libunwind"
| #define PACKAGE_VERSION "1.3.1"
| #define PACKAGE_STRING "libunwind 1.3.1"
| #define PACKAGE_BUGREPORT "libunwind-devel@nongnu.org"
| #define PACKAGE_URL ""
| #define PACKAGE "libunwind"
| #define VERSION "1.3.1"
| #define STDC_HEADERS 1
| #define HAVE_SYS_TYPES_H 1
| #define HAVE_SYS_STAT_H 1
| #define HAVE_STDLIB_H 1
| #define HAVE_STRING_H 1
| #define HAVE_MEMORY_H 1
| #define HAVE_STRINGS_H 1
| #define HAVE_INTTYPES_H 1
| #define HAVE_STDINT_H 1
| #define HAVE_UNISTD_H 1
| #define HAVE_DLFCN_H 1
| #define LT_OBJDIR ".libs/"
| #define STDC_HEADERS 1
| /* end confdefs.h.  */
| #include <stdio.h>
| #ifdef HAVE_SYS_TYPES_H
| # include <sys/types.h>
| #endif
| #ifdef HAVE_SYS_STAT_H
| # include <sys/stat.h>
| #endif
| #ifdef STDC_HEADERS
| # include <stdlib.h>
| # include <stddef.h>
| #else
| # ifdef HAVE_STDLIB_H
| #  include <stdlib.h>
| # endif
| #endif
| #ifdef HAVE_STRING_H
| # if !defined STDC_HEADERS && defined HAVE_MEMORY_H
| #  include <memory.h>
| # endif
| # include <string.h>
| #endif
| #ifdef HAVE_STRINGS_H
| # include <strings.h>
| #endif
| #ifdef HAVE_INTTYPES_H
| # include <inttypes.h>
| #endif
| #ifdef HAVE_STDINT_H
| # include <stdint.h>
| #endif
| #ifdef HAVE_UNISTD_H
| # include <unistd.h>
| #endif
| #include <asm/ptrace_offsets.h>
configure:16285: result: no
configure:16285: checking asm/ptrace_offsets.h presence
configure:16285: gcc -E  conftest.c
conftest.c:24:32: fatal error: asm/ptrace_offsets.h: No such file or directory
 #include <asm/ptrace_offsets.h>
                                ^
compilation terminated.
configure:16285: $? = 1
configure: failed program was:
| /* confdefs.h */
| #define PACKAGE_NAME "libunwind"
| #define PACKAGE_TARNAME "libunwind"
| #define PACKAGE_VERSION "1.3.1"
| #define PACKAGE_STRING "libunwind 1.3.1"
| #define PACKAGE_BUGREPORT "libunwind-devel@nongnu.org"
| #define PACKAGE_URL ""
| #define PACKAGE "libunwind"
| #define VERSION "1.3.1"
| #define STDC_HEADERS 1
| #define HAVE_SYS_TYPES_H 1
| #define HAVE_SYS_STAT_H 1
| #define HAVE_STDLIB_H 1
| #define HAVE_STRING_H 1
| #define HAVE_MEMORY_H 1
| #define HAVE_STRINGS_H 1
| #define HAVE_INTTYPES_H 1
| #define HAVE_STDINT_H 1
| #define HAVE_UNISTD_H 1
| #define HAVE_DLFCN_H 1
| #define LT_OBJDIR ".libs/"
| #define STDC_HEADERS 1
| /* end confdefs.h.  */
| #include <asm/ptrace_offsets.h>
configure:16285: result: no
configure:16285: checking for asm/ptrace_offsets.h
configure:16285: result: no
configure:16285: checking endian.h usability
configure:16285: gcc -c -g -O2  conftest.c >&5
configure:16285: $? = 0
configure:16285: result: yes
configure:16285: checking endian.h presence
configure:16285: gcc -E  conftest.c
configure:16285: $? = 0
configure:16285: result: yes
configure:16285: checking for endian.h
configure:16285: result: yes
configure:16285: checking sys/endian.h usability
configure:16285: gcc -c -g -O2  conftest.c >&5
conftest.c:58:24: fatal error: sys/endian.h: No such file or directory
 #include <sys/endian.h>
                        ^
compilation terminated.
configure:16285: $? = 1
configure: failed program was:
| /* confdefs.h */
| #define PACKAGE_NAME "libunwind"
| #define PACKAGE_TARNAME "libunwind"
| #define PACKAGE_VERSION "1.3.1"
| #define PACKAGE_STRING "libunwind 1.3.1"
| #define PACKAGE_BUGREPORT "libunwind-devel@nongnu.org"
| #define PACKAGE_URL ""
| #define PACKAGE "libunwind"
| #define VERSION "1.3.1"
| #define STDC_HEADERS 1
| #define HAVE_SYS_TYPES_H 1
| #define HAVE_SYS_STAT_H 1
| #define HAVE_STDLIB_H 1
| #define HAVE_STRING_H 1
| #define HAVE_MEMORY_H 1
| #define HAVE_STRINGS_H 1
| #define HAVE_INTTYPES_H 1
| #define HAVE_STDINT_H 1
| #define HAVE_UNISTD_H 1
| #define HAVE_DLFCN_H 1
| #define LT_OBJDIR ".libs/"
| #define STDC_HEADERS 1
| #define HAVE_ENDIAN_H 1
| /* end confdefs.h.  */
| #include <stdio.h>
| #ifdef HAVE_SYS_TYPES_H
| # include <sys/types.h>
| #endif
| #ifdef HAVE_SYS_STAT_H
| # include <sys/stat.h>
| #endif
| #ifdef STDC_HEADERS
| # include <stdlib.h>
| # include <stddef.h>
| #else
| # ifdef HAVE_STDLIB_H
| #  include <stdlib.h>
| # endif
| #endif
| #ifdef HAVE_STRING_H
| # if !defined STDC_HEADERS && defined HAVE_MEMORY_H
| #  include <memory.h>
| # endif
| # include <string.h>
| #endif
| #ifdef HAVE_STRINGS_H
| # include <strings.h>
| #endif
| #ifdef HAVE_INTTYPES_H
| # include <inttypes.h>
| #endif
| #ifdef HAVE_STDINT_H
| # include <stdint.h>
| #endif
| #ifdef HAVE_UNISTD_H
| # include <unistd.h>
| #endif
| #include <sys/endian.h>
configure:16285: result: no
configure:16285: checking sys/endian.h presence
configure:16285: gcc -E  conftest.c
conftest.c:25:24: fatal error: sys/endian.h: No such file or directory
 #include <sys/endian.h>
                        ^
compilation terminated.
configure:16285: $? = 1
configure: failed program was:
| /* confdefs.h */
| #define PACKAGE_NAME "libunwind"
| #define PACKAGE_TARNAME "libunwind"
| #define PACKAGE_VERSION "1.3.1"
| #define PACKAGE_STRING "libunwind 1.3.1"
| #define PACKAGE_BUGREPORT "libunwind-devel@nongnu.org"
| #define PACKAGE_URL ""
| #define PACKAGE "libunwind"
| #define VERSION "1.3.1"
| #define STDC_HEADERS 1
| #define HAVE_SYS_TYPES_H 1
| #define HAVE_SYS_STAT_H 1
| #define HAVE_STDLIB_H 1
| #define HAVE_STRING_H 1
| #define HAVE_MEMORY_H 1
| #define HAVE_STRINGS_H 1
| #define HAVE_INTTYPES_H 1
| #define HAVE_STDINT_H 1
| #define HAVE_UNISTD_H 1
| #define HAVE_DLFCN_H 1
| #define LT_OBJDIR ".libs/"
| #define STDC_HEADERS 1
| #define HAVE_ENDIAN_H 1
| /* end confdefs.h.  */
| #include <sys/endian.h>
configure:16285: result: no
configure:16285: checking for sys/endian.h
configure:16285: result: no
configure:16285: checking execinfo.h usability
configure:16285: gcc -c -g -O2  conftest.c >&5
configure:16285: $? = 0
configure:16285: result: yes
configure:16285: checking execinfo.h presence
configure:16285: gcc -E  conftest.c
configure:16285: $? = 0
configure:16285: result: yes
configure:16285: checking for execinfo.h
configure:16285: result: yes
configure:16285: checking ia64intrin.h usability
configure:16285: gcc -c -g -O2  conftest.c >&5
conftest.c:59:24: fatal error: ia64intrin.h: No such file or directory
 #include <ia64intrin.h>
                        ^
compilation terminated.
configure:16285: $? = 1
configure: failed program was:
| /* confdefs.h */
| #define PACKAGE_NAME "libunwind"
| #define PACKAGE_TARNAME "libunwind"
| #define PACKAGE_VERSION "1.3.1"
| #define PACKAGE_STRING "libunwind 1.3.1"
| #define PACKAGE_BUGREPORT "libunwind-devel@nongnu.org"
| #define PACKAGE_URL ""
| #define PACKAGE "libunwind"
| #define VERSION "1.3.1"
| #define STDC_HEADERS 1
| #define HAVE_SYS_TYPES_H 1
| #define HAVE_SYS_STAT_H 1
| #define HAVE_STDLIB_H 1
| #define HAVE_STRING_H 1
| #define HAVE_MEMORY_H 1
| #define HAVE_STRINGS_H 1
| #define HAVE_INTTYPES_H 1
| #define HAVE_STDINT_H 1
| #define HAVE_UNISTD_H 1
| #define HAVE_DLFCN_H 1
| #define LT_OBJDIR ".libs/"
| #define STDC_HEADERS 1
| #define HAVE_ENDIAN_H 1
| #define HAVE_EXECINFO_H 1
| /* end confdefs.h.  */
| #include <stdio.h>
| #ifdef HAVE_SYS_TYPES_H
| # include <sys/types.h>
| #endif
| #ifdef HAVE_SYS_STAT_H
| # include <sys/stat.h>
| #endif
| #ifdef STDC_HEADERS
| # include <stdlib.h>
| # include <stddef.h>
| #else
| # ifdef HAVE_STDLIB_H
| #  include <stdlib.h>
| # endif
| #endif
| #ifdef HAVE_STRING_H
| # if !defined STDC_HEADERS && defined HAVE_MEMORY_H
| #  include <memory.h>
| # endif
| # include <string.h>
| #endif
| #ifdef HAVE_STRINGS_H
| # include <strings.h>
| #endif
| #ifdef HAVE_INTTYPES_H
| # include <inttypes.h>
| #endif
| #ifdef HAVE_STDINT_H
| # include <stdint.h>
| #endif
| #ifdef HAVE_UNISTD_H
| # include <unistd.h>
| #endif
| #include <ia64intrin.h>
configure:16285: result: no
configure:16285: checking ia64intrin.h presence
configure:16285: gcc -E  conftest.c
conftest.c:26:24: fatal error: ia64intrin.h: No such file or directory
 #include <ia64intrin.h>
                        ^
compilation terminated.
configure:16285: $? = 1
configure: failed program was:
| /* confdefs.h */
| #define PACKAGE_NAME "libunwind"
| #define PACKAGE_TARNAME "libunwind"
| #define PACKAGE_VERSION "1.3.1"
| #define PACKAGE_STRING "libunwind 1.3.1"
| #define PACKAGE_BUGREPORT "libunwind-devel@nongnu.org"
| #define PACKAGE_URL ""
| #define PACKAGE "libunwind"
| #define VERSION "1.3.1"
| #define STDC_HEADERS 1
| #define HAVE_SYS_TYPES_H 1
| #define HAVE_SYS_STAT_H 1
| #define HAVE_STDLIB_H 1
| #define HAVE_STRING_H 1
| #define HAVE_MEMORY_H 1
| #define HAVE_STRINGS_H 1
| #define HAVE_INTTYPES_H 1
| #define HAVE_STDINT_H 1
| #define HAVE_UNISTD_H 1
| #define HAVE_DLFCN_H 1
| #define LT_OBJDIR ".libs/"
| #define STDC_HEADERS 1
| #define HAVE_ENDIAN_H 1
| #define HAVE_EXECINFO_H 1
| /* end confdefs.h.  */
| #include <ia64intrin.h>
configure:16285: result: no
configure:16285: checking for ia64intrin.h
configure:16285: result: no
configure:16285: checking sys/uc_access.h usability
configure:16285: gcc -c -g -O2  conftest.c >&5
conftest.c:59:27: fatal error: sys/uc_access.h: No such file or directory
 #include <sys/uc_access.h>
                           ^
compilation terminated.
configure:16285: $? = 1
configure: failed program was:
| /* confdefs.h */
| #define PACKAGE_NAME "libunwind"
| #define PACKAGE_TARNAME "libunwind"
| #define PACKAGE_VERSION "1.3.1"
| #define PACKAGE_STRING "libunwind 1.3.1"
| #define PACKAGE_BUGREPORT "libunwind-devel@nongnu.org"
| #define PACKAGE_URL ""
| #define PACKAGE "libunwind"
| #define VERSION "1.3.1"
| #define STDC_HEADERS 1
| #define HAVE_SYS_TYPES_H 1
| #define HAVE_SYS_STAT_H 1
| #define HAVE_STDLIB_H 1
| #define HAVE_STRING_H 1
| #define HAVE_MEMORY_H 1
| #define HAVE_STRINGS_H 1
| #define HAVE_INTTYPES_H 1
| #define HAVE_STDINT_H 1
| #define HAVE_UNISTD_H 1
| #define HAVE_DLFCN_H 1
| #define LT_OBJDIR ".libs/"
| #define STDC_HEADERS 1
| #define HAVE_ENDIAN_H 1
| #define HAVE_EXECINFO_H 1
| /* end confdefs.h.  */
| #include <stdio.h>
| #ifdef HAVE_SYS_TYPES_H
| # include <sys/types.h>
| #endif
| #ifdef HAVE_SYS_STAT_H
| # include <sys/stat.h>
| #endif
| #ifdef STDC_HEADERS
| # include <stdlib.h>
| # include <stddef.h>
| #else
| # ifdef HAVE_STDLIB_H
| #  include <stdlib.h>
| # endif
| #endif
| #ifdef HAVE_STRING_H
| # if !defined STDC_HEADERS && defined HAVE_MEMORY_H
| #  include <memory.h>
| # endif
| # include <string.h>
| #endif
| #ifdef HAVE_STRINGS_H
| # include <strings.h>
| #endif
| #ifdef HAVE_INTTYPES_H
| # include <inttypes.h>
| #endif
| #ifdef HAVE_STDINT_H
| # include <stdint.h>
| #endif
| #ifdef HAVE_UNISTD_H
| # include <unistd.h>
| #endif
| #include <sys/uc_access.h>
configure:16285: result: no
configure:16285: checking sys/uc_access.h presence
configure:16285: gcc -E  conftest.c
conftest.c:26:27: fatal error: sys/uc_access.h: No such file or directory
 #include <sys/uc_access.h>
                           ^
compilation terminated.
configure:16285: $? = 1
configure: failed program was:
| /* confdefs.h */
| #define PACKAGE_NAME "libunwind"
| #define PACKAGE_TARNAME "libunwind"
| #define PACKAGE_VERSION "1.3.1"
| #define PACKAGE_STRING "libunwind 1.3.1"
| #define PACKAGE_BUGREPORT "libunwind-devel@nongnu.org"
| #define PACKAGE_URL ""
| #define PACKAGE "libunwind"
| #define VERSION "1.3.1"
| #define STDC_HEADERS 1
| #define HAVE_SYS_TYPES_H 1
| #define HAVE_SYS_STAT_H 1
| #define HAVE_STDLIB_H 1
| #define HAVE_STRING_H 1
| #define HAVE_MEMORY_H 1
| #define HAVE_STRINGS_H 1
| #define HAVE_INTTYPES_H 1
| #define HAVE_STDINT_H 1
| #define HAVE_UNISTD_H 1
| #define HAVE_DLFCN_H 1
| #define LT_OBJDIR ".libs/"
| #define STDC_HEADERS 1
| #define HAVE_ENDIAN_H 1
| #define HAVE_EXECINFO_H 1
| /* end confdefs.h.  */
| #include <sys/uc_access.h>
configure:16285: result: no
configure:16285: checking for sys/uc_access.h
configure:16285: result: no
configure:16285: checking for unistd.h
configure:16285: result: yes
configure:16285: checking signal.h usability
configure:16285: gcc -c -g -O2  conftest.c >&5
configure:16285: $? = 0
configure:16285: result: yes
configure:16285: checking signal.h presence
configure:16285: gcc -E  conftest.c
configure:16285: $? = 0
configure:16285: result: yes
configure:16285: checking for signal.h
configure:16285: result: yes
configure:16285: checking for sys/types.h
configure:16285: result: yes
configure:16285: checking sys/procfs.h usability
configure:16285: gcc -c -g -O2  conftest.c >&5
configure:16285: $? = 0
configure:16285: result: yes
configure:16285: checking sys/procfs.h presence
configure:16285: gcc -E  conftest.c
configure:16285: $? = 0
configure:16285: result: yes
configure:16285: checking for sys/procfs.h
configure:16285: result: yes
configure:16285: checking sys/ptrace.h usability
configure:16285: gcc -c -g -O2  conftest.c >&5
configure:16285: $? = 0
configure:16285: result: yes
configure:16285: checking sys/ptrace.h presence
configure:16285: gcc -E  conftest.c
configure:16285: $? = 0
configure:16285: result: yes
configure:16285: checking for sys/ptrace.h
configure:16285: result: yes
configure:16285: checking byteswap.h usability
configure:16285: gcc -c -g -O2  conftest.c >&5
configure:16285: $? = 0
configure:16285: result: yes
configure:16285: checking byteswap.h presence
configure:16285: gcc -E  conftest.c
configure:16285: $? = 0
configure:16285: result: yes
configure:16285: checking for byteswap.h
configure:16285: result: yes
configure:16285: checking elf.h usability
configure:16285: gcc -c -g -O2  conftest.c >&5
configure:16285: $? = 0
configure:16285: result: yes
configure:16285: checking elf.h presence
configure:16285: gcc -E  conftest.c
configure:16285: $? = 0
configure:16285: result: yes
configure:16285: checking for elf.h
configure:16285: result: yes
configure:16285: checking sys/elf.h usability
configure:16285: gcc -c -g -O2  conftest.c >&5
conftest.c:66:21: fatal error: sys/elf.h: No such file or directory
 #include <sys/elf.h>
                     ^
compilation terminated.
configure:16285: $? = 1
configure: failed program was:
| /* confdefs.h */
| #define PACKAGE_NAME "libunwind"
| #define PACKAGE_TARNAME "libunwind"
| #define PACKAGE_VERSION "1.3.1"
| #define PACKAGE_STRING "libunwind 1.3.1"
| #define PACKAGE_BUGREPORT "libunwind-devel@nongnu.org"
| #define PACKAGE_URL ""
| #define PACKAGE "libunwind"
| #define VERSION "1.3.1"
| #define STDC_HEADERS 1
| #define HAVE_SYS_TYPES_H 1
| #define HAVE_SYS_STAT_H 1
| #define HAVE_STDLIB_H 1
| #define HAVE_STRING_H 1
| #define HAVE_MEMORY_H 1
| #define HAVE_STRINGS_H 1
| #define HAVE_INTTYPES_H 1
| #define HAVE_STDINT_H 1
| #define HAVE_UNISTD_H 1
| #define HAVE_DLFCN_H 1
| #define LT_OBJDIR ".libs/"
| #define STDC_HEADERS 1
| #define HAVE_ENDIAN_H 1
| #define HAVE_EXECINFO_H 1
| #define HAVE_UNISTD_H 1
| #define HAVE_SIGNAL_H 1
| #define HAVE_SYS_TYPES_H 1
| #define HAVE_SYS_PROCFS_H 1
| #define HAVE_SYS_PTRACE_H 1
| #define HAVE_BYTESWAP_H 1
| #define HAVE_ELF_H 1
| /* end confdefs.h.  */
| #include <stdio.h>
| #ifdef HAVE_SYS_TYPES_H
| # include <sys/types.h>
| #endif
| #ifdef HAVE_SYS_STAT_H
| # include <sys/stat.h>
| #endif
| #ifdef STDC_HEADERS
| # include <stdlib.h>
| # include <stddef.h>
| #else
| # ifdef HAVE_STDLIB_H
| #  include <stdlib.h>
| # endif
| #endif
| #ifdef HAVE_STRING_H
| # if !defined STDC_HEADERS && defined HAVE_MEMORY_H
| #  include <memory.h>
| # endif
| # include <string.h>
| #endif
| #ifdef HAVE_STRINGS_H
| # include <strings.h>
| #endif
| #ifdef HAVE_INTTYPES_H
| # include <inttypes.h>
| #endif
| #ifdef HAVE_STDINT_H
| # include <stdint.h>
| #endif
| #ifdef HAVE_UNISTD_H
| # include <unistd.h>
| #endif
| #include <sys/elf.h>
configure:16285: result: no
configure:16285: checking sys/elf.h presence
configure:16285: gcc -E  conftest.c
conftest.c:33:21: fatal error: sys/elf.h: No such file or directory
 #include <sys/elf.h>
                     ^
compilation terminated.
configure:16285: $? = 1
configure: failed program was:
| /* confdefs.h */
| #define PACKAGE_NAME "libunwind"
| #define PACKAGE_TARNAME "libunwind"
| #define PACKAGE_VERSION "1.3.1"
| #define PACKAGE_STRING "libunwind 1.3.1"
| #define PACKAGE_BUGREPORT "libunwind-devel@nongnu.org"
| #define PACKAGE_URL ""
| #define PACKAGE "libunwind"
| #define VERSION "1.3.1"
| #define STDC_HEADERS 1
| #define HAVE_SYS_TYPES_H 1
| #define HAVE_SYS_STAT_H 1
| #define HAVE_STDLIB_H 1
| #define HAVE_STRING_H 1
| #define HAVE_MEMORY_H 1
| #define HAVE_STRINGS_H 1
| #define HAVE_INTTYPES_H 1
| #define HAVE_STDINT_H 1
| #define HAVE_UNISTD_H 1
| #define HAVE_DLFCN_H 1
| #define LT_OBJDIR ".libs/"
| #define STDC_HEADERS 1
| #define HAVE_ENDIAN_H 1
| #define HAVE_EXECINFO_H 1
| #define HAVE_UNISTD_H 1
| #define HAVE_SIGNAL_H 1
| #define HAVE_SYS_TYPES_H 1
| #define HAVE_SYS_PROCFS_H 1
| #define HAVE_SYS_PTRACE_H 1
| #define HAVE_BYTESWAP_H 1
| #define HAVE_ELF_H 1
| /* end confdefs.h.  */
| #include <sys/elf.h>
configure:16285: result: no
configure:16285: checking for sys/elf.h
configure:16285: result: no
configure:16285: checking link.h usability
configure:16285: gcc -c -g -O2  conftest.c >&5
configure:16285: $? = 0
configure:16285: result: yes
configure:16285: checking link.h presence
configure:16285: gcc -E  conftest.c
configure:16285: $? = 0
configure:16285: result: yes
configure:16285: checking for link.h
configure:16285: result: yes
configure:16285: checking sys/link.h usability
configure:16285: gcc -c -g -O2  conftest.c >&5
conftest.c:67:22: fatal error: sys/link.h: No such file or directory
 #include <sys/link.h>
                      ^
compilation terminated.
configure:16285: $? = 1
configure: failed program was:
| /* confdefs.h */
| #define PACKAGE_NAME "libunwind"
| #define PACKAGE_TARNAME "libunwind"
| #define PACKAGE_VERSION "1.3.1"
| #define PACKAGE_STRING "libunwind 1.3.1"
| #define PACKAGE_BUGREPORT "libunwind-devel@nongnu.org"
| #define PACKAGE_URL ""
| #define PACKAGE "libunwind"
| #define VERSION "1.3.1"
| #define STDC_HEADERS 1
| #define HAVE_SYS_TYPES_H 1
| #define HAVE_SYS_STAT_H 1
| #define HAVE_STDLIB_H 1
| #define HAVE_STRING_H 1
| #define HAVE_MEMORY_H 1
| #define HAVE_STRINGS_H 1
| #define HAVE_INTTYPES_H 1
| #define HAVE_STDINT_H 1
| #define HAVE_UNISTD_H 1
| #define HAVE_DLFCN_H 1
| #define LT_OBJDIR ".libs/"
| #define STDC_HEADERS 1
| #define HAVE_ENDIAN_H 1
| #define HAVE_EXECINFO_H 1
| #define HAVE_UNISTD_H 1
| #define HAVE_SIGNAL_H 1
| #define HAVE_SYS_TYPES_H 1
| #define HAVE_SYS_PROCFS_H 1
| #define HAVE_SYS_PTRACE_H 1
| #define HAVE_BYTESWAP_H 1
| #define HAVE_ELF_H 1
| #define HAVE_LINK_H 1
| /* end confdefs.h.  */
| #include <stdio.h>
| #ifdef HAVE_SYS_TYPES_H
| # include <sys/types.h>
| #endif
| #ifdef HAVE_SYS_STAT_H
| # include <sys/stat.h>
| #endif
| #ifdef STDC_HEADERS
| # include <stdlib.h>
| # include <stddef.h>
| #else
| # ifdef HAVE_STDLIB_H
| #  include <stdlib.h>
| # endif
| #endif
| #ifdef HAVE_STRING_H
| # if !defined STDC_HEADERS && defined HAVE_MEMORY_H
| #  include <memory.h>
| # endif
| # include <string.h>
| #endif
| #ifdef HAVE_STRINGS_H
| # include <strings.h>
| #endif
| #ifdef HAVE_INTTYPES_H
| # include <inttypes.h>
| #endif
| #ifdef HAVE_STDINT_H
| # include <stdint.h>
| #endif
| #ifdef HAVE_UNISTD_H
| # include <unistd.h>
| #endif
| #include <sys/link.h>
configure:16285: result: no
configure:16285: checking sys/link.h presence
configure:16285: gcc -E  conftest.c
conftest.c:34:22: fatal error: sys/link.h: No such file or directory
 #include <sys/link.h>
                      ^
compilation terminated.
configure:16285: $? = 1
configure: failed program was:
| /* confdefs.h */
| #define PACKAGE_NAME "libunwind"
| #define PACKAGE_TARNAME "libunwind"
| #define PACKAGE_VERSION "1.3.1"
| #define PACKAGE_STRING "libunwind 1.3.1"
| #define PACKAGE_BUGREPORT "libunwind-devel@nongnu.org"
| #define PACKAGE_URL ""
| #define PACKAGE "libunwind"
| #define VERSION "1.3.1"
| #define STDC_HEADERS 1
| #define HAVE_SYS_TYPES_H 1
| #define HAVE_SYS_STAT_H 1
| #define HAVE_STDLIB_H 1
| #define HAVE_STRING_H 1
| #define HAVE_MEMORY_H 1
| #define HAVE_STRINGS_H 1
| #define HAVE_INTTYPES_H 1
| #define HAVE_STDINT_H 1
| #define HAVE_UNISTD_H 1
| #define HAVE_DLFCN_H 1
| #define LT_OBJDIR ".libs/"
| #define STDC_HEADERS 1
| #define HAVE_ENDIAN_H 1
| #define HAVE_EXECINFO_H 1
| #define HAVE_UNISTD_H 1
| #define HAVE_SIGNAL_H 1
| #define HAVE_SYS_TYPES_H 1
| #define HAVE_SYS_PROCFS_H 1
| #define HAVE_SYS_PTRACE_H 1
| #define HAVE_BYTESWAP_H 1
| #define HAVE_ELF_H 1
| #define HAVE_LINK_H 1
| /* end confdefs.h.  */
| #include <sys/link.h>
configure:16285: result: no
configure:16285: checking for sys/link.h
configure:16285: result: no
configure:16296: checking for an ANSI C-conforming const
configure:16362: gcc -c -g -O2  conftest.c >&5
configure:16362: $? = 0
configure:16369: result: yes
configure:16377: checking for inline
configure:16393: gcc -c -g -O2  conftest.c >&5
configure:16393: $? = 0
configure:16401: result: inline
configure:16419: checking for size_t
configure:16419: gcc -c -g -O2  conftest.c >&5
configure:16419: $? = 0
configure:16419: gcc -c -g -O2  conftest.c >&5
conftest.c: In function 'main':
conftest.c:70:21: error: expected expression before ')' token
 if (sizeof ((size_t)))
                     ^
configure:16419: $? = 1
configure: failed program was:
| /* confdefs.h */
| #define PACKAGE_NAME "libunwind"
| #define PACKAGE_TARNAME "libunwind"
| #define PACKAGE_VERSION "1.3.1"
| #define PACKAGE_STRING "libunwind 1.3.1"
| #define PACKAGE_BUGREPORT "libunwind-devel@nongnu.org"
| #define PACKAGE_URL ""
| #define PACKAGE "libunwind"
| #define VERSION "1.3.1"
| #define STDC_HEADERS 1
| #define HAVE_SYS_TYPES_H 1
| #define HAVE_SYS_STAT_H 1
| #define HAVE_STDLIB_H 1
| #define HAVE_STRING_H 1
| #define HAVE_MEMORY_H 1
| #define HAVE_STRINGS_H 1
| #define HAVE_INTTYPES_H 1
| #define HAVE_STDINT_H 1
| #define HAVE_UNISTD_H 1
| #define HAVE_DLFCN_H 1
| #define LT_OBJDIR ".libs/"
| #define STDC_HEADERS 1
| #define HAVE_ENDIAN_H 1
| #define HAVE_EXECINFO_H 1
| #define HAVE_UNISTD_H 1
| #define HAVE_SIGNAL_H 1
| #define HAVE_SYS_TYPES_H 1
| #define HAVE_SYS_PROCFS_H 1
| #define HAVE_SYS_PTRACE_H 1
| #define HAVE_BYTESWAP_H 1
| #define HAVE_ELF_H 1
| #define HAVE_LINK_H 1
| /* end confdefs.h.  */
| #include <stdio.h>
| #ifdef HAVE_SYS_TYPES_H
| # include <sys/types.h>
| #endif
| #ifdef HAVE_SYS_STAT_H
| # include <sys/stat.h>
| #endif
| #ifdef STDC_HEADERS
| # include <stdlib.h>
| # include <stddef.h>
| #else
| # ifdef HAVE_STDLIB_H
| #  include <stdlib.h>
| # endif
| #endif
| #ifdef HAVE_STRING_H
| # if !defined STDC_HEADERS && defined HAVE_MEMORY_H
| #  include <memory.h>
| # endif
| # include <string.h>
| #endif
| #ifdef HAVE_STRINGS_H
| # include <strings.h>
| #endif
| #ifdef HAVE_INTTYPES_H
| # include <inttypes.h>
| #endif
| #ifdef HAVE_STDINT_H
| # include <stdint.h>
| #endif
| #ifdef HAVE_UNISTD_H
| # include <unistd.h>
| #endif
| int
| main ()
| {
| if (sizeof ((size_t)))
| 	    return 0;
|   ;
|   return 0;
| }
configure:16419: result: yes
configure:16434: checking size of off_t
configure:16439: gcc -o conftest -g -O2   conftest.c  >&5
configure:16439: $? = 0
configure:16439: ./conftest
configure:16439: $? = 0
configure:16453: result: 8
configure:16466: checking for struct dl_phdr_info.dlpi_subs
configure:16466: gcc -c -g -O2  -D_GNU_SOURCE conftest.c >&5
configure:16466: $? = 0
configure:16466: result: yes
configure:16477: checking for struct elf_prstatus
configure:16477: gcc -c -g -O2  -D_GNU_SOURCE conftest.c >&5
configure:16477: $? = 0
configure:16477: gcc -c -g -O2  -D_GNU_SOURCE conftest.c >&5
conftest.c: In function 'main':
conftest.c:77:34: error: expected expression before ')' token
 if (sizeof ((struct elf_prstatus)))
                                  ^
configure:16477: $? = 1
configure: failed program was:
| /* confdefs.h */
| #define PACKAGE_NAME "libunwind"
| #define PACKAGE_TARNAME "libunwind"
| #define PACKAGE_VERSION "1.3.1"
| #define PACKAGE_STRING "libunwind 1.3.1"
| #define PACKAGE_BUGREPORT "libunwind-devel@nongnu.org"
| #define PACKAGE_URL ""
| #define PACKAGE "libunwind"
| #define VERSION "1.3.1"
| #define STDC_HEADERS 1
| #define HAVE_SYS_TYPES_H 1
| #define HAVE_SYS_STAT_H 1
| #define HAVE_STDLIB_H 1
| #define HAVE_STRING_H 1
| #define HAVE_MEMORY_H 1
| #define HAVE_STRINGS_H 1
| #define HAVE_INTTYPES_H 1
| #define HAVE_STDINT_H 1
| #define HAVE_UNISTD_H 1
| #define HAVE_DLFCN_H 1
| #define LT_OBJDIR ".libs/"
| #define STDC_HEADERS 1
| #define HAVE_ENDIAN_H 1
| #define HAVE_EXECINFO_H 1
| #define HAVE_UNISTD_H 1
| #define HAVE_SIGNAL_H 1
| #define HAVE_SYS_TYPES_H 1
| #define HAVE_SYS_PROCFS_H 1
| #define HAVE_SYS_PTRACE_H 1
| #define HAVE_BYTESWAP_H 1
| #define HAVE_ELF_H 1
| #define HAVE_LINK_H 1
| #define SIZEOF_OFF_T 8
| #define HAVE_STRUCT_DL_PHDR_INFO_DLPI_SUBS 1
| /* end confdefs.h.  */
| #include <stdio.h>
| #ifdef HAVE_SYS_TYPES_H
| # include <sys/types.h>
| #endif
| #ifdef HAVE_SYS_STAT_H
| # include <sys/stat.h>
| #endif
| #ifdef STDC_HEADERS
| # include <stdlib.h>
| # include <stddef.h>
| #else
| # ifdef HAVE_STDLIB_H
| #  include <stdlib.h>
| # endif
| #endif
| #ifdef HAVE_STRING_H
| # if !defined STDC_HEADERS && defined HAVE_MEMORY_H
| #  include <memory.h>
| # endif
| # include <string.h>
| #endif
| #ifdef HAVE_STRINGS_H
| # include <strings.h>
| #endif
| #ifdef HAVE_INTTYPES_H
| # include <inttypes.h>
| #endif
| #ifdef HAVE_STDINT_H
| # include <stdint.h>
| #endif
| #ifdef HAVE_UNISTD_H
| # include <unistd.h>
| #endif
| #if HAVE_SYS_PROCFS_H
| # include <sys/procfs.h>
| #endif
| 
| 
| int
| main ()
| {
| if (sizeof ((struct elf_prstatus)))
| 	    return 0;
|   ;
|   return 0;
| }
configure:16477: result: yes
configure:16491: checking for struct prstatus
configure:16491: gcc -c -g -O2  -D_GNU_SOURCE conftest.c >&5
conftest.c: In function 'main':
conftest.c:78:13: error: invalid application of 'sizeof' to incomplete type 'struct prstatus'
 if (sizeof (struct prstatus))
             ^~~~~~
configure:16491: $? = 1
configure: failed program was:
| /* confdefs.h */
| #define PACKAGE_NAME "libunwind"
| #define PACKAGE_TARNAME "libunwind"
| #define PACKAGE_VERSION "1.3.1"
| #define PACKAGE_STRING "libunwind 1.3.1"
| #define PACKAGE_BUGREPORT "libunwind-devel@nongnu.org"
| #define PACKAGE_URL ""
| #define PACKAGE "libunwind"
| #define VERSION "1.3.1"
| #define STDC_HEADERS 1
| #define HAVE_SYS_TYPES_H 1
| #define HAVE_SYS_STAT_H 1
| #define HAVE_STDLIB_H 1
| #define HAVE_STRING_H 1
| #define HAVE_MEMORY_H 1
| #define HAVE_STRINGS_H 1
| #define HAVE_INTTYPES_H 1
| #define HAVE_STDINT_H 1
| #define HAVE_UNISTD_H 1
| #define HAVE_DLFCN_H 1
| #define LT_OBJDIR ".libs/"
| #define STDC_HEADERS 1
| #define HAVE_ENDIAN_H 1
| #define HAVE_EXECINFO_H 1
| #define HAVE_UNISTD_H 1
| #define HAVE_SIGNAL_H 1
| #define HAVE_SYS_TYPES_H 1
| #define HAVE_SYS_PROCFS_H 1
| #define HAVE_SYS_PTRACE_H 1
| #define HAVE_BYTESWAP_H 1
| #define HAVE_ELF_H 1
| #define HAVE_LINK_H 1
| #define SIZEOF_OFF_T 8
| #define HAVE_STRUCT_DL_PHDR_INFO_DLPI_SUBS 1
| #define HAVE_STRUCT_ELF_PRSTATUS 1
| /* end confdefs.h.  */
| #include <stdio.h>
| #ifdef HAVE_SYS_TYPES_H
| # include <sys/types.h>
| #endif
| #ifdef HAVE_SYS_STAT_H
| # include <sys/stat.h>
| #endif
| #ifdef STDC_HEADERS
| # include <stdlib.h>
| # include <stddef.h>
| #else
| # ifdef HAVE_STDLIB_H
| #  include <stdlib.h>
| # endif
| #endif
| #ifdef HAVE_STRING_H
| # if !defined STDC_HEADERS && defined HAVE_MEMORY_H
| #  include <memory.h>
| # endif
| # include <string.h>
| #endif
| #ifdef HAVE_STRINGS_H
| # include <strings.h>
| #endif
| #ifdef HAVE_INTTYPES_H
| # include <inttypes.h>
| #endif
| #ifdef HAVE_STDINT_H
| # include <stdint.h>
| #endif
| #ifdef HAVE_UNISTD_H
| # include <unistd.h>
| #endif
| #if HAVE_SYS_PROCFS_H
| # include <sys/procfs.h>
| #endif
| 
| 
| int
| main ()
| {
| if (sizeof (struct prstatus))
| 	 return 0;
|   ;
|   return 0;
| }
configure:16491: result: no
configure:16507: checking whether PTRACE_POKEUSER is declared
configure:16507: gcc -c -g -O2  -D_GNU_SOURCE conftest.c >&5
configure:16507: $? = 0
configure:16507: result: yes
configure:16523: checking whether PTRACE_POKEDATA is declared
configure:16523: gcc -c -g -O2  -D_GNU_SOURCE conftest.c >&5
configure:16523: $? = 0
configure:16523: result: yes
configure:16539: checking whether PTRACE_SETREGSET is declared
configure:16539: gcc -c -g -O2  -D_GNU_SOURCE conftest.c >&5
configure:16539: $? = 0
configure:16539: result: yes
configure:16555: checking whether PTRACE_TRACEME is declared
configure:16555: gcc -c -g -O2  -D_GNU_SOURCE conftest.c >&5
configure:16555: $? = 0
configure:16555: result: yes
configure:16571: checking whether PTRACE_CONT is declared
configure:16571: gcc -c -g -O2  -D_GNU_SOURCE conftest.c >&5
configure:16571: $? = 0
configure:16571: result: yes
configure:16587: checking whether PTRACE_SINGLESTEP is declared
configure:16587: gcc -c -g -O2  -D_GNU_SOURCE conftest.c >&5
configure:16587: $? = 0
configure:16587: result: yes
configure:16603: checking whether PTRACE_SYSCALL is declared
configure:16603: gcc -c -g -O2  -D_GNU_SOURCE conftest.c >&5
configure:16603: $? = 0
configure:16603: result: yes
configure:16619: checking whether PT_IO is declared
configure:16619: gcc -c -g -O2  -D_GNU_SOURCE conftest.c >&5
conftest.c: In function 'main':
conftest.c:90:10: error: 'PT_IO' undeclared (first use in this function)
   (void) PT_IO;
          ^~~~~
conftest.c:90:10: note: each undeclared identifier is reported only once for each function it appears in
configure:16619: $? = 1
configure: failed program was:
| /* confdefs.h */
| #define PACKAGE_NAME "libunwind"
| #define PACKAGE_TARNAME "libunwind"
| #define PACKAGE_VERSION "1.3.1"
| #define PACKAGE_STRING "libunwind 1.3.1"
| #define PACKAGE_BUGREPORT "libunwind-devel@nongnu.org"
| #define PACKAGE_URL ""
| #define PACKAGE "libunwind"
| #define VERSION "1.3.1"
| #define STDC_HEADERS 1
| #define HAVE_SYS_TYPES_H 1
| #define HAVE_SYS_STAT_H 1
| #define HAVE_STDLIB_H 1
| #define HAVE_STRING_H 1
| #define HAVE_MEMORY_H 1
| #define HAVE_STRINGS_H 1
| #define HAVE_INTTYPES_H 1
| #define HAVE_STDINT_H 1
| #define HAVE_UNISTD_H 1
| #define HAVE_DLFCN_H 1
| #define LT_OBJDIR ".libs/"
| #define STDC_HEADERS 1
| #define HAVE_ENDIAN_H 1
| #define HAVE_EXECINFO_H 1
| #define HAVE_UNISTD_H 1
| #define HAVE_SIGNAL_H 1
| #define HAVE_SYS_TYPES_H 1
| #define HAVE_SYS_PROCFS_H 1
| #define HAVE_SYS_PTRACE_H 1
| #define HAVE_BYTESWAP_H 1
| #define HAVE_ELF_H 1
| #define HAVE_LINK_H 1
| #define SIZEOF_OFF_T 8
| #define HAVE_STRUCT_DL_PHDR_INFO_DLPI_SUBS 1
| #define HAVE_STRUCT_ELF_PRSTATUS 1
| #define HAVE_DECL_PTRACE_POKEUSER 1
| #define HAVE_DECL_PTRACE_POKEDATA 1
| #define HAVE_DECL_PTRACE_SETREGSET 1
| #define HAVE_DECL_PTRACE_TRACEME 1
| #define HAVE_DECL_PTRACE_CONT 1
| #define HAVE_DECL_PTRACE_SINGLESTEP 1
| #define HAVE_DECL_PTRACE_SYSCALL 1
| /* end confdefs.h.  */
| #include <stdio.h>
| #ifdef HAVE_SYS_TYPES_H
| # include <sys/types.h>
| #endif
| #ifdef HAVE_SYS_STAT_H
| # include <sys/stat.h>
| #endif
| #ifdef STDC_HEADERS
| # include <stdlib.h>
| # include <stddef.h>
| #else
| # ifdef HAVE_STDLIB_H
| #  include <stdlib.h>
| # endif
| #endif
| #ifdef HAVE_STRING_H
| # if !defined STDC_HEADERS && defined HAVE_MEMORY_H
| #  include <memory.h>
| # endif
| # include <string.h>
| #endif
| #ifdef HAVE_STRINGS_H
| # include <strings.h>
| #endif
| #ifdef HAVE_INTTYPES_H
| # include <inttypes.h>
| #endif
| #ifdef HAVE_STDINT_H
| # include <stdint.h>
| #endif
| #ifdef HAVE_UNISTD_H
| # include <unistd.h>
| #endif
| #if HAVE_SYS_TYPES_H
| #include <sys/types.h>
| #endif
| #include <sys/ptrace.h>
| 
| 
| int
| main ()
| {
| #ifndef PT_IO
| #ifdef __cplusplus
|   (void) PT_IO;
| #else
|   (void) PT_IO;
| #endif
| #endif
| 
|   ;
|   return 0;
| }
configure:16619: result: no
configure:16635: checking whether PT_GETREGS is declared
configure:16635: gcc -c -g -O2  -D_GNU_SOURCE conftest.c >&5
conftest.c: In function 'main':
conftest.c:91:10: error: 'PT_GETREGS' undeclared (first use in this function)
   (void) PT_GETREGS;
          ^~~~~~~~~~
conftest.c:91:10: note: each undeclared identifier is reported only once for each function it appears in
configure:16635: $? = 1
configure: failed program was:
| /* confdefs.h */
| #define PACKAGE_NAME "libunwind"
| #define PACKAGE_TARNAME "libunwind"
| #define PACKAGE_VERSION "1.3.1"
| #define PACKAGE_STRING "libunwind 1.3.1"
| #define PACKAGE_BUGREPORT "libunwind-devel@nongnu.org"
| #define PACKAGE_URL ""
| #define PACKAGE "libunwind"
| #define VERSION "1.3.1"
| #define STDC_HEADERS 1
| #define HAVE_SYS_TYPES_H 1
| #define HAVE_SYS_STAT_H 1
| #define HAVE_STDLIB_H 1
| #define HAVE_STRING_H 1
| #define HAVE_MEMORY_H 1
| #define HAVE_STRINGS_H 1
| #define HAVE_INTTYPES_H 1
| #define HAVE_STDINT_H 1
| #define HAVE_UNISTD_H 1
| #define HAVE_DLFCN_H 1
| #define LT_OBJDIR ".libs/"
| #define STDC_HEADERS 1
| #define HAVE_ENDIAN_H 1
| #define HAVE_EXECINFO_H 1
| #define HAVE_UNISTD_H 1
| #define HAVE_SIGNAL_H 1
| #define HAVE_SYS_TYPES_H 1
| #define HAVE_SYS_PROCFS_H 1
| #define HAVE_SYS_PTRACE_H 1
| #define HAVE_BYTESWAP_H 1
| #define HAVE_ELF_H 1
| #define HAVE_LINK_H 1
| #define SIZEOF_OFF_T 8
| #define HAVE_STRUCT_DL_PHDR_INFO_DLPI_SUBS 1
| #define HAVE_STRUCT_ELF_PRSTATUS 1
| #define HAVE_DECL_PTRACE_POKEUSER 1
| #define HAVE_DECL_PTRACE_POKEDATA 1
| #define HAVE_DECL_PTRACE_SETREGSET 1
| #define HAVE_DECL_PTRACE_TRACEME 1
| #define HAVE_DECL_PTRACE_CONT 1
| #define HAVE_DECL_PTRACE_SINGLESTEP 1
| #define HAVE_DECL_PTRACE_SYSCALL 1
| #define HAVE_DECL_PT_IO 0
| /* end confdefs.h.  */
| #include <stdio.h>
| #ifdef HAVE_SYS_TYPES_H
| # include <sys/types.h>
| #endif
| #ifdef HAVE_SYS_STAT_H
| # include <sys/stat.h>
| #endif
| #ifdef STDC_HEADERS
| # include <stdlib.h>
| # include <stddef.h>
| #else
| # ifdef HAVE_STDLIB_H
| #  include <stdlib.h>
| # endif
| #endif
| #ifdef HAVE_STRING_H
| # if !defined STDC_HEADERS && defined HAVE_MEMORY_H
| #  include <memory.h>
| # endif
| # include <string.h>
| #endif
| #ifdef HAVE_STRINGS_H
| # include <strings.h>
| #endif
| #ifdef HAVE_INTTYPES_H
| # include <inttypes.h>
| #endif
| #ifdef HAVE_STDINT_H
| # include <stdint.h>
| #endif
| #ifdef HAVE_UNISTD_H
| # include <unistd.h>
| #endif
| #if HAVE_SYS_TYPES_H
| #include <sys/types.h>
| #endif
| #include <sys/ptrace.h>
| 
| 
| int
| main ()
| {
| #ifndef PT_GETREGS
| #ifdef __cplusplus
|   (void) PT_GETREGS;
| #else
|   (void) PT_GETREGS;
| #endif
| #endif
| 
|   ;
|   return 0;
| }
configure:16635: result: no
configure:16651: checking whether PT_GETFPREGS is declared
configure:16651: gcc -c -g -O2  -D_GNU_SOURCE conftest.c >&5
conftest.c: In function 'main':
conftest.c:92:10: error: 'PT_GETFPREGS' undeclared (first use in this function)
   (void) PT_GETFPREGS;
          ^~~~~~~~~~~~
conftest.c:92:10: note: each undeclared identifier is reported only once for each function it appears in
configure:16651: $? = 1
configure: failed program was:
| /* confdefs.h */
| #define PACKAGE_NAME "libunwind"
| #define PACKAGE_TARNAME "libunwind"
| #define PACKAGE_VERSION "1.3.1"
| #define PACKAGE_STRING "libunwind 1.3.1"
| #define PACKAGE_BUGREPORT "libunwind-devel@nongnu.org"
| #define PACKAGE_URL ""
| #define PACKAGE "libunwind"
| #define VERSION "1.3.1"
| #define STDC_HEADERS 1
| #define HAVE_SYS_TYPES_H 1
| #define HAVE_SYS_STAT_H 1
| #define HAVE_STDLIB_H 1
| #define HAVE_STRING_H 1
| #define HAVE_MEMORY_H 1
| #define HAVE_STRINGS_H 1
| #define HAVE_INTTYPES_H 1
| #define HAVE_STDINT_H 1
| #define HAVE_UNISTD_H 1
| #define HAVE_DLFCN_H 1
| #define LT_OBJDIR ".libs/"
| #define STDC_HEADERS 1
| #define HAVE_ENDIAN_H 1
| #define HAVE_EXECINFO_H 1
| #define HAVE_UNISTD_H 1
| #define HAVE_SIGNAL_H 1
| #define HAVE_SYS_TYPES_H 1
| #define HAVE_SYS_PROCFS_H 1
| #define HAVE_SYS_PTRACE_H 1
| #define HAVE_BYTESWAP_H 1
| #define HAVE_ELF_H 1
| #define HAVE_LINK_H 1
| #define SIZEOF_OFF_T 8
| #define HAVE_STRUCT_DL_PHDR_INFO_DLPI_SUBS 1
| #define HAVE_STRUCT_ELF_PRSTATUS 1
| #define HAVE_DECL_PTRACE_POKEUSER 1
| #define HAVE_DECL_PTRACE_POKEDATA 1
| #define HAVE_DECL_PTRACE_SETREGSET 1
| #define HAVE_DECL_PTRACE_TRACEME 1
| #define HAVE_DECL_PTRACE_CONT 1
| #define HAVE_DECL_PTRACE_SINGLESTEP 1
| #define HAVE_DECL_PTRACE_SYSCALL 1
| #define HAVE_DECL_PT_IO 0
| #define HAVE_DECL_PT_GETREGS 0
| /* end confdefs.h.  */
| #include <stdio.h>
| #ifdef HAVE_SYS_TYPES_H
| # include <sys/types.h>
| #endif
| #ifdef HAVE_SYS_STAT_H
| # include <sys/stat.h>
| #endif
| #ifdef STDC_HEADERS
| # include <stdlib.h>
| # include <stddef.h>
| #else
| # ifdef HAVE_STDLIB_H
| #  include <stdlib.h>
| # endif
| #endif
| #ifdef HAVE_STRING_H
| # if !defined STDC_HEADERS && defined HAVE_MEMORY_H
| #  include <memory.h>
| # endif
| # include <string.h>
| #endif
| #ifdef HAVE_STRINGS_H
| # include <strings.h>
| #endif
| #ifdef HAVE_INTTYPES_H
| # include <inttypes.h>
| #endif
| #ifdef HAVE_STDINT_H
| # include <stdint.h>
| #endif
| #ifdef HAVE_UNISTD_H
| # include <unistd.h>
| #endif
| #if HAVE_SYS_TYPES_H
| #include <sys/types.h>
| #endif
| #include <sys/ptrace.h>
| 
| 
| int
| main ()
| {
| #ifndef PT_GETFPREGS
| #ifdef __cplusplus
|   (void) PT_GETFPREGS;
| #else
|   (void) PT_GETFPREGS;
| #endif
| #endif
| 
|   ;
|   return 0;
| }
configure:16651: result: no
configure:16667: checking whether PT_CONTINUE is declared
configure:16667: gcc -c -g -O2  -D_GNU_SOURCE conftest.c >&5
configure:16667: $? = 0
configure:16667: result: yes
configure:16683: checking whether PT_TRACE_ME is declared
configure:16683: gcc -c -g -O2  -D_GNU_SOURCE conftest.c >&5
configure:16683: $? = 0
configure:16683: result: yes
configure:16699: checking whether PT_STEP is declared
configure:16699: gcc -c -g -O2  -D_GNU_SOURCE conftest.c >&5
configure:16699: $? = 0
configure:16699: result: yes
configure:16715: checking whether PT_SYSCALL is declared
configure:16715: gcc -c -g -O2  -D_GNU_SOURCE conftest.c >&5
configure:16715: $? = 0
configure:16715: result: yes
configure:16737: checking for dl_iterate_phdr
configure:16737: gcc -o conftest -g -O2  -D_GNU_SOURCE  conftest.c  >&5
configure:16737: $? = 0
configure:16737: result: yes
configure:16737: checking for dl_phdr_removals_counter
configure:16737: gcc -o conftest -g -O2  -D_GNU_SOURCE  conftest.c  >&5
/tmp/ccnpQ3On.o: In function `main':
/gpfs/alpine/scratch/ssinghal/csc299/Dynamic_workflow_management/tau-2.28.1/libunwind-1.3.1/conftest.c:86: undefined reference to `dl_phdr_removals_counter'
/usr/bin/ld: link errors found, deleting executable `conftest'
collect2: error: ld returned 1 exit status
configure:16737: $? = 1
configure: failed program was:
| /* confdefs.h */
| #define PACKAGE_NAME "libunwind"
| #define PACKAGE_TARNAME "libunwind"
| #define PACKAGE_VERSION "1.3.1"
| #define PACKAGE_STRING "libunwind 1.3.1"
| #define PACKAGE_BUGREPORT "libunwind-devel@nongnu.org"
| #define PACKAGE_URL ""
| #define PACKAGE "libunwind"
| #define VERSION "1.3.1"
| #define STDC_HEADERS 1
| #define HAVE_SYS_TYPES_H 1
| #define HAVE_SYS_STAT_H 1
| #define HAVE_STDLIB_H 1
| #define HAVE_STRING_H 1
| #define HAVE_MEMORY_H 1
| #define HAVE_STRINGS_H 1
| #define HAVE_INTTYPES_H 1
| #define HAVE_STDINT_H 1
| #define HAVE_UNISTD_H 1
| #define HAVE_DLFCN_H 1
| #define LT_OBJDIR ".libs/"
| #define STDC_HEADERS 1
| #define HAVE_ENDIAN_H 1
| #define HAVE_EXECINFO_H 1
| #define HAVE_UNISTD_H 1
| #define HAVE_SIGNAL_H 1
| #define HAVE_SYS_TYPES_H 1
| #define HAVE_SYS_PROCFS_H 1
| #define HAVE_SYS_PTRACE_H 1
| #define HAVE_BYTESWAP_H 1
| #define HAVE_ELF_H 1
| #define HAVE_LINK_H 1
| #define SIZEOF_OFF_T 8
| #define HAVE_STRUCT_DL_PHDR_INFO_DLPI_SUBS 1
| #define HAVE_STRUCT_ELF_PRSTATUS 1
| #define HAVE_DECL_PTRACE_POKEUSER 1
| #define HAVE_DECL_PTRACE_POKEDATA 1
| #define HAVE_DECL_PTRACE_SETREGSET 1
| #define HAVE_DECL_PTRACE_TRACEME 1
| #define HAVE_DECL_PTRACE_CONT 1
| #define HAVE_DECL_PTRACE_SINGLESTEP 1
| #define HAVE_DECL_PTRACE_SYSCALL 1
| #define HAVE_DECL_PT_IO 0
| #define HAVE_DECL_PT_GETREGS 0
| #define HAVE_DECL_PT_GETFPREGS 0
| #define HAVE_DECL_PT_CONTINUE 1
| #define HAVE_DECL_PT_TRACE_ME 1
| #define HAVE_DECL_PT_STEP 1
| #define HAVE_DECL_PT_SYSCALL 1
| #define HAVE_DL_ITERATE_PHDR 1
| /* end confdefs.h.  */
| /* Define dl_phdr_removals_counter to an innocuous variant, in case <limits.h> declares dl_phdr_removals_counter.
|    For example, HP-UX 11i <limits.h> declares gettimeofday.  */
| #define dl_phdr_removals_counter innocuous_dl_phdr_removals_counter
| 
| /* System header to define __stub macros and hopefully few prototypes,
|     which can conflict with char dl_phdr_removals_counter (); below.
|     Prefer <limits.h> to <assert.h> if __STDC__ is defined, since
|     <limits.h> exists even on freestanding compilers.  */
| 
| #ifdef __STDC__
| # include <limits.h>
| #else
| # include <assert.h>
| #endif
| 
| #undef dl_phdr_removals_counter
| 
| /* Override any GCC internal prototype to avoid an error.
|    Use char because int might match the return type of a GCC
|    builtin and then its argument prototype would still apply.  */
| #ifdef __cplusplus
| extern "C"
| #endif
| char dl_phdr_removals_counter ();
| /* The GNU C library defines this for functions which it implements
|     to always fail with ENOSYS.  Some functions are actually named
|     something starting with __ and the normal name is an alias.  */
| #if defined __stub_dl_phdr_removals_counter || defined __stub___dl_phdr_removals_counter
| choke me
| #endif
| 
| int
| main ()
| {
| return dl_phdr_removals_counter ();
|   ;
|   return 0;
| }
configure:16737: result: no
configure:16737: checking for dlmodinfo
configure:16737: gcc -o conftest -g -O2  -D_GNU_SOURCE  conftest.c  >&5
/tmp/cc6NGshU.o: In function `main':
/gpfs/alpine/scratch/ssinghal/csc299/Dynamic_workflow_management/tau-2.28.1/libunwind-1.3.1/conftest.c:86: undefined reference to `dlmodinfo'
/usr/bin/ld: link errors found, deleting executable `conftest'
collect2: error: ld returned 1 exit status
configure:16737: $? = 1
configure: failed program was:
| /* confdefs.h */
| #define PACKAGE_NAME "libunwind"
| #define PACKAGE_TARNAME "libunwind"
| #define PACKAGE_VERSION "1.3.1"
| #define PACKAGE_STRING "libunwind 1.3.1"
| #define PACKAGE_BUGREPORT "libunwind-devel@nongnu.org"
| #define PACKAGE_URL ""
| #define PACKAGE "libunwind"
| #define VERSION "1.3.1"
| #define STDC_HEADERS 1
| #define HAVE_SYS_TYPES_H 1
| #define HAVE_SYS_STAT_H 1
| #define HAVE_STDLIB_H 1
| #define HAVE_STRING_H 1
| #define HAVE_MEMORY_H 1
| #define HAVE_STRINGS_H 1
| #define HAVE_INTTYPES_H 1
| #define HAVE_STDINT_H 1
| #define HAVE_UNISTD_H 1
| #define HAVE_DLFCN_H 1
| #define LT_OBJDIR ".libs/"
| #define STDC_HEADERS 1
| #define HAVE_ENDIAN_H 1
| #define HAVE_EXECINFO_H 1
| #define HAVE_UNISTD_H 1
| #define HAVE_SIGNAL_H 1
| #define HAVE_SYS_TYPES_H 1
| #define HAVE_SYS_PROCFS_H 1
| #define HAVE_SYS_PTRACE_H 1
| #define HAVE_BYTESWAP_H 1
| #define HAVE_ELF_H 1
| #define HAVE_LINK_H 1
| #define SIZEOF_OFF_T 8
| #define HAVE_STRUCT_DL_PHDR_INFO_DLPI_SUBS 1
| #define HAVE_STRUCT_ELF_PRSTATUS 1
| #define HAVE_DECL_PTRACE_POKEUSER 1
| #define HAVE_DECL_PTRACE_POKEDATA 1
| #define HAVE_DECL_PTRACE_SETREGSET 1
| #define HAVE_DECL_PTRACE_TRACEME 1
| #define HAVE_DECL_PTRACE_CONT 1
| #define HAVE_DECL_PTRACE_SINGLESTEP 1
| #define HAVE_DECL_PTRACE_SYSCALL 1
| #define HAVE_DECL_PT_IO 0
| #define HAVE_DECL_PT_GETREGS 0
| #define HAVE_DECL_PT_GETFPREGS 0
| #define HAVE_DECL_PT_CONTINUE 1
| #define HAVE_DECL_PT_TRACE_ME 1
| #define HAVE_DECL_PT_STEP 1
| #define HAVE_DECL_PT_SYSCALL 1
| #define HAVE_DL_ITERATE_PHDR 1
| /* end confdefs.h.  */
| /* Define dlmodinfo to an innocuous variant, in case <limits.h> declares dlmodinfo.
|    For example, HP-UX 11i <limits.h> declares gettimeofday.  */
| #define dlmodinfo innocuous_dlmodinfo
| 
| /* System header to define __stub macros and hopefully few prototypes,
|     which can conflict with char dlmodinfo (); below.
|     Prefer <limits.h> to <assert.h> if __STDC__ is defined, since
|     <limits.h> exists even on freestanding compilers.  */
| 
| #ifdef __STDC__
| # include <limits.h>
| #else
| # include <assert.h>
| #endif
| 
| #undef dlmodinfo
| 
| /* Override any GCC internal prototype to avoid an error.
|    Use char because int might match the return type of a GCC
|    builtin and then its argument prototype would still apply.  */
| #ifdef __cplusplus
| extern "C"
| #endif
| char dlmodinfo ();
| /* The GNU C library defines this for functions which it implements
|     to always fail with ENOSYS.  Some functions are actually named
|     something starting with __ and the normal name is an alias.  */
| #if defined __stub_dlmodinfo || defined __stub___dlmodinfo
| choke me
| #endif
| 
| int
| main ()
| {
| return dlmodinfo ();
|   ;
|   return 0;
| }
configure:16737: result: no
configure:16737: checking for getunwind
configure:16737: gcc -o conftest -g -O2  -D_GNU_SOURCE  conftest.c  >&5
/tmp/ccGAU1nj.o: In function `main':
/gpfs/alpine/scratch/ssinghal/csc299/Dynamic_workflow_management/tau-2.28.1/libunwind-1.3.1/conftest.c:86: undefined reference to `getunwind'
/usr/bin/ld: link errors found, deleting executable `conftest'
collect2: error: ld returned 1 exit status
configure:16737: $? = 1
configure: failed program was:
| /* confdefs.h */
| #define PACKAGE_NAME "libunwind"
| #define PACKAGE_TARNAME "libunwind"
| #define PACKAGE_VERSION "1.3.1"
| #define PACKAGE_STRING "libunwind 1.3.1"
| #define PACKAGE_BUGREPORT "libunwind-devel@nongnu.org"
| #define PACKAGE_URL ""
| #define PACKAGE "libunwind"
| #define VERSION "1.3.1"
| #define STDC_HEADERS 1
| #define HAVE_SYS_TYPES_H 1
| #define HAVE_SYS_STAT_H 1
| #define HAVE_STDLIB_H 1
| #define HAVE_STRING_H 1
| #define HAVE_MEMORY_H 1
| #define HAVE_STRINGS_H 1
| #define HAVE_INTTYPES_H 1
| #define HAVE_STDINT_H 1
| #define HAVE_UNISTD_H 1
| #define HAVE_DLFCN_H 1
| #define LT_OBJDIR ".libs/"
| #define STDC_HEADERS 1
| #define HAVE_ENDIAN_H 1
| #define HAVE_EXECINFO_H 1
| #define HAVE_UNISTD_H 1
| #define HAVE_SIGNAL_H 1
| #define HAVE_SYS_TYPES_H 1
| #define HAVE_SYS_PROCFS_H 1
| #define HAVE_SYS_PTRACE_H 1
| #define HAVE_BYTESWAP_H 1
| #define HAVE_ELF_H 1
| #define HAVE_LINK_H 1
| #define SIZEOF_OFF_T 8
| #define HAVE_STRUCT_DL_PHDR_INFO_DLPI_SUBS 1
| #define HAVE_STRUCT_ELF_PRSTATUS 1
| #define HAVE_DECL_PTRACE_POKEUSER 1
| #define HAVE_DECL_PTRACE_POKEDATA 1
| #define HAVE_DECL_PTRACE_SETREGSET 1
| #define HAVE_DECL_PTRACE_TRACEME 1
| #define HAVE_DECL_PTRACE_CONT 1
| #define HAVE_DECL_PTRACE_SINGLESTEP 1
| #define HAVE_DECL_PTRACE_SYSCALL 1
| #define HAVE_DECL_PT_IO 0
| #define HAVE_DECL_PT_GETREGS 0
| #define HAVE_DECL_PT_GETFPREGS 0
| #define HAVE_DECL_PT_CONTINUE 1
| #define HAVE_DECL_PT_TRACE_ME 1
| #define HAVE_DECL_PT_STEP 1
| #define HAVE_DECL_PT_SYSCALL 1
| #define HAVE_DL_ITERATE_PHDR 1
| /* end confdefs.h.  */
| /* Define getunwind to an innocuous variant, in case <limits.h> declares getunwind.
|    For example, HP-UX 11i <limits.h> declares gettimeofday.  */
| #define getunwind innocuous_getunwind
| 
| /* System header to define __stub macros and hopefully few prototypes,
|     which can conflict with char getunwind (); below.
|     Prefer <limits.h> to <assert.h> if __STDC__ is defined, since
|     <limits.h> exists even on freestanding compilers.  */
| 
| #ifdef __STDC__
| # include <limits.h>
| #else
| # include <assert.h>
| #endif
| 
| #undef getunwind
| 
| /* Override any GCC internal prototype to avoid an error.
|    Use char because int might match the return type of a GCC
|    builtin and then its argument prototype would still apply.  */
| #ifdef __cplusplus
| extern "C"
| #endif
| char getunwind ();
| /* The GNU C library defines this for functions which it implements
|     to always fail with ENOSYS.  Some functions are actually named
|     something starting with __ and the normal name is an alias.  */
| #if defined __stub_getunwind || defined __stub___getunwind
| choke me
| #endif
| 
| int
| main ()
| {
| return getunwind ();
|   ;
|   return 0;
| }
configure:16737: result: no
configure:16737: checking for ttrace
configure:16737: gcc -o conftest -g -O2  -D_GNU_SOURCE  conftest.c  >&5
/tmp/ccIuBHmR.o: In function `main':
/gpfs/alpine/scratch/ssinghal/csc299/Dynamic_workflow_management/tau-2.28.1/libunwind-1.3.1/conftest.c:86: undefined reference to `ttrace'
/usr/bin/ld: link errors found, deleting executable `conftest'
collect2: error: ld returned 1 exit status
configure:16737: $? = 1
configure: failed program was:
| /* confdefs.h */
| #define PACKAGE_NAME "libunwind"
| #define PACKAGE_TARNAME "libunwind"
| #define PACKAGE_VERSION "1.3.1"
| #define PACKAGE_STRING "libunwind 1.3.1"
| #define PACKAGE_BUGREPORT "libunwind-devel@nongnu.org"
| #define PACKAGE_URL ""
| #define PACKAGE "libunwind"
| #define VERSION "1.3.1"
| #define STDC_HEADERS 1
| #define HAVE_SYS_TYPES_H 1
| #define HAVE_SYS_STAT_H 1
| #define HAVE_STDLIB_H 1
| #define HAVE_STRING_H 1
| #define HAVE_MEMORY_H 1
| #define HAVE_STRINGS_H 1
| #define HAVE_INTTYPES_H 1
| #define HAVE_STDINT_H 1
| #define HAVE_UNISTD_H 1
| #define HAVE_DLFCN_H 1
| #define LT_OBJDIR ".libs/"
| #define STDC_HEADERS 1
| #define HAVE_ENDIAN_H 1
| #define HAVE_EXECINFO_H 1
| #define HAVE_UNISTD_H 1
| #define HAVE_SIGNAL_H 1
| #define HAVE_SYS_TYPES_H 1
| #define HAVE_SYS_PROCFS_H 1
| #define HAVE_SYS_PTRACE_H 1
| #define HAVE_BYTESWAP_H 1
| #define HAVE_ELF_H 1
| #define HAVE_LINK_H 1
| #define SIZEOF_OFF_T 8
| #define HAVE_STRUCT_DL_PHDR_INFO_DLPI_SUBS 1
| #define HAVE_STRUCT_ELF_PRSTATUS 1
| #define HAVE_DECL_PTRACE_POKEUSER 1
| #define HAVE_DECL_PTRACE_POKEDATA 1
| #define HAVE_DECL_PTRACE_SETREGSET 1
| #define HAVE_DECL_PTRACE_TRACEME 1
| #define HAVE_DECL_PTRACE_CONT 1
| #define HAVE_DECL_PTRACE_SINGLESTEP 1
| #define HAVE_DECL_PTRACE_SYSCALL 1
| #define HAVE_DECL_PT_IO 0
| #define HAVE_DECL_PT_GETREGS 0
| #define HAVE_DECL_PT_GETFPREGS 0
| #define HAVE_DECL_PT_CONTINUE 1
| #define HAVE_DECL_PT_TRACE_ME 1
| #define HAVE_DECL_PT_STEP 1
| #define HAVE_DECL_PT_SYSCALL 1
| #define HAVE_DL_ITERATE_PHDR 1
| /* end confdefs.h.  */
| /* Define ttrace to an innocuous variant, in case <limits.h> declares ttrace.
|    For example, HP-UX 11i <limits.h> declares gettimeofday.  */
| #define ttrace innocuous_ttrace
| 
| /* System header to define __stub macros and hopefully few prototypes,
|     which can conflict with char ttrace (); below.
|     Prefer <limits.h> to <assert.h> if __STDC__ is defined, since
|     <limits.h> exists even on freestanding compilers.  */
| 
| #ifdef __STDC__
| # include <limits.h>
| #else
| # include <assert.h>
| #endif
| 
| #undef ttrace
| 
| /* Override any GCC internal prototype to avoid an error.
|    Use char because int might match the return type of a GCC
|    builtin and then its argument prototype would still apply.  */
| #ifdef __cplusplus
| extern "C"
| #endif
| char ttrace ();
| /* The GNU C library defines this for functions which it implements
|     to always fail with ENOSYS.  Some functions are actually named
|     something starting with __ and the normal name is an alias.  */
| #if defined __stub_ttrace || defined __stub___ttrace
| choke me
| #endif
| 
| int
| main ()
| {
| return ttrace ();
|   ;
|   return 0;
| }
configure:16737: result: no
configure:16737: checking for mincore
configure:16737: gcc -o conftest -g -O2  -D_GNU_SOURCE  conftest.c  >&5
configure:16737: $? = 0
configure:16737: result: yes
configure:16747: checking if building with AltiVec
configure:16757: gcc -c -g -O2  -D_GNU_SOURCE conftest.c >&5
configure:16757: $? = 0
configure:16771: result: yes
configure:16782: gcc -c -g -O2  -D_GNU_SOURCE conftest.c >&5
configure:16782: $? = 0
configure:16864: checking for Android
configure:16874: result: no
configure:16893: checking if we should build libunwind-coredump
configure:16895: result: no
configure:16902: checking for sys/ptrace.h
configure:16902: result: yes
configure:16914: checking if we should build libunwind-ptrace
configure:16916: result: yes
configure:16948: checking if we should build libunwind-setjmp
configure:16950: result: yes
configure:16953: checking for build architecture
configure:16955: result: ppc64
configure:16957: checking for host architecture
configure:16959: result: ppc64
configure:16961: checking for target architecture
configure:16963: result: ppc64
configure:16965: checking for target operating system
configure:16967: result: linux-gnu
configure:17131: checking for ELF helper width
configure:17136: result: 64
configure:17167: checking whether to include DWARF support
configure:17182: result: yes
configure:17187: PowerPC64 detected, lib will be installed ${exec_prefix}/lib64
configure:17192: checking whether to restrict build to remote support
configure:17200: result: no
configure:17203: checking whether to enable debug support
configure:17215: result: 
configure:17218: checking whether to enable C++ exception support
configure:17246: result: yes
configure:17249: checking whether to load .debug_frame sections
configure:17268: result: no
configure:17271: checking whether to block signals during mutex ops
configure:17285: result: yes
configure:17288: checking whether to validate memory addresses before use
configure:17302: result: yes
configure:17305: checking whether to enable msabi support
configure:17317: result: 
configure:17321: checking whether to support LZMA-compressed symbol tables
configure:17330: result: auto
configure:17333: checking for lzma_mf_is_supported in -llzma
configure:17358: gcc -o conftest -g -O2  -D_GNU_SOURCE -DNDEBUG  conftest.c -llzma   >&5
configure:17358: $? = 0
configure:17367: result: yes
configure:17395: checking whether to support UNW_CACHE_PER_THREAD
configure:17402: result: 
configure:17448: checking for Intel compiler
configure:17463: gcc -c -g -O2  -D_GNU_SOURCE -DNDEBUG conftest.c >&5
conftest.c: In function 'main':
conftest.c:61:2: error: #error choke me
 #error choke me
  ^~~~~
configure:17463: $? = 1
configure: failed program was:
| /* confdefs.h */
| #define PACKAGE_NAME "libunwind"
| #define PACKAGE_TARNAME "libunwind"
| #define PACKAGE_VERSION "1.3.1"
| #define PACKAGE_STRING "libunwind 1.3.1"
| #define PACKAGE_BUGREPORT "libunwind-devel@nongnu.org"
| #define PACKAGE_URL ""
| #define PACKAGE "libunwind"
| #define VERSION "1.3.1"
| #define STDC_HEADERS 1
| #define HAVE_SYS_TYPES_H 1
| #define HAVE_SYS_STAT_H 1
| #define HAVE_STDLIB_H 1
| #define HAVE_STRING_H 1
| #define HAVE_MEMORY_H 1
| #define HAVE_STRINGS_H 1
| #define HAVE_INTTYPES_H 1
| #define HAVE_STDINT_H 1
| #define HAVE_UNISTD_H 1
| #define HAVE_DLFCN_H 1
| #define LT_OBJDIR ".libs/"
| #define STDC_HEADERS 1
| #define HAVE_ENDIAN_H 1
| #define HAVE_EXECINFO_H 1
| #define HAVE_UNISTD_H 1
| #define HAVE_SIGNAL_H 1
| #define HAVE_SYS_TYPES_H 1
| #define HAVE_SYS_PROCFS_H 1
| #define HAVE_SYS_PTRACE_H 1
| #define HAVE_BYTESWAP_H 1
| #define HAVE_ELF_H 1
| #define HAVE_LINK_H 1
| #define SIZEOF_OFF_T 8
| #define HAVE_STRUCT_DL_PHDR_INFO_DLPI_SUBS 1
| #define HAVE_STRUCT_ELF_PRSTATUS 1
| #define HAVE_DECL_PTRACE_POKEUSER 1
| #define HAVE_DECL_PTRACE_POKEDATA 1
| #define HAVE_DECL_PTRACE_SETREGSET 1
| #define HAVE_DECL_PTRACE_TRACEME 1
| #define HAVE_DECL_PTRACE_CONT 1
| #define HAVE_DECL_PTRACE_SINGLESTEP 1
| #define HAVE_DECL_PTRACE_SYSCALL 1
| #define HAVE_DECL_PT_IO 0
| #define HAVE_DECL_PT_GETREGS 0
| #define HAVE_DECL_PT_GETFPREGS 0
| #define HAVE_DECL_PT_CONTINUE 1
| #define HAVE_DECL_PT_TRACE_ME 1
| #define HAVE_DECL_PT_STEP 1
| #define HAVE_DECL_PT_SYSCALL 1
| #define HAVE_DL_ITERATE_PHDR 1
| #define HAVE_MINCORE 1
| #define CONFIG_BLOCK_SIGNALS /**/
| #define CONSERVATIVE_CHECKS 1
| #define HAVE_LZMA 1
| /* end confdefs.h.  */
| 
| int
| main ()
| {
| #ifndef __INTEL_COMPILER
| #error choke me
| #endif
|   ;
|   return 0;
| }
configure:17473: result: no
configure:17476: checking for QCC compiler
configure:17484: result: no
configure:17528: checking for __builtin___clear_cache
configure:17541: gcc -o conftest -g -O2 -fexceptions -Wall -Wsign-compare  -D_GNU_SOURCE -DNDEBUG  conftest.c  >&5
configure:17541: $? = 0
configure:17553: result: yes
configure:17556: checking for __builtin_unreachable
configure:17569: gcc -o conftest -g -O2 -fexceptions -Wall -Wsign-compare  -D_GNU_SOURCE -DNDEBUG  conftest.c  >&5
configure:17569: $? = 0
configure:17581: result: yes
configure:17584: checking for __sync atomics
configure:17600: gcc -o conftest -g -O2 -fexceptions -Wall -Wsign-compare  -D_GNU_SOURCE -DNDEBUG  conftest.c  >&5
configure:17600: $? = 0
configure:17612: result: yes
configure:17627: checking for library containing backtrace
configure:17658: gcc -o conftest -g -O2 -fexceptions -Wall -Wsign-compare  -D_GNU_SOURCE -DNDEBUG  conftest.c  >&5
configure:17658: $? = 0
configure:17675: result: none required
configure:17708: checking for latex2man
configure:17741: result: no
configure:17747: WARNING: latex2man not found. Install latex2man. Disabling docs.
configure:17891: checking that generated files are newer than configure
configure:17897: result: done
configure:18048: creating ./config.status

## ---------------------- ##
## Running config.status. ##
## ---------------------- ##

This file was extended by libunwind config.status 1.3.1, which was
generated by GNU Autoconf 2.69.  Invocation command line was

  CONFIG_FILES    = 
  CONFIG_HEADERS  = 
  CONFIG_LINKS    = 
  CONFIG_COMMANDS = 
  $ ./config.status 

on login3

config.status:1278: creating tests/Makefile
config.status:1278: creating tests/check-namespace.sh
config.status:1278: creating Makefile
config.status:1278: creating src/Makefile
config.status:1278: creating include/libunwind-common.h
config.status:1278: creating include/libunwind.h
config.status:1278: creating include/tdep/libunwind_i.h
config.status:1278: creating src/unwind/libunwind.pc
config.status:1278: creating src/coredump/libunwind-coredump.pc
config.status:1278: creating src/ptrace/libunwind-ptrace.pc
config.status:1278: creating src/setjmp/libunwind-setjmp.pc
config.status:1278: creating src/libunwind-generic.pc
config.status:1278: creating include/config.h
config.status:1507: executing depfiles commands
config.status:1507: executing libtool commands

## ---------------- ##
## Cache variables. ##
## ---------------- ##

ac_cv_build=powerpc64le-unknown-linux-gnu
ac_cv_c_compiler_gnu=yes
ac_cv_c_const=yes
ac_cv_c_inline=inline
ac_cv_cxx_compiler_gnu=yes
ac_cv_env_CCASFLAGS_set=
ac_cv_env_CCASFLAGS_value=
ac_cv_env_CCAS_set=
ac_cv_env_CCAS_value=
ac_cv_env_CCC_set=
ac_cv_env_CCC_value=
ac_cv_env_CC_set=set
ac_cv_env_CC_value=gcc
ac_cv_env_CFLAGS_set=
ac_cv_env_CFLAGS_value=
ac_cv_env_CPPFLAGS_set=
ac_cv_env_CPPFLAGS_value=
ac_cv_env_CPP_set=
ac_cv_env_CPP_value=
ac_cv_env_CXXCPP_set=
ac_cv_env_CXXCPP_value=
ac_cv_env_CXXFLAGS_set=
ac_cv_env_CXXFLAGS_value=
ac_cv_env_CXX_set=set
ac_cv_env_CXX_value=g++
ac_cv_env_LDFLAGS_set=
ac_cv_env_LDFLAGS_value=
ac_cv_env_LIBS_set=
ac_cv_env_LIBS_value=
ac_cv_env_build_alias_set=
ac_cv_env_build_alias_value=
ac_cv_env_host_alias_set=
ac_cv_env_host_alias_value=
ac_cv_env_target_alias_set=
ac_cv_env_target_alias_value=
ac_cv_func_dl_iterate_phdr=yes
ac_cv_func_dl_phdr_removals_counter=no
ac_cv_func_dlmodinfo=no
ac_cv_func_getunwind=no
ac_cv_func_mincore=yes
ac_cv_func_ttrace=no
ac_cv_have_decl_PTRACE_CONT=yes
ac_cv_have_decl_PTRACE_POKEDATA=yes
ac_cv_have_decl_PTRACE_POKEUSER=yes
ac_cv_have_decl_PTRACE_SETREGSET=yes
ac_cv_have_decl_PTRACE_SINGLESTEP=yes
ac_cv_have_decl_PTRACE_SYSCALL=yes
ac_cv_have_decl_PTRACE_TRACEME=yes
ac_cv_have_decl_PT_CONTINUE=yes
ac_cv_have_decl_PT_GETFPREGS=no
ac_cv_have_decl_PT_GETREGS=no
ac_cv_have_decl_PT_IO=no
ac_cv_have_decl_PT_STEP=yes
ac_cv_have_decl_PT_SYSCALL=yes
ac_cv_have_decl_PT_TRACE_ME=yes
ac_cv_header_asm_ptrace_offsets_h=no
ac_cv_header_atomic_ops_h=no
ac_cv_header_byteswap_h=yes
ac_cv_header_dlfcn_h=yes
ac_cv_header_elf_h=yes
ac_cv_header_endian_h=yes
ac_cv_header_execinfo_h=yes
ac_cv_header_ia64intrin_h=no
ac_cv_header_inttypes_h=yes
ac_cv_header_link_h=yes
ac_cv_header_memory_h=yes
ac_cv_header_signal_h=yes
ac_cv_header_stdc=yes
ac_cv_header_stdint_h=yes
ac_cv_header_stdlib_h=yes
ac_cv_header_string_h=yes
ac_cv_header_strings_h=yes
ac_cv_header_sys_elf_h=no
ac_cv_header_sys_endian_h=no
ac_cv_header_sys_link_h=no
ac_cv_header_sys_procfs_h=yes
ac_cv_header_sys_ptrace_h=yes
ac_cv_header_sys_stat_h=yes
ac_cv_header_sys_types_h=yes
ac_cv_header_sys_uc_access_h=no
ac_cv_header_unistd_h=yes
ac_cv_host=powerpc64le-unknown-linux-gnu
ac_cv_lib_lzma_lzma_mf_is_supported=yes
ac_cv_lib_uca___uc_get_grs=no
ac_cv_member_struct_dl_phdr_info_dlpi_subs=yes
ac_cv_objext=o
ac_cv_path_EGREP='/usr/bin/grep -E'
ac_cv_path_FGREP='/usr/bin/grep -F'
ac_cv_path_GREP=/usr/bin/grep
ac_cv_path_SED=/usr/bin/sed
ac_cv_path_install='/usr/bin/install -c'
ac_cv_path_mkdir=/usr/bin/mkdir
ac_cv_prog_AWK=gawk
ac_cv_prog_CPP='gcc -E'
ac_cv_prog_CXXCPP='g++ -E'
ac_cv_prog_ac_ct_AR=ar
ac_cv_prog_ac_ct_CC=gcc
ac_cv_prog_ac_ct_OBJDUMP=objdump
ac_cv_prog_ac_ct_RANLIB=ranlib
ac_cv_prog_ac_ct_STRIP=strip
ac_cv_prog_cc_c89=
ac_cv_prog_cc_g=yes
ac_cv_prog_cc_gcc_c_o=yes
ac_cv_prog_cxx_g=yes
ac_cv_prog_make_make_set=yes
ac_cv_search_backtrace='none required'
ac_cv_search_dlopen=-ldl
ac_cv_sizeof_off_t=8
ac_cv_target=powerpc64le-unknown-linux-gnu
ac_cv_type_size_t=yes
ac_cv_type_struct_elf_prstatus=yes
ac_cv_type_struct_prstatus=no
am_cv_CCAS_dependencies_compiler_type=gcc3
am_cv_CC_dependencies_compiler_type=gcc3
am_cv_CXX_dependencies_compiler_type=gcc3
am_cv_ar_interface=ar
am_cv_make_support_nested_variables=yes
lt_cv_ar_at_file=@
lt_cv_archive_cmds_need_lc=no
lt_cv_deplibs_check_method=pass_all
lt_cv_file_magic_cmd='$MAGIC_CMD'
lt_cv_file_magic_test_file=
lt_cv_ld_reload_flag=-r
lt_cv_nm_interface='BSD nm'
lt_cv_objdir=.libs
lt_cv_path_LD=/sw/summit/xalt/1.2.0/bin/ld
lt_cv_path_LDCXX='/sw/summit/xalt/1.2.0/bin/ld -m elf64ppc'
lt_cv_path_NM='/usr/bin/nm -B'
lt_cv_path_mainfest_tool=no
lt_cv_prog_compiler_c_o=yes
lt_cv_prog_compiler_c_o_CXX=yes
lt_cv_prog_compiler_pic='-fPIC -DPIC'
lt_cv_prog_compiler_pic_CXX='-fPIC -DPIC'
lt_cv_prog_compiler_pic_works=yes
lt_cv_prog_compiler_pic_works_CXX=yes
lt_cv_prog_compiler_rtti_exceptions=no
lt_cv_prog_compiler_static_works=no
lt_cv_prog_compiler_static_works_CXX=no
lt_cv_prog_gnu_ld=yes
lt_cv_prog_gnu_ldcxx=yes
lt_cv_sharedlib_from_linklib_cmd='printf %s\n'
lt_cv_shlibpath_overrides_runpath=no
lt_cv_sys_global_symbol_pipe='sed -n -e '\''s/^.*[	 ]\([ABCDGIRSTW][ABCDGIRSTW]*\)[	 ][	 ]*\([_A-Za-z][_A-Za-z0-9]*\)$/\1 \2 \2/p'\'' | sed '\''/ __gnu_lto/d'\'''
lt_cv_sys_global_symbol_to_c_name_address='sed -n -e '\''s/^: \([^ ]*\)[ ]*$/  {\"\1\", (void *) 0},/p'\'' -e '\''s/^[ABCDGIRSTW]* \([^ ]*\) \([^ ]*\)$/  {"\2", (void *) \&\2},/p'\'''
lt_cv_sys_global_symbol_to_c_name_address_lib_prefix='sed -n -e '\''s/^: \([^ ]*\)[ ]*$/  {\"\1\", (void *) 0},/p'\'' -e '\''s/^[ABCDGIRSTW]* \([^ ]*\) \(lib[^ ]*\)$/  {"\2", (void *) \&\2},/p'\'' -e '\''s/^[ABCDGIRSTW]* \([^ ]*\) \([^ ]*\)$/  {"lib\2", (void *) \&\2},/p'\'''
lt_cv_sys_global_symbol_to_cdecl='sed -n -e '\''s/^T .* \(.*\)$/extern int \1();/p'\'' -e '\''s/^[ABCDGIRSTW]* .* \(.*\)$/extern char \1;/p'\'''
lt_cv_sys_max_cmd_len=1572864
lt_cv_to_host_file_cmd=func_convert_file_noop
lt_cv_to_tool_file_cmd=func_convert_file_noop

## ----------------- ##
## Output variables. ##
## ----------------- ##

ACLOCAL='${SHELL} /gpfs/alpine/scratch/ssinghal/csc299/Dynamic_workflow_management/tau-2.28.1/libunwind-1.3.1/config/missing aclocal-1.13'
AMDEPBACKSLASH='\'
AMDEP_FALSE='#'
AMDEP_TRUE=''
AMTAR='$${TAR-tar}'
AM_BACKSLASH='\'
AM_DEFAULT_V='$(AM_DEFAULT_VERBOSITY)'
AM_DEFAULT_VERBOSITY='1'
AM_V='$(V)'
AR='ar'
ARCH='PPC64'
ARCH_AARCH64_FALSE=''
ARCH_AARCH64_TRUE='#'
ARCH_ARM_FALSE=''
ARCH_ARM_TRUE='#'
ARCH_HPPA_FALSE=''
ARCH_HPPA_TRUE='#'
ARCH_IA64_FALSE=''
ARCH_IA64_TRUE='#'
ARCH_MIPS_FALSE=''
ARCH_MIPS_TRUE='#'
ARCH_PPC32_FALSE=''
ARCH_PPC32_TRUE='#'
ARCH_PPC64_FALSE='#'
ARCH_PPC64_TRUE=''
ARCH_SH_FALSE=''
ARCH_SH_TRUE='#'
ARCH_TILEGX_FALSE=''
ARCH_TILEGX_TRUE='#'
ARCH_X86_64_FALSE=''
ARCH_X86_64_TRUE='#'
ARCH_X86_FALSE=''
ARCH_X86_TRUE='#'
AUTOCONF='${SHELL} /gpfs/alpine/scratch/ssinghal/csc299/Dynamic_workflow_management/tau-2.28.1/libunwind-1.3.1/config/missing autoconf'
AUTOHEADER='${SHELL} /gpfs/alpine/scratch/ssinghal/csc299/Dynamic_workflow_management/tau-2.28.1/libunwind-1.3.1/config/missing autoheader'
AUTOMAKE='${SHELL} /gpfs/alpine/scratch/ssinghal/csc299/Dynamic_workflow_management/tau-2.28.1/libunwind-1.3.1/config/missing automake-1.13'
AWK='gawk'
BACKTRACELIB=''
BUILD_COREDUMP_FALSE=''
BUILD_COREDUMP_TRUE='#'
BUILD_PTRACE_FALSE='#'
BUILD_PTRACE_TRUE=''
BUILD_SETJMP_FALSE='#'
BUILD_SETJMP_TRUE=''
CC='gcc'
CCAS='gcc'
CCASDEPMODE='depmode=gcc3'
CCASFLAGS='-g -O2  -D_GNU_SOURCE -DNDEBUG'
CCDEPMODE='depmode=gcc3'
CFLAGS='-g -O2 -fexceptions -Wall -Wsign-compare'
CONFIG_DOCS_FALSE=''
CONFIG_DOCS_TRUE='#'
CONFIG_TESTS_FALSE='#'
CONFIG_TESTS_TRUE=''
CPP='gcc -E'
CPPFLAGS=' -D_GNU_SOURCE -DNDEBUG'
CXX='g++'
CXXCPP='g++ -E'
CXXDEPMODE='depmode=gcc3'
CXXFLAGS='-g -O2'
CYGPATH_W='echo'
DEFS='-DHAVE_CONFIG_H'
DEPDIR='.deps'
DLLIB='-ldl'
DLLTOOL='false'
DSYMUTIL=''
DUMPBIN=''
ECHO_C=''
ECHO_N='-n'
ECHO_T=''
EGREP='/usr/bin/grep -E'
EXEEXT=''
FGREP='/usr/bin/grep -F'
GREP='/usr/bin/grep'
HAVE_LZMA_FALSE='#'
HAVE_LZMA_TRUE=''
INSTALL_DATA='${INSTALL} -m 644'
INSTALL_PROGRAM='${INSTALL}'
INSTALL_SCRIPT='${INSTALL}'
INSTALL_STRIP_PROGRAM='$(install_sh) -c -s'
LATEX2MAN=''
LD='/sw/summit/xalt/1.2.0/bin/ld -m elf64ppc'
LDFLAGS=''
LDFLAGS_NOSTARTFILES='-XCClinker -nostartfiles'
LDFLAGS_STATIC_LIBCXA=''
LIBCRTS='-lgcc_s'
LIBLZMA='-llzma'
LIBOBJS=''
LIBS=''
LIBTOOL='$(SHELL) $(top_builddir)/libtool'
LIPO=''
LN_S='ln -s'
LTLIBOBJS=''
MAINT='#'
MAINTAINER_MODE_FALSE=''
MAINTAINER_MODE_TRUE='#'
MAKEINFO='${SHELL} /gpfs/alpine/scratch/ssinghal/csc299/Dynamic_workflow_management/tau-2.28.1/libunwind-1.3.1/config/missing makeinfo'
MANIFEST_TOOL=':'
MKDIR_P='/usr/bin/mkdir -p'
NM='/usr/bin/nm -B'
NMEDIT=''
NO_PTRACE_TEST_FALSE=''
NO_PTRACE_TEST_TRUE='#'
OBJDUMP='objdump'
OBJEXT='o'
OS_FREEBSD_FALSE=''
OS_FREEBSD_TRUE='#'
OS_HPUX_FALSE=''
OS_HPUX_TRUE='#'
OS_LINUX_FALSE='#'
OS_LINUX_TRUE=''
OS_QNX_FALSE=''
OS_QNX_TRUE='#'
OTOOL64=''
OTOOL=''
PACKAGE='libunwind'
PACKAGE_BUGREPORT='libunwind-devel@nongnu.org'
PACKAGE_NAME='libunwind'
PACKAGE_STRING='libunwind 1.3.1'
PACKAGE_TARNAME='libunwind'
PACKAGE_URL=''
PACKAGE_VERSION='1.3.1'
PATH_SEPARATOR=':'
PKG_EXTRA='1'
PKG_MAINTAINER='libunwind-devel@nongnu.org'
PKG_MAJOR='1'
PKG_MINOR='3'
RANLIB='ranlib'
REMOTE_ONLY_FALSE=''
REMOTE_ONLY_TRUE='#'
SED='/usr/bin/sed'
SET_MAKE=''
SHELL='/bin/sh'
STRIP='strip'
SUPPORT_CXX_EXCEPTIONS_FALSE='#'
SUPPORT_CXX_EXCEPTIONS_TRUE=''
USE_ALTIVEC_FALSE='#'
USE_ALTIVEC_TRUE=''
USE_DWARF_FALSE='#'
USE_DWARF_TRUE=''
USE_ELF32_FALSE=''
USE_ELF32_TRUE='#'
USE_ELF64_FALSE='#'
USE_ELF64_TRUE=''
USE_ELFXX_FALSE=''
USE_ELFXX_TRUE='#'
VERSION='1.3.1'
ac_ct_AR='ar'
ac_ct_CC='gcc'
ac_ct_CXX=''
ac_ct_DUMPBIN=''
am__EXEEXT_FALSE=''
am__EXEEXT_TRUE='#'
am__fastdepCCAS_FALSE='#'
am__fastdepCCAS_TRUE=''
am__fastdepCC_FALSE='#'
am__fastdepCC_TRUE=''
am__fastdepCXX_FALSE='#'
am__fastdepCXX_TRUE=''
am__include='include'
am__isrc=''
am__leading_dot='.'
am__nodep='_no'
am__quote=''
am__tar='$${TAR-tar} chof - "$$tardir"'
am__untar='$${TAR-tar} xf -'
arch='ppc64'
bindir='${exec_prefix}/bin'
build='powerpc64le-unknown-linux-gnu'
build_alias=''
build_arch='ppc64'
build_cpu='powerpc64le'
build_os='linux-gnu'
build_vendor='unknown'
datadir='${datarootdir}'
datarootdir='${prefix}/share'
docdir='${datarootdir}/doc/${PACKAGE_TARNAME}'
dvidir='${docdir}'
enable_cxx_exceptions='yes'
enable_debug_frame='no'
exec_prefix='${prefix}'
host='powerpc64le-unknown-linux-gnu'
host_alias=''
host_cpu='powerpc64le'
host_os='linux-gnu'
host_vendor='unknown'
htmldir='${docdir}'
includedir='${prefix}/include'
infodir='${datarootdir}/info'
install_sh='${SHELL} /gpfs/alpine/scratch/ssinghal/csc299/Dynamic_workflow_management/tau-2.28.1/libunwind-1.3.1/config/install-sh'
libdir='${exec_prefix}/lib64'
libexecdir='${exec_prefix}/libexec'
localedir='${datarootdir}/locale'
localstatedir='${prefix}/var'
mandir='${datarootdir}/man'
mkdir_p='$(MKDIR_P)'
oldincludedir='/usr/include'
pdfdir='${docdir}'
prefix='/ccs/home/ssinghal/tau2-install/2.8/gcc/ibm64linux/libunwind-1.3.1-gcc'
program_transform_name='s,x,x,'
psdir='${docdir}'
sbindir='${exec_prefix}/sbin'
sharedstatedir='${prefix}/com'
sysconfdir='${prefix}/etc'
target='powerpc64le-unknown-linux-gnu'
target_alias=''
target_cpu='powerpc64le'
target_os='linux-gnu'
target_vendor='unknown'

## ----------- ##
## confdefs.h. ##
## ----------- ##

/* confdefs.h */
#define PACKAGE_NAME "libunwind"
#define PACKAGE_TARNAME "libunwind"
#define PACKAGE_VERSION "1.3.1"
#define PACKAGE_STRING "libunwind 1.3.1"
#define PACKAGE_BUGREPORT "libunwind-devel@nongnu.org"
#define PACKAGE_URL ""
#define PACKAGE "libunwind"
#define VERSION "1.3.1"
#define STDC_HEADERS 1
#define HAVE_SYS_TYPES_H 1
#define HAVE_SYS_STAT_H 1
#define HAVE_STDLIB_H 1
#define HAVE_STRING_H 1
#define HAVE_MEMORY_H 1
#define HAVE_STRINGS_H 1
#define HAVE_INTTYPES_H 1
#define HAVE_STDINT_H 1
#define HAVE_UNISTD_H 1
#define HAVE_DLFCN_H 1
#define LT_OBJDIR ".libs/"
#define STDC_HEADERS 1
#define HAVE_ENDIAN_H 1
#define HAVE_EXECINFO_H 1
#define HAVE_UNISTD_H 1
#define HAVE_SIGNAL_H 1
#define HAVE_SYS_TYPES_H 1
#define HAVE_SYS_PROCFS_H 1
#define HAVE_SYS_PTRACE_H 1
#define HAVE_BYTESWAP_H 1
#define HAVE_ELF_H 1
#define HAVE_LINK_H 1
#define SIZEOF_OFF_T 8
#define HAVE_STRUCT_DL_PHDR_INFO_DLPI_SUBS 1
#define HAVE_STRUCT_ELF_PRSTATUS 1
#define HAVE_DECL_PTRACE_POKEUSER 1
#define HAVE_DECL_PTRACE_POKEDATA 1
#define HAVE_DECL_PTRACE_SETREGSET 1
#define HAVE_DECL_PTRACE_TRACEME 1
#define HAVE_DECL_PTRACE_CONT 1
#define HAVE_DECL_PTRACE_SINGLESTEP 1
#define HAVE_DECL_PTRACE_SYSCALL 1
#define HAVE_DECL_PT_IO 0
#define HAVE_DECL_PT_GETREGS 0
#define HAVE_DECL_PT_GETFPREGS 0
#define HAVE_DECL_PT_CONTINUE 1
#define HAVE_DECL_PT_TRACE_ME 1
#define HAVE_DECL_PT_STEP 1
#define HAVE_DECL_PT_SYSCALL 1
#define HAVE_DL_ITERATE_PHDR 1
#define HAVE_MINCORE 1
#define CONFIG_BLOCK_SIGNALS /**/
#define CONSERVATIVE_CHECKS 1
#define HAVE_LZMA 1
#define HAVE__BUILTIN___CLEAR_CACHE 1
#define HAVE__BUILTIN_UNREACHABLE 1
#define HAVE_SYNC_ATOMICS 1

configure: exit 0
