Making install in src
make[1]: Entering directory `/gpfs/alpine/csc299/scratch/ssinghal/Dynamic_workflow_management/tau-2.28.1/libunwind-1.3.1/src'
make  install-am
make[2]: Entering directory `/gpfs/alpine/csc299/scratch/ssinghal/Dynamic_workflow_management/tau-2.28.1/libunwind-1.3.1/src'
make[3]: Entering directory `/gpfs/alpine/csc299/scratch/ssinghal/Dynamic_workflow_management/tau-2.28.1/libunwind-1.3.1/src'
 /usr/bin/mkdir -p '/ccs/home/ssinghal/tau2-install/2.8/gcc/ibm64linux/libunwind-1.3.1-gcc/lib64'
 /bin/sh ../libtool   --mode=install /usr/bin/install -c   libunwind.la libunwind-ptrace.la libunwind-ppc64.la libunwind-setjmp.la '/ccs/home/ssinghal/tau2-install/2.8/gcc/ibm64linux/libunwind-1.3.1-gcc/lib64'
libtool: install: /usr/bin/install -c .libs/libunwind.so.8.0.1 /ccs/home/ssinghal/tau2-install/2.8/gcc/ibm64linux/libunwind-1.3.1-gcc/lib64/libunwind.so.8.0.1
libtool: install: (cd /ccs/home/ssinghal/tau2-install/2.8/gcc/ibm64linux/libunwind-1.3.1-gcc/lib64 && { ln -s -f libunwind.so.8.0.1 libunwind.so.8 || { rm -f libunwind.so.8 && ln -s libunwind.so.8.0.1 libunwind.so.8; }; })
libtool: install: (cd /ccs/home/ssinghal/tau2-install/2.8/gcc/ibm64linux/libunwind-1.3.1-gcc/lib64 && { ln -s -f libunwind.so.8.0.1 libunwind.so || { rm -f libunwind.so && ln -s libunwind.so.8.0.1 libunwind.so; }; })
libtool: install: /usr/bin/install -c .libs/libunwind.lai /ccs/home/ssinghal/tau2-install/2.8/gcc/ibm64linux/libunwind-1.3.1-gcc/lib64/libunwind.la
libtool: install: /usr/bin/install -c .libs/libunwind-ptrace.so.0.0.0 /ccs/home/ssinghal/tau2-install/2.8/gcc/ibm64linux/libunwind-1.3.1-gcc/lib64/libunwind-ptrace.so.0.0.0
libtool: install: (cd /ccs/home/ssinghal/tau2-install/2.8/gcc/ibm64linux/libunwind-1.3.1-gcc/lib64 && { ln -s -f libunwind-ptrace.so.0.0.0 libunwind-ptrace.so.0 || { rm -f libunwind-ptrace.so.0 && ln -s libunwind-ptrace.so.0.0.0 libunwind-ptrace.so.0; }; })
libtool: install: (cd /ccs/home/ssinghal/tau2-install/2.8/gcc/ibm64linux/libunwind-1.3.1-gcc/lib64 && { ln -s -f libunwind-ptrace.so.0.0.0 libunwind-ptrace.so || { rm -f libunwind-ptrace.so && ln -s libunwind-ptrace.so.0.0.0 libunwind-ptrace.so; }; })
libtool: install: /usr/bin/install -c .libs/libunwind-ptrace.lai /ccs/home/ssinghal/tau2-install/2.8/gcc/ibm64linux/libunwind-1.3.1-gcc/lib64/libunwind-ptrace.la
libtool: install: warning: relinking `libunwind-ppc64.la'
libtool: install: (cd /gpfs/alpine/scratch/ssinghal/csc299/Dynamic_workflow_management/tau-2.28.1/libunwind-1.3.1/src; /bin/sh /gpfs/alpine/scratch/ssinghal/csc299/Dynamic_workflow_management/tau-2.28.1/libunwind-1.3.1/libtool  --tag CC --mode=relink gcc -g -O2 -fexceptions -Wall -Wsign-compare -XCClinker -nostartfiles -version-info 8:1:0 -o libunwind-ppc64.la -rpath /ccs/home/ssinghal/tau2-install/2.8/gcc/ibm64linux/libunwind-1.3.1-gcc/lib64 os-linux.lo mi/init.lo mi/flush_cache.lo mi/mempool.lo mi/strerror.lo ppc64/is_fpreg.lo ppc64/regname.lo ppc64/get_func_addr.lo mi/Gdyn-extract.lo mi/Gdyn-remote.lo mi/Gfind_dynamic_proc_info.lo mi/Gget_accessors.lo mi/Gget_proc_info_by_ip.lo mi/Gget_proc_name.lo mi/Gput_dynamic_unwind_info.lo mi/Gdestroy_addr_space.lo mi/Gget_reg.lo mi/Gset_reg.lo mi/Gget_fpreg.lo mi/Gset_fpreg.lo mi/Gset_caching_policy.lo mi/Gset_cache_size.lo ppc/Gget_proc_info.lo ppc/Gget_save_loc.lo ppc/Ginit_local.lo ppc/Ginit_remote.lo ppc/Gis_signal_frame.lo ppc64/Gapply_reg_state.lo ppc64/Greg_states_iterate.lo ppc64/Gcreate_addr_space.lo ppc64/Gglobal.lo ppc64/Ginit.lo ppc64/Gregs.lo ppc64/Gresume.lo ppc64/Gstep.lo libunwind-dwarf-generic.la libunwind-elf64.la libunwind.la -lc )
libtool: relink: gcc -shared  -fPIC -DPIC  .libs/os-linux.o mi/.libs/init.o mi/.libs/flush_cache.o mi/.libs/mempool.o mi/.libs/strerror.o ppc64/.libs/is_fpreg.o ppc64/.libs/regname.o ppc64/.libs/get_func_addr.o mi/.libs/Gdyn-extract.o mi/.libs/Gdyn-remote.o mi/.libs/Gfind_dynamic_proc_info.o mi/.libs/Gget_accessors.o mi/.libs/Gget_proc_info_by_ip.o mi/.libs/Gget_proc_name.o mi/.libs/Gput_dynamic_unwind_info.o mi/.libs/Gdestroy_addr_space.o mi/.libs/Gget_reg.o mi/.libs/Gset_reg.o mi/.libs/Gget_fpreg.o mi/.libs/Gset_fpreg.o mi/.libs/Gset_caching_policy.o mi/.libs/Gset_cache_size.o ppc/.libs/Gget_proc_info.o ppc/.libs/Gget_save_loc.o ppc/.libs/Ginit_local.o ppc/.libs/Ginit_remote.o ppc/.libs/Gis_signal_frame.o ppc64/.libs/Gapply_reg_state.o ppc64/.libs/Greg_states_iterate.o ppc64/.libs/Gcreate_addr_space.o ppc64/.libs/Gglobal.o ppc64/.libs/Ginit.o ppc64/.libs/Gregs.o ppc64/.libs/Gresume.o ppc64/.libs/Gstep.o  -Wl,--whole-archive ./.libs/libunwind-dwarf-generic.a ./.libs/libunwind-elf64.a -Wl,--no-whole-archive  -Wl,-rpath -Wl,/ccs/home/ssinghal/tau2-install/2.8/gcc/ibm64linux/libunwind-1.3.1-gcc/lib64 -L/ccs/home/ssinghal/tau2-install/2.8/gcc/ibm64linux/libunwind-1.3.1-gcc/lib64 -lunwind -lgcc_s -llzma -lc  -O2 -nostartfiles   -Wl,-soname -Wl,libunwind-ppc64.so.8 -o .libs/libunwind-ppc64.so.8.0.1
libtool: install: /usr/bin/install -c .libs/libunwind-ppc64.so.8.0.1T /ccs/home/ssinghal/tau2-install/2.8/gcc/ibm64linux/libunwind-1.3.1-gcc/lib64/libunwind-ppc64.so.8.0.1
libtool: install: (cd /ccs/home/ssinghal/tau2-install/2.8/gcc/ibm64linux/libunwind-1.3.1-gcc/lib64 && { ln -s -f libunwind-ppc64.so.8.0.1 libunwind-ppc64.so.8 || { rm -f libunwind-ppc64.so.8 && ln -s libunwind-ppc64.so.8.0.1 libunwind-ppc64.so.8; }; })
libtool: install: (cd /ccs/home/ssinghal/tau2-install/2.8/gcc/ibm64linux/libunwind-1.3.1-gcc/lib64 && { ln -s -f libunwind-ppc64.so.8.0.1 libunwind-ppc64.so || { rm -f libunwind-ppc64.so && ln -s libunwind-ppc64.so.8.0.1 libunwind-ppc64.so; }; })
libtool: install: /usr/bin/install -c .libs/libunwind-ppc64.lai /ccs/home/ssinghal/tau2-install/2.8/gcc/ibm64linux/libunwind-1.3.1-gcc/lib64/libunwind-ppc64.la
libtool: install: warning: relinking `libunwind-setjmp.la'
libtool: install: (cd /gpfs/alpine/scratch/ssinghal/csc299/Dynamic_workflow_management/tau-2.28.1/libunwind-1.3.1/src; /bin/sh /gpfs/alpine/scratch/ssinghal/csc299/Dynamic_workflow_management/tau-2.28.1/libunwind-1.3.1/libtool  --tag CC --mode=relink gcc -g -O2 -fexceptions -Wall -Wsign-compare -XCClinker -nostartfiles -version-info 0:0:0 -o libunwind-setjmp.la -rpath /ccs/home/ssinghal/tau2-install/2.8/gcc/ibm64linux/libunwind-1.3.1-gcc/lib64 setjmp/longjmp.lo setjmp/siglongjmp.lo ppc/longjmp.lo ppc/siglongjmp.lo libunwind-elf64.la libunwind-ppc64.la libunwind.la -lc )
libtool: relink: gcc -shared  -fPIC -DPIC  setjmp/.libs/longjmp.o setjmp/.libs/siglongjmp.o ppc/.libs/longjmp.o ppc/.libs/siglongjmp.o  -Wl,--whole-archive ./.libs/libunwind-elf64.a -Wl,--no-whole-archive  -Wl,-rpath -Wl,/ccs/home/ssinghal/tau2-install/2.8/gcc/ibm64linux/libunwind-1.3.1-gcc/lib64 -L/gpfs/alpine/scratch/ssinghal/csc299/Dynamic_workflow_management/tau-2.28.1/libunwind-1.3.1/src/.libs -L/ccs/home/ssinghal/tau2-install/2.8/gcc/ibm64linux/libunwind-1.3.1-gcc/lib64 -lunwind-ppc64 -lunwind -lgcc_s -llzma -lc  -O2 -nostartfiles   -Wl,-soname -Wl,libunwind-setjmp.so.0 -o .libs/libunwind-setjmp.so.0.0.0
libtool: install: /usr/bin/install -c .libs/libunwind-setjmp.so.0.0.0T /ccs/home/ssinghal/tau2-install/2.8/gcc/ibm64linux/libunwind-1.3.1-gcc/lib64/libunwind-setjmp.so.0.0.0
libtool: install: (cd /ccs/home/ssinghal/tau2-install/2.8/gcc/ibm64linux/libunwind-1.3.1-gcc/lib64 && { ln -s -f libunwind-setjmp.so.0.0.0 libunwind-setjmp.so.0 || { rm -f libunwind-setjmp.so.0 && ln -s libunwind-setjmp.so.0.0.0 libunwind-setjmp.so.0; }; })
libtool: install: (cd /ccs/home/ssinghal/tau2-install/2.8/gcc/ibm64linux/libunwind-1.3.1-gcc/lib64 && { ln -s -f libunwind-setjmp.so.0.0.0 libunwind-setjmp.so || { rm -f libunwind-setjmp.so && ln -s libunwind-setjmp.so.0.0.0 libunwind-setjmp.so; }; })
libtool: install: /usr/bin/install -c .libs/libunwind-setjmp.lai /ccs/home/ssinghal/tau2-install/2.8/gcc/ibm64linux/libunwind-1.3.1-gcc/lib64/libunwind-setjmp.la
libtool: install: /usr/bin/install -c .libs/libunwind.a /ccs/home/ssinghal/tau2-install/2.8/gcc/ibm64linux/libunwind-1.3.1-gcc/lib64/libunwind.a
libtool: install: chmod 644 /ccs/home/ssinghal/tau2-install/2.8/gcc/ibm64linux/libunwind-1.3.1-gcc/lib64/libunwind.a
libtool: install: ranlib /ccs/home/ssinghal/tau2-install/2.8/gcc/ibm64linux/libunwind-1.3.1-gcc/lib64/libunwind.a
libtool: install: /usr/bin/install -c .libs/libunwind-ptrace.a /ccs/home/ssinghal/tau2-install/2.8/gcc/ibm64linux/libunwind-1.3.1-gcc/lib64/libunwind-ptrace.a
libtool: install: chmod 644 /ccs/home/ssinghal/tau2-install/2.8/gcc/ibm64linux/libunwind-1.3.1-gcc/lib64/libunwind-ptrace.a
libtool: install: ranlib /ccs/home/ssinghal/tau2-install/2.8/gcc/ibm64linux/libunwind-1.3.1-gcc/lib64/libunwind-ptrace.a
libtool: install: /usr/bin/install -c .libs/libunwind-ppc64.a /ccs/home/ssinghal/tau2-install/2.8/gcc/ibm64linux/libunwind-1.3.1-gcc/lib64/libunwind-ppc64.a
libtool: install: chmod 644 /ccs/home/ssinghal/tau2-install/2.8/gcc/ibm64linux/libunwind-1.3.1-gcc/lib64/libunwind-ppc64.a
libtool: install: ranlib /ccs/home/ssinghal/tau2-install/2.8/gcc/ibm64linux/libunwind-1.3.1-gcc/lib64/libunwind-ppc64.a
libtool: install: /usr/bin/install -c .libs/libunwind-setjmp.a /ccs/home/ssinghal/tau2-install/2.8/gcc/ibm64linux/libunwind-1.3.1-gcc/lib64/libunwind-setjmp.a
libtool: install: chmod 644 /ccs/home/ssinghal/tau2-install/2.8/gcc/ibm64linux/libunwind-1.3.1-gcc/lib64/libunwind-setjmp.a
libtool: install: ranlib /ccs/home/ssinghal/tau2-install/2.8/gcc/ibm64linux/libunwind-1.3.1-gcc/lib64/libunwind-setjmp.a
libtool: finish: PATH="/gpfs/alpine/csc299/scratch/ssinghal/Dynamic_workflow_management/rmonitor:/gpfs/alpine/csc299/scratch/ssinghal/Dynamic_workflow_management/rmonitor/bin:/gpfs/alpine/csc299/scratch/ssinghal/Dynamic_workflow_management/rmonitor/include:/sw/sources/lsf-tools/2.0/summit/bin:/sw/summit/xalt/1.2.0/bin:/autofs/nccs-svm1_sw/summit/.swci/1-compute/opt/spack/20180914/linux-rhel7-ppc64le/gcc-6.4.0/kokkos-3.0.00-nd2jho65xryrafyrakewx7lmjh7vtg3t/bin:/autofs/nccs-svm1_sw/summit/.swci/1-compute/opt/spack/20180914/linux-rhel7-ppc64le/gcc-6.4.0/kokkos-nvcc-wrapper-20200221-2k5mir5wxjpoyvdkwaotm2sy74oj2cvs/bin:/gpfs/alpine/csc299/scratch/ssinghal/cheetah/dynamic_cheetah:/gpfs/alpine/csc299/scratch/ssinghal/cheetah/dynamic_cheetah/bin:/gpfs/alpine/csc299/scratch/ssinghal/cheetah/dynamic_cheetah/include:/ccs/home/ssinghal/vtk-install:/ccs/home/ssinghal/vtk-install/include:/ccs/home/ssinghal/vtk-install/bin:/ccs/home/ssinghal/vtkm-install:/ccs/home/ssinghal/vtkm-install/include:/ccs/home/ssinghal/vtkm-install/include/vtkm-1.3:/ccs/home/ssinghal/vtkm-install/bin:/ccs/home/ssinghal/tau2-install/gcc/x86_64:/ccs/home/ssinghal/tau2-install/gcc/x86_64/include:/ccs/home/ssinghal/tau2-install/gcc/x86_64/bin:/ccs/home/ssinghal/papi_install:/ccs/home/ssinghal/papi_install/include:/ccs/home/ssinghal/papi_install/bin:/ccs/home/ssinghal/zfp-install:/ccs/home/ssinghal/zfp-install/include:/ccs/home/ssinghal/zfp-install/bin:/ccs/home/ssinghal/ADIOS2-install/lib/python3.7/site-packages:/sw/summit/xalt/1.2.0/site:/sw/summit/xalt/1.2.0/libexec:/ccs/home/ssinghal/ADIOS2-install:/ccs/home/ssinghal/ADIOS2-install/include:/ccs/home/ssinghal/ADIOS2-install/bin:/sw/summit/cuda/10.1.243/extras/CUPTI/include:/sw/summit/cuda/10.1.243/extras/CUPTI/bin:/autofs/nccs-svm1_sw/summit/.swci/1-compute/opt/spack/20180914/linux-rhel7-ppc64le/gcc-6.4.0/hdf5-1.10.4-qj7qoumocmjj2xkwbwotazo22sugeq5o/bin:/autofs/nccs-svm1_sw/summit/.swci/1-compute/opt/spack/20180914/linux-rhel7-ppc64le/gcc-6.4.0/fftw-3.3.8-7p6nny234obzuczdtyyea4t4uxej777s/bin:/sw/summit/cuda/10.1.243/bin:/autofs/nccs-svm1_sw/summit/.swci/1-compute/opt/spack/20180914/linux-rhel7-ppc64le/gcc-6.4.0/spectrum-mpi-10.3.1.2-20200121-awz2q5brde7wgdqqw4ugalrkukeub4eb/bin:/sw/summit/gcc/6.4.0/bin:/usr/bin:/usr/sbin:/sw/sources/hpss/bin:/opt/ibm/spectrumcomputing/lsf/10.1.0.9/linux3.10-glibc2.17-ppc64le-csm/etc:/opt/ibm/spectrumcomputing/lsf/10.1.0.9/linux3.10-glibc2.17-ppc64le-csm/bin:/opt/ibm/csm/bin:/usr/local/bin:/usr/local/sbin:/opt/ibm/flightlog/bin:/opt/ibutils/bin:/opt/ibm/spectrum_mpi/jsm_pmix/bin:/opt/puppetlabs/bin:/usr/lpp/mmfs/bin:/sbin" ldconfig -n /ccs/home/ssinghal/tau2-install/2.8/gcc/ibm64linux/libunwind-1.3.1-gcc/lib64
----------------------------------------------------------------------
Libraries have been installed in:
   /ccs/home/ssinghal/tau2-install/2.8/gcc/ibm64linux/libunwind-1.3.1-gcc/lib64

If you ever happen to want to link against installed libraries
in a given directory, LIBDIR, you must either use libtool, and
specify the full pathname of the library, or use the `-LLIBDIR'
flag during linking and do at least one of the following:
   - add LIBDIR to the `LD_LIBRARY_PATH' environment variable
     during execution
   - add LIBDIR to the `LD_RUN_PATH' environment variable
     during linking
   - use the `-Wl,-rpath -Wl,LIBDIR' linker flag
   - have your system administrator add LIBDIR to `/etc/ld.so.conf'

See any operating system documentation about shared libraries for
more information, such as the ld(1) and ld.so(8) manual pages.
----------------------------------------------------------------------
make  install-exec-hook
make[4]: Entering directory `/gpfs/alpine/csc299/scratch/ssinghal/Dynamic_workflow_management/tau-2.28.1/libunwind-1.3.1/src'
if test -f /ccs/home/ssinghal/tau2-install/2.8/gcc/ibm64linux/libunwind-1.3.1-gcc/lib64/libunwind-ppc64.a; then \
	cd /ccs/home/ssinghal/tau2-install/2.8/gcc/ibm64linux/libunwind-1.3.1-gcc/lib64 && ln -s -f libunwind-ppc64.a libunwind-generic.a; \
fi
if test -f /ccs/home/ssinghal/tau2-install/2.8/gcc/ibm64linux/libunwind-1.3.1-gcc/lib64/libunwind-ppc64.so; then \
	cd /ccs/home/ssinghal/tau2-install/2.8/gcc/ibm64linux/libunwind-1.3.1-gcc/lib64 && ln -s -f libunwind-ppc64.so \
	libunwind-generic.so; \
fi
make[4]: Leaving directory `/gpfs/alpine/csc299/scratch/ssinghal/Dynamic_workflow_management/tau-2.28.1/libunwind-1.3.1/src'
 /usr/bin/mkdir -p '/ccs/home/ssinghal/tau2-install/2.8/gcc/ibm64linux/libunwind-1.3.1-gcc/lib64/pkgconfig'
 /usr/bin/install -c -m 644 libunwind-generic.pc unwind/libunwind.pc ptrace/libunwind-ptrace.pc setjmp/libunwind-setjmp.pc '/ccs/home/ssinghal/tau2-install/2.8/gcc/ibm64linux/libunwind-1.3.1-gcc/lib64/pkgconfig'
make[3]: Leaving directory `/gpfs/alpine/csc299/scratch/ssinghal/Dynamic_workflow_management/tau-2.28.1/libunwind-1.3.1/src'
make[2]: Leaving directory `/gpfs/alpine/csc299/scratch/ssinghal/Dynamic_workflow_management/tau-2.28.1/libunwind-1.3.1/src'
make[1]: Leaving directory `/gpfs/alpine/csc299/scratch/ssinghal/Dynamic_workflow_management/tau-2.28.1/libunwind-1.3.1/src'
Making install in tests
make[1]: Entering directory `/gpfs/alpine/csc299/scratch/ssinghal/Dynamic_workflow_management/tau-2.28.1/libunwind-1.3.1/tests'
make[2]: Entering directory `/gpfs/alpine/csc299/scratch/ssinghal/Dynamic_workflow_management/tau-2.28.1/libunwind-1.3.1/tests'
make[2]: Nothing to be done for `install-exec-am'.
make[2]: Nothing to be done for `install-data-am'.
make[2]: Leaving directory `/gpfs/alpine/csc299/scratch/ssinghal/Dynamic_workflow_management/tau-2.28.1/libunwind-1.3.1/tests'
make[1]: Leaving directory `/gpfs/alpine/csc299/scratch/ssinghal/Dynamic_workflow_management/tau-2.28.1/libunwind-1.3.1/tests'
make[1]: Entering directory `/gpfs/alpine/csc299/scratch/ssinghal/Dynamic_workflow_management/tau-2.28.1/libunwind-1.3.1'
make[2]: Entering directory `/gpfs/alpine/csc299/scratch/ssinghal/Dynamic_workflow_management/tau-2.28.1/libunwind-1.3.1'
make[2]: Nothing to be done for `install-exec-am'.
 /usr/bin/mkdir -p '/ccs/home/ssinghal/tau2-install/2.8/gcc/ibm64linux/libunwind-1.3.1-gcc/include'
 /usr/bin/install -c -m 644 include/libunwind-dynamic.h include/libunwind-ptrace.h include/libunwind-ppc64.h include/libunwind.h include/unwind.h '/ccs/home/ssinghal/tau2-install/2.8/gcc/ibm64linux/libunwind-1.3.1-gcc/include'
 /usr/bin/mkdir -p '/ccs/home/ssinghal/tau2-install/2.8/gcc/ibm64linux/libunwind-1.3.1-gcc/include'
 /usr/bin/install -c -m 644 include/libunwind-common.h '/ccs/home/ssinghal/tau2-install/2.8/gcc/ibm64linux/libunwind-1.3.1-gcc/include'
make[2]: Leaving directory `/gpfs/alpine/csc299/scratch/ssinghal/Dynamic_workflow_management/tau-2.28.1/libunwind-1.3.1'
make[1]: Leaving directory `/gpfs/alpine/csc299/scratch/ssinghal/Dynamic_workflow_management/tau-2.28.1/libunwind-1.3.1'
